{"C:\\Users\\Alin\\Desktop\\Academia\\pruebas\\src\\middleware.ts": {"path":"C:\\Users\\Alin\\Desktop\\Academia\\pruebas\\src\\middleware.ts","statementMap":{"0":{"start":{"line":4,"column":13},"end":{"line":77,"column":null}},"1":{"start":{"line":5,"column":10},"end":{"line":5,"column":null}},"2":{"start":{"line":8,"column":31},"end":{"line":8,"column":null}},"3":{"start":{"line":10,"column":16},"end":{"line":10,"column":null}},"4":{"start":{"line":11,"column":17},"end":{"line":11,"column":null}},"5":{"start":{"line":14,"column":25},"end":{"line":14,"column":null}},"6":{"start":{"line":15,"column":17},"end":{"line":15,"column":null}},"7":{"start":{"line":17,"column":4},"end":{"line":20,"column":null}},"8":{"start":{"line":19,"column":8},"end":{"line":19,"column":null}},"9":{"start":{"line":23,"column":19},"end":{"line":23,"column":null}},"10":{"start":{"line":24,"column":4},"end":{"line":31,"column":null}},"11":{"start":{"line":25,"column":34},"end":{"line":29,"column":null}},"12":{"start":{"line":30,"column":8},"end":{"line":30,"column":null}},"13":{"start":{"line":34,"column":33},"end":{"line":43,"column":null}},"14":{"start":{"line":35,"column":8},"end":{"line":42,"column":null}},"15":{"start":{"line":37,"column":16},"end":{"line":37,"column":null}},"16":{"start":{"line":39,"column":16},"end":{"line":39,"column":null}},"17":{"start":{"line":41,"column":16},"end":{"line":41,"column":null}},"18":{"start":{"line":46,"column":4},"end":{"line":67,"column":null}},"19":{"start":{"line":47,"column":8},"end":{"line":49,"column":null}},"20":{"start":{"line":48,"column":12},"end":{"line":48,"column":null}},"21":{"start":{"line":52,"column":30},"end":{"line":52,"column":null}},"22":{"start":{"line":55,"column":8},"end":{"line":59,"column":null}},"23":{"start":{"line":56,"column":12},"end":{"line":58,"column":null}},"24":{"start":{"line":57,"column":16},"end":{"line":57,"column":null}},"25":{"start":{"line":62,"column":8},"end":{"line":66,"column":null}},"26":{"start":{"line":63,"column":12},"end":{"line":65,"column":null}},"27":{"start":{"line":64,"column":16},"end":{"line":64,"column":null}},"28":{"start":{"line":70,"column":4},"end":{"line":74,"column":null}},"29":{"start":{"line":71,"column":8},"end":{"line":73,"column":null}},"30":{"start":{"line":72,"column":12},"end":{"line":72,"column":null}},"31":{"start":{"line":76,"column":4},"end":{"line":76,"column":null}}},"fnMap":{"0":{"name":"(anonymous_0)","decl":{"start":{"line":4,"column":42},"end":{"line":4,"column":49}},"loc":{"start":{"line":4,"column":67},"end":{"line":77,"column":1}},"line":4},"1":{"name":"(anonymous_1)","decl":{"start":{"line":34,"column":33},"end":{"line":34,"column":34}},"loc":{"start":{"line":34,"column":69},"end":{"line":43,"column":null}},"line":34}},"branchMap":{"0":{"loc":{"start":{"line":17,"column":4},"end":{"line":20,"column":null}},"type":"if","locations":[{"start":{"line":17,"column":4},"end":{"line":20,"column":null}},{"start":{},"end":{}}],"line":17},"1":{"loc":{"start":{"line":24,"column":4},"end":{"line":31,"column":null}},"type":"if","locations":[{"start":{"line":24,"column":4},"end":{"line":31,"column":null}},{"start":{},"end":{}}],"line":24},"2":{"loc":{"start":{"line":30,"column":19},"end":{"line":30,"column":null}},"type":"binary-expr","locations":[{"start":{"line":30,"column":19},"end":{"line":30,"column":36}},{"start":{"line":30,"column":36},"end":{"line":30,"column":null}}],"line":30},"3":{"loc":{"start":{"line":35,"column":8},"end":{"line":42,"column":null}},"type":"switch","locations":[{"start":{"line":36,"column":12},"end":{"line":37,"column":null}},{"start":{"line":38,"column":12},"end":{"line":39,"column":null}},{"start":{"line":40,"column":12},"end":{"line":41,"column":null}}],"line":35},"4":{"loc":{"start":{"line":46,"column":4},"end":{"line":67,"column":null}},"type":"if","locations":[{"start":{"line":46,"column":4},"end":{"line":67,"column":null}},{"start":{},"end":{}}],"line":46},"5":{"loc":{"start":{"line":47,"column":8},"end":{"line":49,"column":null}},"type":"if","locations":[{"start":{"line":47,"column":8},"end":{"line":49,"column":null}},{"start":{},"end":{}}],"line":47},"6":{"loc":{"start":{"line":55,"column":8},"end":{"line":59,"column":null}},"type":"if","locations":[{"start":{"line":55,"column":8},"end":{"line":59,"column":null}},{"start":{},"end":{}}],"line":55},"7":{"loc":{"start":{"line":56,"column":12},"end":{"line":58,"column":null}},"type":"if","locations":[{"start":{"line":56,"column":12},"end":{"line":58,"column":null}},{"start":{},"end":{}}],"line":56},"8":{"loc":{"start":{"line":56,"column":16},"end":{"line":56,"column":64}},"type":"binary-expr","locations":[{"start":{"line":56,"column":16},"end":{"line":56,"column":42}},{"start":{"line":56,"column":42},"end":{"line":56,"column":64}}],"line":56},"9":{"loc":{"start":{"line":62,"column":8},"end":{"line":66,"column":null}},"type":"if","locations":[{"start":{"line":62,"column":8},"end":{"line":66,"column":null}},{"start":{},"end":{}}],"line":62},"10":{"loc":{"start":{"line":63,"column":12},"end":{"line":65,"column":null}},"type":"if","locations":[{"start":{"line":63,"column":12},"end":{"line":65,"column":null}},{"start":{},"end":{}}],"line":63},"11":{"loc":{"start":{"line":70,"column":4},"end":{"line":74,"column":null}},"type":"if","locations":[{"start":{"line":70,"column":4},"end":{"line":74,"column":null}},{"start":{},"end":{}}],"line":70},"12":{"loc":{"start":{"line":71,"column":8},"end":{"line":73,"column":null}},"type":"if","locations":[{"start":{"line":71,"column":8},"end":{"line":73,"column":null}},{"start":{},"end":{}}],"line":71}},"s":{"0":0,"1":0,"2":0,"3":0,"4":0,"5":0,"6":0,"7":0,"8":0,"9":0,"10":0,"11":0,"12":0,"13":0,"14":0,"15":0,"16":0,"17":0,"18":0,"19":0,"20":0,"21":0,"22":0,"23":0,"24":0,"25":0,"26":0,"27":0,"28":0,"29":0,"30":0,"31":0},"f":{"0":0,"1":0},"b":{"0":[0,0],"1":[0,0],"2":[0,0],"3":[0,0,0],"4":[0,0],"5":[0,0],"6":[0,0],"7":[0,0],"8":[0,0],"9":[0,0],"10":[0,0],"11":[0,0],"12":[0,0]},"meta":{"lastBranch":13,"lastFunction":2,"lastStatement":32,"seen":{"s:4:13:77:Infinity":0,"f:4:42:4:49":0,"s:5:10:5:Infinity":1,"s:8:31:8:Infinity":2,"s:10:16:10:Infinity":3,"s:11:17:11:Infinity":4,"s:14:25:14:Infinity":5,"s:15:17:15:Infinity":6,"b:17:4:20:Infinity:undefined:undefined:undefined:undefined":0,"s:17:4:20:Infinity":7,"s:19:8:19:Infinity":8,"s:23:19:23:Infinity":9,"b:24:4:31:Infinity:undefined:undefined:undefined:undefined":1,"s:24:4:31:Infinity":10,"s:25:34:29:Infinity":11,"s:30:8:30:Infinity":12,"b:30:19:30:36:30:36:30:Infinity":2,"s:34:33:43:Infinity":13,"f:34:33:34:34":1,"b:36:12:37:Infinity:38:12:39:Infinity:40:12:41:Infinity":3,"s:35:8:42:Infinity":14,"s:37:16:37:Infinity":15,"s:39:16:39:Infinity":16,"s:41:16:41:Infinity":17,"b:46:4:67:Infinity:undefined:undefined:undefined:undefined":4,"s:46:4:67:Infinity":18,"b:47:8:49:Infinity:undefined:undefined:undefined:undefined":5,"s:47:8:49:Infinity":19,"s:48:12:48:Infinity":20,"s:52:30:52:Infinity":21,"b:55:8:59:Infinity:undefined:undefined:undefined:undefined":6,"s:55:8:59:Infinity":22,"b:56:12:58:Infinity:undefined:undefined:undefined:undefined":7,"s:56:12:58:Infinity":23,"b:56:16:56:42:56:42:56:64":8,"s:57:16:57:Infinity":24,"b:62:8:66:Infinity:undefined:undefined:undefined:undefined":9,"s:62:8:66:Infinity":25,"b:63:12:65:Infinity:undefined:undefined:undefined:undefined":10,"s:63:12:65:Infinity":26,"s:64:16:64:Infinity":27,"b:70:4:74:Infinity:undefined:undefined:undefined:undefined":11,"s:70:4:74:Infinity":28,"b:71:8:73:Infinity:undefined:undefined:undefined:undefined":12,"s:71:8:73:Infinity":29,"s:72:12:72:Infinity":30,"s:76:4:76:Infinity":31}}}
,"C:\\Users\\Alin\\Desktop\\Academia\\pruebas\\src\\components\\PricingModal.tsx": {"path":"C:\\Users\\Alin\\Desktop\\Academia\\pruebas\\src\\components\\PricingModal.tsx","statementMap":{"0":{"start":{"line":42,"column":48},"end":{"line":42,"column":null}},"1":{"start":{"line":43,"column":34},"end":{"line":43,"column":null}},"2":{"start":{"line":44,"column":26},"end":{"line":44,"column":null}},"3":{"start":{"line":46,"column":4},"end":{"line":46,"column":null}},"4":{"start":{"line":46,"column":26},"end":{"line":46,"column":null}},"5":{"start":{"line":48,"column":48},"end":{"line":52,"column":null}},"6":{"start":{"line":54,"column":27},"end":{"line":56,"column":null}},"7":{"start":{"line":55,"column":8},"end":{"line":55,"column":null}},"8":{"start":{"line":58,"column":29},"end":{"line":62,"column":null}},"9":{"start":{"line":59,"column":26},"end":{"line":59,"column":null}},"10":{"start":{"line":60,"column":32},"end":{"line":60,"column":null}},"11":{"start":{"line":61,"column":8},"end":{"line":61,"column":null}},"12":{"start":{"line":64,"column":39},"end":{"line":66,"column":null}},"13":{"start":{"line":65,"column":8},"end":{"line":65,"column":null}},"14":{"start":{"line":68,"column":23},"end":{"line":74,"column":null}},"15":{"start":{"line":69,"column":8},"end":{"line":73,"column":null}},"16":{"start":{"line":70,"column":20},"end":{"line":70,"column":null}},"17":{"start":{"line":71,"column":20},"end":{"line":71,"column":null}},"18":{"start":{"line":72,"column":20},"end":{"line":72,"column":null}},"19":{"start":{"line":76,"column":27},"end":{"line":111,"column":null}},"20":{"start":{"line":77,"column":8},"end":{"line":77,"column":null}},"21":{"start":{"line":79,"column":8},"end":{"line":82,"column":null}},"22":{"start":{"line":80,"column":12},"end":{"line":80,"column":null}},"23":{"start":{"line":81,"column":12},"end":{"line":81,"column":null}},"24":{"start":{"line":84,"column":8},"end":{"line":84,"column":null}},"25":{"start":{"line":86,"column":8},"end":{"line":110,"column":null}},"26":{"start":{"line":87,"column":29},"end":{"line":94,"column":null}},"27":{"start":{"line":96,"column":25},"end":{"line":96,"column":null}},"28":{"start":{"line":98,"column":12},"end":{"line":100,"column":null}},"29":{"start":{"line":99,"column":16},"end":{"line":99,"column":null}},"30":{"start":{"line":102,"column":12},"end":{"line":104,"column":null}},"31":{"start":{"line":103,"column":16},"end":{"line":103,"column":null}},"32":{"start":{"line":106,"column":12},"end":{"line":106,"column":null}},"33":{"start":{"line":107,"column":12},"end":{"line":107,"column":null}},"34":{"start":{"line":109,"column":12},"end":{"line":109,"column":null}},"35":{"start":{"line":113,"column":60},"end":{"line":117,"column":null}},"36":{"start":{"line":119,"column":4},"end":{"line":230,"column":null}},"37":{"start":{"line":130,"column":32},"end":{"line":130,"column":null}},"38":{"start":{"line":152,"column":43},"end":{"line":152,"column":null}},"39":{"start":{"line":153,"column":40},"end":{"line":153,"column":null}},"40":{"start":{"line":154,"column":38},"end":{"line":154,"column":null}},"41":{"start":{"line":156,"column":24},"end":{"line":188,"column":null}},"42":{"start":{"line":174,"column":60},"end":{"line":174,"column":null}}},"fnMap":{"0":{"name":"PricingModal","decl":{"start":{"line":34,"column":24},"end":{"line":34,"column":37}},"loc":{"start":{"line":41,"column":22},"end":{"line":232,"column":null}},"line":41},"1":{"name":"(anonymous_1)","decl":{"start":{"line":54,"column":27},"end":{"line":54,"column":28}},"loc":{"start":{"line":54,"column":51},"end":{"line":56,"column":null}},"line":54},"2":{"name":"(anonymous_2)","decl":{"start":{"line":58,"column":29},"end":{"line":58,"column":30}},"loc":{"start":{"line":58,"column":53},"end":{"line":62,"column":null}},"line":58},"3":{"name":"(anonymous_3)","decl":{"start":{"line":64,"column":39},"end":{"line":64,"column":40}},"loc":{"start":{"line":64,"column":63},"end":{"line":66,"column":null}},"line":64},"4":{"name":"(anonymous_4)","decl":{"start":{"line":68,"column":23},"end":{"line":68,"column":24}},"loc":{"start":{"line":68,"column":55},"end":{"line":74,"column":null}},"line":68},"5":{"name":"(anonymous_5)","decl":{"start":{"line":76,"column":27},"end":{"line":76,"column":39}},"loc":{"start":{"line":76,"column":39},"end":{"line":111,"column":null}},"line":76},"6":{"name":"(anonymous_6)","decl":{"start":{"line":130,"column":25},"end":{"line":130,"column":26}},"loc":{"start":{"line":130,"column":32},"end":{"line":130,"column":null}},"line":130},"7":{"name":"(anonymous_7)","decl":{"start":{"line":151,"column":35},"end":{"line":151,"column":36}},"loc":{"start":{"line":151,"column":57},"end":{"line":190,"column":21}},"line":151},"8":{"name":"(anonymous_8)","decl":{"start":{"line":174,"column":54},"end":{"line":174,"column":60}},"loc":{"start":{"line":174,"column":60},"end":{"line":174,"column":null}},"line":174}},"branchMap":{"0":{"loc":{"start":{"line":46,"column":4},"end":{"line":46,"column":null}},"type":"if","locations":[{"start":{"line":46,"column":4},"end":{"line":46,"column":null}},{"start":{},"end":{}}],"line":46},"1":{"loc":{"start":{"line":46,"column":8},"end":{"line":46,"column":26}},"type":"binary-expr","locations":[{"start":{"line":46,"column":8},"end":{"line":46,"column":19}},{"start":{"line":46,"column":19},"end":{"line":46,"column":26}}],"line":46},"2":{"loc":{"start":{"line":69,"column":8},"end":{"line":73,"column":null}},"type":"switch","locations":[{"start":{"line":70,"column":12},"end":{"line":70,"column":null}},{"start":{"line":71,"column":12},"end":{"line":71,"column":null}},{"start":{"line":72,"column":12},"end":{"line":72,"column":null}}],"line":69},"3":{"loc":{"start":{"line":79,"column":8},"end":{"line":82,"column":null}},"type":"if","locations":[{"start":{"line":79,"column":8},"end":{"line":82,"column":null}},{"start":{},"end":{}}],"line":79},"4":{"loc":{"start":{"line":98,"column":12},"end":{"line":100,"column":null}},"type":"if","locations":[{"start":{"line":98,"column":12},"end":{"line":100,"column":null}},{"start":{},"end":{}}],"line":98},"5":{"loc":{"start":{"line":99,"column":32},"end":{"line":99,"column":61}},"type":"binary-expr","locations":[{"start":{"line":99,"column":32},"end":{"line":99,"column":46}},{"start":{"line":99,"column":46},"end":{"line":99,"column":61}}],"line":99},"6":{"loc":{"start":{"line":102,"column":12},"end":{"line":104,"column":null}},"type":"if","locations":[{"start":{"line":102,"column":12},"end":{"line":104,"column":null}},{"start":{},"end":{}}],"line":102},"7":{"loc":{"start":{"line":161,"column":38},"end":{"line":163,"column":null}},"type":"cond-expr","locations":[{"start":{"line":162,"column":42},"end":{"line":162,"column":null}},{"start":{"line":163,"column":42},"end":{"line":163,"column":null}}],"line":161},"8":{"loc":{"start":{"line":181,"column":41},"end":{"line":184,"column":null}},"type":"binary-expr","locations":[{"start":{"line":181,"column":41},"end":{"line":181,"column":null}},{"start":{"line":182,"column":44},"end":{"line":184,"column":null}}],"line":181},"9":{"loc":{"start":{"line":205,"column":17},"end":{"line":208,"column":null}},"type":"binary-expr","locations":[{"start":{"line":205,"column":17},"end":{"line":205,"column":null}},{"start":{"line":206,"column":20},"end":{"line":208,"column":null}}],"line":205},"10":{"loc":{"start":{"line":221,"column":26},"end":{"line":223,"column":null}},"type":"cond-expr","locations":[{"start":{"line":222,"column":30},"end":{"line":222,"column":null}},{"start":{"line":223,"column":30},"end":{"line":223,"column":null}}],"line":221},"11":{"loc":{"start":{"line":227,"column":21},"end":{"line":227,"column":null}},"type":"cond-expr","locations":[{"start":{"line":227,"column":33},"end":{"line":227,"column":46}},{"start":{"line":227,"column":46},"end":{"line":227,"column":null}}],"line":227},"12":{"loc":{"start":{"line":227,"column":46},"end":{"line":227,"column":null}},"type":"cond-expr","locations":[{"start":{"line":227,"column":59},"end":{"line":227,"column":72}},{"start":{"line":227,"column":72},"end":{"line":227,"column":null}}],"line":227}},"s":{"0":0,"1":0,"2":0,"3":0,"4":0,"5":0,"6":0,"7":0,"8":0,"9":0,"10":0,"11":0,"12":0,"13":0,"14":0,"15":0,"16":0,"17":0,"18":0,"19":0,"20":0,"21":0,"22":0,"23":0,"24":0,"25":0,"26":0,"27":0,"28":0,"29":0,"30":0,"31":0,"32":0,"33":0,"34":0,"35":0,"36":0,"37":0,"38":0,"39":0,"40":0,"41":0,"42":0},"f":{"0":0,"1":0,"2":0,"3":0,"4":0,"5":0,"6":0,"7":0,"8":0},"b":{"0":[0,0],"1":[0,0],"2":[0,0,0],"3":[0,0],"4":[0,0],"5":[0,0],"6":[0,0],"7":[0,0],"8":[0,0],"9":[0,0],"10":[0,0],"11":[0,0],"12":[0,0]},"meta":{"lastBranch":13,"lastFunction":9,"lastStatement":43,"seen":{"f:34:24:34:37":0,"s:42:48:42:Infinity":0,"s:43:34:43:Infinity":1,"s:44:26:44:Infinity":2,"b:46:4:46:Infinity:undefined:undefined:undefined:undefined":0,"s:46:4:46:Infinity":3,"b:46:8:46:19:46:19:46:26":1,"s:46:26:46:Infinity":4,"s:48:48:52:Infinity":5,"s:54:27:56:Infinity":6,"f:54:27:54:28":1,"s:55:8:55:Infinity":7,"s:58:29:62:Infinity":8,"f:58:29:58:30":2,"s:59:26:59:Infinity":9,"s:60:32:60:Infinity":10,"s:61:8:61:Infinity":11,"s:64:39:66:Infinity":12,"f:64:39:64:40":3,"s:65:8:65:Infinity":13,"s:68:23:74:Infinity":14,"f:68:23:68:24":4,"b:70:12:70:Infinity:71:12:71:Infinity:72:12:72:Infinity":2,"s:69:8:73:Infinity":15,"s:70:20:70:Infinity":16,"s:71:20:71:Infinity":17,"s:72:20:72:Infinity":18,"s:76:27:111:Infinity":19,"f:76:27:76:39":5,"s:77:8:77:Infinity":20,"b:79:8:82:Infinity:undefined:undefined:undefined:undefined":3,"s:79:8:82:Infinity":21,"s:80:12:80:Infinity":22,"s:81:12:81:Infinity":23,"s:84:8:84:Infinity":24,"s:86:8:110:Infinity":25,"s:87:29:94:Infinity":26,"s:96:25:96:Infinity":27,"b:98:12:100:Infinity:undefined:undefined:undefined:undefined":4,"s:98:12:100:Infinity":28,"s:99:16:99:Infinity":29,"b:99:32:99:46:99:46:99:61":5,"b:102:12:104:Infinity:undefined:undefined:undefined:undefined":6,"s:102:12:104:Infinity":30,"s:103:16:103:Infinity":31,"s:106:12:106:Infinity":32,"s:107:12:107:Infinity":33,"s:109:12:109:Infinity":34,"s:113:60:117:Infinity":35,"s:119:4:230:Infinity":36,"f:130:25:130:26":6,"s:130:32:130:Infinity":37,"f:151:35:151:36":7,"s:152:43:152:Infinity":38,"s:153:40:153:Infinity":39,"s:154:38:154:Infinity":40,"s:156:24:188:Infinity":41,"b:162:42:162:Infinity:163:42:163:Infinity":7,"f:174:54:174:60":8,"s:174:60:174:Infinity":42,"b:181:41:181:Infinity:182:44:184:Infinity":8,"b:205:17:205:Infinity:206:20:208:Infinity":9,"b:222:30:222:Infinity:223:30:223:Infinity":10,"b:227:33:227:46:227:46:227:Infinity":11,"b:227:59:227:72:227:72:227:Infinity":12}}}
,"C:\\Users\\Alin\\Desktop\\Academia\\pruebas\\src\\components\\PricingSection.tsx": {"path":"C:\\Users\\Alin\\Desktop\\Academia\\pruebas\\src\\components\\PricingSection.tsx","statementMap":{"0":{"start":{"line":55,"column":10},"end":{"line":62,"column":null}},"1":{"start":{"line":66,"column":4},"end":{"line":71,"column":null}},"2":{"start":{"line":68,"column":38},"end":{"line":68,"column":79}},"3":{"start":{"line":73,"column":40},"end":{"line":80,"column":null}},"4":{"start":{"line":81,"column":38},"end":{"line":81,"column":null}},"5":{"start":{"line":83,"column":29},"end":{"line":93,"column":null}},"6":{"start":{"line":84,"column":8},"end":{"line":91,"column":null}},"7":{"start":{"line":92,"column":8},"end":{"line":92,"column":null}},"8":{"start":{"line":96,"column":48},"end":{"line":96,"column":null}},"9":{"start":{"line":97,"column":4},"end":{"line":99,"column":null}},"10":{"start":{"line":98,"column":8},"end":{"line":98,"column":null}},"11":{"start":{"line":102,"column":23},"end":{"line":102,"column":null}},"12":{"start":{"line":102,"column":63},"end":{"line":102,"column":null}},"13":{"start":{"line":103,"column":28},"end":{"line":106,"column":null}},"14":{"start":{"line":104,"column":8},"end":{"line":104,"column":null}},"15":{"start":{"line":104,"column":18},"end":{"line":104,"column":null}},"16":{"start":{"line":105,"column":8},"end":{"line":105,"column":null}},"17":{"start":{"line":108,"column":87},"end":{"line":112,"column":null}},"18":{"start":{"line":114,"column":4},"end":{"line":208,"column":null}},"19":{"start":{"line":133,"column":40},"end":{"line":133,"column":null}},"20":{"start":{"line":134,"column":53},"end":{"line":134,"column":null}},"21":{"start":{"line":136,"column":28},"end":{"line":192,"column":null}},"22":{"start":{"line":170,"column":44},"end":{"line":170,"column":null}},"23":{"start":{"line":177,"column":59},"end":{"line":177,"column":null}},"24":{"start":{"line":202,"column":31},"end":{"line":202,"column":null}}},"fnMap":{"0":{"name":"PricingSection","decl":{"start":{"line":64,"column":24},"end":{"line":64,"column":39}},"loc":{"start":{"line":64,"column":109},"end":{"line":210,"column":null}},"line":64},"1":{"name":"(anonymous_1)","decl":{"start":{"line":68,"column":32},"end":{"line":68,"column":38}},"loc":{"start":{"line":68,"column":38},"end":{"line":68,"column":79}},"line":68},"2":{"name":"(anonymous_2)","decl":{"start":{"line":83,"column":29},"end":{"line":83,"column":30}},"loc":{"start":{"line":83,"column":47},"end":{"line":93,"column":null}},"line":83},"3":{"name":"(anonymous_3)","decl":{"start":{"line":97,"column":21},"end":{"line":97,"column":28}},"loc":{"start":{"line":97,"column":28},"end":{"line":99,"column":5}},"line":97},"4":{"name":"(anonymous_4)","decl":{"start":{"line":102,"column":23},"end":{"line":102,"column":24}},"loc":{"start":{"line":102,"column":63},"end":{"line":102,"column":null}},"line":102},"5":{"name":"(anonymous_5)","decl":{"start":{"line":103,"column":28},"end":{"line":103,"column":29}},"loc":{"start":{"line":103,"column":66},"end":{"line":106,"column":null}},"line":103},"6":{"name":"(anonymous_6)","decl":{"start":{"line":132,"column":40},"end":{"line":132,"column":41}},"loc":{"start":{"line":132,"column":79},"end":{"line":194,"column":25}},"line":132},"7":{"name":"(anonymous_7)","decl":{"start":{"line":169,"column":71},"end":{"line":169,"column":72}},"loc":{"start":{"line":170,"column":44},"end":{"line":170,"column":null}},"line":170},"8":{"name":"(anonymous_8)","decl":{"start":{"line":177,"column":53},"end":{"line":177,"column":59}},"loc":{"start":{"line":177,"column":59},"end":{"line":177,"column":null}},"line":177},"9":{"name":"(anonymous_9)","decl":{"start":{"line":202,"column":25},"end":{"line":202,"column":31}},"loc":{"start":{"line":202,"column":31},"end":{"line":202,"column":null}},"line":202}},"branchMap":{"0":{"loc":{"start":{"line":86,"column":25},"end":{"line":86,"column":null}},"type":"binary-expr","locations":[{"start":{"line":86,"column":25},"end":{"line":86,"column":51}},{"start":{"line":86,"column":51},"end":{"line":86,"column":77}},{"start":{"line":86,"column":77},"end":{"line":86,"column":null}}],"line":86},"1":{"loc":{"start":{"line":104,"column":8},"end":{"line":104,"column":null}},"type":"if","locations":[{"start":{"line":104,"column":8},"end":{"line":104,"column":null}},{"start":{},"end":{}}],"line":104},"2":{"loc":{"start":{"line":141,"column":42},"end":{"line":141,"column":70}},"type":"cond-expr","locations":[{"start":{"line":141,"column":54},"end":{"line":141,"column":64}},{"start":{"line":141,"column":64},"end":{"line":141,"column":70}}],"line":141},"3":{"loc":{"start":{"line":142,"column":53},"end":{"line":142,"column":82}},"type":"cond-expr","locations":[{"start":{"line":142,"column":65},"end":{"line":142,"column":80}},{"start":{"line":142,"column":80},"end":{"line":142,"column":82}}],"line":142},"4":{"loc":{"start":{"line":144,"column":42},"end":{"line":144,"column":72}},"type":"cond-expr","locations":[{"start":{"line":144,"column":54},"end":{"line":144,"column":70}},{"start":{"line":144,"column":70},"end":{"line":144,"column":72}}],"line":144},"5":{"loc":{"start":{"line":147,"column":37},"end":{"line":150,"column":null}},"type":"binary-expr","locations":[{"start":{"line":147,"column":37},"end":{"line":147,"column":null}},{"start":{"line":148,"column":40},"end":{"line":150,"column":null}}],"line":147},"6":{"loc":{"start":{"line":155,"column":71},"end":{"line":155,"column":106}},"type":"cond-expr","locations":[{"start":{"line":155,"column":83},"end":{"line":155,"column":96}},{"start":{"line":155,"column":96},"end":{"line":155,"column":106}}],"line":155},"7":{"loc":{"start":{"line":162,"column":76},"end":{"line":162,"column":111}},"type":"cond-expr","locations":[{"start":{"line":162,"column":88},"end":{"line":162,"column":101}},{"start":{"line":162,"column":101},"end":{"line":162,"column":111}}],"line":162},"8":{"loc":{"start":{"line":168,"column":74},"end":{"line":168,"column":113}},"type":"cond-expr","locations":[{"start":{"line":168,"column":86},"end":{"line":168,"column":100}},{"start":{"line":168,"column":100},"end":{"line":168,"column":113}}],"line":168},"9":{"loc":{"start":{"line":177,"column":59},"end":{"line":177,"column":null}},"type":"binary-expr","locations":[{"start":{"line":177,"column":59},"end":{"line":177,"column":66}},{"start":{"line":177,"column":66},"end":{"line":177,"column":null}}],"line":177},"10":{"loc":{"start":{"line":180,"column":62},"end":{"line":180,"column":89}},"type":"cond-expr","locations":[{"start":{"line":180,"column":74},"end":{"line":180,"column":83}},{"start":{"line":180,"column":83},"end":{"line":180,"column":89}}],"line":180},"11":{"loc":{"start":{"line":181,"column":50},"end":{"line":183,"column":null}},"type":"cond-expr","locations":[{"start":{"line":182,"column":54},"end":{"line":182,"column":null}},{"start":{"line":183,"column":54},"end":{"line":183,"column":null}}],"line":181}},"s":{"0":0,"1":0,"2":0,"3":0,"4":0,"5":0,"6":0,"7":0,"8":0,"9":0,"10":0,"11":0,"12":0,"13":0,"14":0,"15":0,"16":0,"17":0,"18":0,"19":0,"20":0,"21":0,"22":0,"23":0,"24":0},"f":{"0":0,"1":0,"2":0,"3":0,"4":0,"5":0,"6":0,"7":0,"8":0,"9":0},"b":{"0":[0,0,0],"1":[0,0],"2":[0,0],"3":[0,0],"4":[0,0],"5":[0,0],"6":[0,0],"7":[0,0],"8":[0,0],"9":[0,0],"10":[0,0],"11":[0,0]},"meta":{"lastBranch":12,"lastFunction":10,"lastStatement":25,"seen":{"s:55:10:62:Infinity":0,"f:64:24:64:39":0,"s:66:4:71:Infinity":1,"f:68:32:68:38":1,"s:68:38:68:79":2,"s:73:40:80:Infinity":3,"s:81:38:81:Infinity":4,"s:83:29:93:Infinity":5,"f:83:29:83:30":2,"s:84:8:91:Infinity":6,"b:86:25:86:51:86:51:86:77:86:77:86:Infinity":0,"s:92:8:92:Infinity":7,"s:96:48:96:Infinity":8,"s:97:4:99:Infinity":9,"f:97:21:97:28":3,"s:98:8:98:Infinity":10,"s:102:23:102:Infinity":11,"f:102:23:102:24":4,"s:102:63:102:Infinity":12,"s:103:28:106:Infinity":13,"f:103:28:103:29":5,"b:104:8:104:Infinity:undefined:undefined:undefined:undefined":1,"s:104:8:104:Infinity":14,"s:104:18:104:Infinity":15,"s:105:8:105:Infinity":16,"s:108:87:112:Infinity":17,"s:114:4:208:Infinity":18,"f:132:40:132:41":6,"s:133:40:133:Infinity":19,"s:134:53:134:Infinity":20,"s:136:28:192:Infinity":21,"b:141:54:141:64:141:64:141:70":2,"b:142:65:142:80:142:80:142:82":3,"b:144:54:144:70:144:70:144:72":4,"b:147:37:147:Infinity:148:40:150:Infinity":5,"b:155:83:155:96:155:96:155:106":6,"b:162:88:162:101:162:101:162:111":7,"b:168:86:168:100:168:100:168:113":8,"f:169:71:169:72":7,"s:170:44:170:Infinity":22,"f:177:53:177:59":8,"s:177:59:177:Infinity":23,"b:177:59:177:66:177:66:177:Infinity":9,"b:180:74:180:83:180:83:180:89":10,"b:182:54:182:Infinity:183:54:183:Infinity":11,"f:202:25:202:31":9,"s:202:31:202:Infinity":24}}}
,"C:\\Users\\Alin\\Desktop\\Academia\\pruebas\\src\\components\\TeacherNotes.tsx": {"path":"C:\\Users\\Alin\\Desktop\\Academia\\pruebas\\src\\components\\TeacherNotes.tsx","statementMap":{"0":{"start":{"line":14,"column":26},"end":{"line":14,"column":null}},"1":{"start":{"line":15,"column":32},"end":{"line":15,"column":null}},"2":{"start":{"line":16,"column":36},"end":{"line":16,"column":null}},"3":{"start":{"line":18,"column":23},"end":{"line":41,"column":null}},"4":{"start":{"line":19,"column":8},"end":{"line":19,"column":null}},"5":{"start":{"line":20,"column":8},"end":{"line":20,"column":null}},"6":{"start":{"line":22,"column":8},"end":{"line":40,"column":null}},"7":{"start":{"line":23,"column":29},"end":{"line":27,"column":null}},"8":{"start":{"line":29,"column":12},"end":{"line":31,"column":null}},"9":{"start":{"line":30,"column":16},"end":{"line":30,"column":null}},"10":{"start":{"line":33,"column":12},"end":{"line":33,"column":null}},"11":{"start":{"line":34,"column":12},"end":{"line":34,"column":null}},"12":{"start":{"line":34,"column":29},"end":{"line":34,"column":52}},"13":{"start":{"line":36,"column":12},"end":{"line":36,"column":null}},"14":{"start":{"line":37,"column":12},"end":{"line":37,"column":null}},"15":{"start":{"line":39,"column":12},"end":{"line":39,"column":null}},"16":{"start":{"line":43,"column":4},"end":{"line":81,"column":null}},"17":{"start":{"line":47,"column":33},"end":{"line":47,"column":null}}},"fnMap":{"0":{"name":"TeacherNotes","decl":{"start":{"line":13,"column":24},"end":{"line":13,"column":37}},"loc":{"start":{"line":13,"column":102},"end":{"line":83,"column":null}},"line":13},"1":{"name":"(anonymous_1)","decl":{"start":{"line":18,"column":23},"end":{"line":18,"column":35}},"loc":{"start":{"line":18,"column":35},"end":{"line":41,"column":null}},"line":18},"2":{"name":"(anonymous_2)","decl":{"start":{"line":34,"column":23},"end":{"line":34,"column":29}},"loc":{"start":{"line":34,"column":29},"end":{"line":34,"column":52}},"line":34},"3":{"name":"(anonymous_3)","decl":{"start":{"line":47,"column":26},"end":{"line":47,"column":27}},"loc":{"start":{"line":47,"column":33},"end":{"line":47,"column":null}},"line":47}},"branchMap":{"0":{"loc":{"start":{"line":14,"column":39},"end":{"line":14,"column":57}},"type":"binary-expr","locations":[{"start":{"line":14,"column":39},"end":{"line":14,"column":55}},{"start":{"line":14,"column":55},"end":{"line":14,"column":57}}],"line":14},"1":{"loc":{"start":{"line":29,"column":12},"end":{"line":31,"column":null}},"type":"if","locations":[{"start":{"line":29,"column":12},"end":{"line":31,"column":null}},{"start":{},"end":{}}],"line":29},"2":{"loc":{"start":{"line":60,"column":26},"end":{"line":62,"column":null}},"type":"cond-expr","locations":[{"start":{"line":61,"column":30},"end":{"line":61,"column":null}},{"start":{"line":62,"column":30},"end":{"line":62,"column":null}}],"line":60},"3":{"loc":{"start":{"line":66,"column":21},"end":{"line":66,"column":null}},"type":"cond-expr","locations":[{"start":{"line":66,"column":32},"end":{"line":66,"column":40}},{"start":{"line":66,"column":40},"end":{"line":66,"column":null}}],"line":66},"4":{"loc":{"start":{"line":69,"column":17},"end":{"line":72,"column":null}},"type":"binary-expr","locations":[{"start":{"line":69,"column":17},"end":{"line":69,"column":null}},{"start":{"line":70,"column":20},"end":{"line":72,"column":null}}],"line":69},"5":{"loc":{"start":{"line":75,"column":17},"end":{"line":78,"column":null}},"type":"binary-expr","locations":[{"start":{"line":75,"column":17},"end":{"line":75,"column":null}},{"start":{"line":76,"column":20},"end":{"line":78,"column":null}}],"line":75}},"s":{"0":0,"1":0,"2":0,"3":0,"4":0,"5":0,"6":0,"7":0,"8":0,"9":0,"10":0,"11":0,"12":0,"13":0,"14":0,"15":0,"16":0,"17":0},"f":{"0":0,"1":0,"2":0,"3":0},"b":{"0":[0,0],"1":[0,0],"2":[0,0],"3":[0,0],"4":[0,0],"5":[0,0]},"meta":{"lastBranch":6,"lastFunction":4,"lastStatement":18,"seen":{"f:13:24:13:37":0,"s:14:26:14:Infinity":0,"b:14:39:14:55:14:55:14:57":0,"s:15:32:15:Infinity":1,"s:16:36:16:Infinity":2,"s:18:23:41:Infinity":3,"f:18:23:18:35":1,"s:19:8:19:Infinity":4,"s:20:8:20:Infinity":5,"s:22:8:40:Infinity":6,"s:23:29:27:Infinity":7,"b:29:12:31:Infinity:undefined:undefined:undefined:undefined":1,"s:29:12:31:Infinity":8,"s:30:16:30:Infinity":9,"s:33:12:33:Infinity":10,"s:34:12:34:Infinity":11,"f:34:23:34:29":2,"s:34:29:34:52":12,"s:36:12:36:Infinity":13,"s:37:12:37:Infinity":14,"s:39:12:39:Infinity":15,"s:43:4:81:Infinity":16,"f:47:26:47:27":3,"s:47:33:47:Infinity":17,"b:61:30:61:Infinity:62:30:62:Infinity":2,"b:66:32:66:40:66:40:66:Infinity":3,"b:69:17:69:Infinity:70:20:72:Infinity":4,"b:75:17:75:Infinity:76:20:78:Infinity":5}}}
,"C:\\Users\\Alin\\Desktop\\Academia\\pruebas\\src\\components\\account\\ProfileForm.tsx": {"path":"C:\\Users\\Alin\\Desktop\\Academia\\pruebas\\src\\components\\account\\ProfileForm.tsx","statementMap":{"0":{"start":{"line":22,"column":18},"end":{"line":38,"column":null}},"1":{"start":{"line":40,"column":18},"end":{"line":44,"column":null}},"2":{"start":{"line":47,"column":32},"end":{"line":52,"column":null}},"3":{"start":{"line":53,"column":32},"end":{"line":53,"column":null}},"4":{"start":{"line":54,"column":36},"end":{"line":54,"column":null}},"5":{"start":{"line":56,"column":25},"end":{"line":60,"column":null}},"6":{"start":{"line":57,"column":32},"end":{"line":57,"column":null}},"7":{"start":{"line":58,"column":8},"end":{"line":58,"column":null}},"8":{"start":{"line":58,"column":29},"end":{"line":58,"column":56}},"9":{"start":{"line":59,"column":8},"end":{"line":59,"column":null}},"10":{"start":{"line":62,"column":25},"end":{"line":86,"column":null}},"11":{"start":{"line":63,"column":8},"end":{"line":63,"column":null}},"12":{"start":{"line":64,"column":8},"end":{"line":64,"column":null}},"13":{"start":{"line":65,"column":8},"end":{"line":65,"column":null}},"14":{"start":{"line":67,"column":8},"end":{"line":85,"column":null}},"15":{"start":{"line":68,"column":29},"end":{"line":72,"column":null}},"16":{"start":{"line":74,"column":12},"end":{"line":76,"column":null}},"17":{"start":{"line":75,"column":16},"end":{"line":75,"column":null}},"18":{"start":{"line":78,"column":12},"end":{"line":78,"column":null}},"19":{"start":{"line":79,"column":12},"end":{"line":79,"column":null}},"20":{"start":{"line":79,"column":29},"end":{"line":79,"column":52}},"21":{"start":{"line":81,"column":12},"end":{"line":81,"column":null}},"22":{"start":{"line":82,"column":12},"end":{"line":82,"column":null}},"23":{"start":{"line":84,"column":12},"end":{"line":84,"column":null}},"24":{"start":{"line":88,"column":4},"end":{"line":186,"column":null}},"25":{"start":{"line":144,"column":24},"end":{"line":144,"column":null}},"26":{"start":{"line":161,"column":24},"end":{"line":161,"column":null}}},"fnMap":{"0":{"name":"ProfileForm","decl":{"start":{"line":46,"column":24},"end":{"line":46,"column":36}},"loc":{"start":{"line":46,"column":84},"end":{"line":188,"column":null}},"line":46},"1":{"name":"(anonymous_1)","decl":{"start":{"line":56,"column":25},"end":{"line":56,"column":26}},"loc":{"start":{"line":56,"column":89},"end":{"line":60,"column":null}},"line":56},"2":{"name":"(anonymous_2)","decl":{"start":{"line":58,"column":20},"end":{"line":58,"column":29}},"loc":{"start":{"line":58,"column":29},"end":{"line":58,"column":56}},"line":58},"3":{"name":"(anonymous_3)","decl":{"start":{"line":62,"column":25},"end":{"line":62,"column":32}},"loc":{"start":{"line":62,"column":55},"end":{"line":86,"column":null}},"line":62},"4":{"name":"(anonymous_4)","decl":{"start":{"line":79,"column":23},"end":{"line":79,"column":29}},"loc":{"start":{"line":79,"column":29},"end":{"line":79,"column":52}},"line":79},"5":{"name":"(anonymous_5)","decl":{"start":{"line":143,"column":35},"end":{"line":143,"column":null}},"loc":{"start":{"line":144,"column":24},"end":{"line":144,"column":null}},"line":144},"6":{"name":"(anonymous_6)","decl":{"start":{"line":160,"column":35},"end":{"line":160,"column":null}},"loc":{"start":{"line":161,"column":24},"end":{"line":161,"column":null}},"line":161}},"branchMap":{"0":{"loc":{"start":{"line":48,"column":18},"end":{"line":48,"column":null}},"type":"binary-expr","locations":[{"start":{"line":48,"column":18},"end":{"line":48,"column":39}},{"start":{"line":48,"column":39},"end":{"line":48,"column":null}}],"line":48},"1":{"loc":{"start":{"line":49,"column":15},"end":{"line":49,"column":null}},"type":"binary-expr","locations":[{"start":{"line":49,"column":15},"end":{"line":49,"column":32}},{"start":{"line":49,"column":32},"end":{"line":49,"column":null}}],"line":49},"2":{"loc":{"start":{"line":50,"column":27},"end":{"line":50,"column":null}},"type":"binary-expr","locations":[{"start":{"line":50,"column":27},"end":{"line":50,"column":57}},{"start":{"line":50,"column":57},"end":{"line":50,"column":null}}],"line":50},"3":{"loc":{"start":{"line":51,"column":18},"end":{"line":51,"column":null}},"type":"binary-expr","locations":[{"start":{"line":51,"column":18},"end":{"line":51,"column":38}},{"start":{"line":51,"column":38},"end":{"line":51,"column":null}}],"line":51},"4":{"loc":{"start":{"line":74,"column":12},"end":{"line":76,"column":null}},"type":"if","locations":[{"start":{"line":74,"column":12},"end":{"line":76,"column":null}},{"start":{},"end":{}}],"line":74},"5":{"loc":{"start":{"line":171,"column":116},"end":{"line":173,"column":null}},"type":"cond-expr","locations":[{"start":{"line":172,"column":30},"end":{"line":172,"column":null}},{"start":{"line":173,"column":30},"end":{"line":173,"column":null}}],"line":171},"6":{"loc":{"start":{"line":176,"column":21},"end":{"line":176,"column":null}},"type":"cond-expr","locations":[{"start":{"line":176,"column":32},"end":{"line":176,"column":40}},{"start":{"line":176,"column":40},"end":{"line":176,"column":null}}],"line":176},"7":{"loc":{"start":{"line":179,"column":17},"end":{"line":180,"column":null}},"type":"binary-expr","locations":[{"start":{"line":179,"column":17},"end":{"line":179,"column":null}},{"start":{"line":180,"column":20},"end":{"line":180,"column":null}}],"line":179},"8":{"loc":{"start":{"line":182,"column":17},"end":{"line":183,"column":null}},"type":"binary-expr","locations":[{"start":{"line":182,"column":17},"end":{"line":182,"column":null}},{"start":{"line":183,"column":20},"end":{"line":183,"column":null}}],"line":182}},"s":{"0":0,"1":0,"2":0,"3":0,"4":0,"5":0,"6":0,"7":0,"8":0,"9":0,"10":0,"11":0,"12":0,"13":0,"14":0,"15":0,"16":0,"17":0,"18":0,"19":0,"20":0,"21":0,"22":0,"23":0,"24":0,"25":0,"26":0},"f":{"0":0,"1":0,"2":0,"3":0,"4":0,"5":0,"6":0},"b":{"0":[0,0],"1":[0,0],"2":[0,0],"3":[0,0],"4":[0,0],"5":[0,0],"6":[0,0],"7":[0,0],"8":[0,0]},"meta":{"lastBranch":9,"lastFunction":7,"lastStatement":27,"seen":{"s:22:18:38:Infinity":0,"s:40:18:44:Infinity":1,"f:46:24:46:36":0,"s:47:32:52:Infinity":2,"b:48:18:48:39:48:39:48:Infinity":0,"b:49:15:49:32:49:32:49:Infinity":1,"b:50:27:50:57:50:57:50:Infinity":2,"b:51:18:51:38:51:38:51:Infinity":3,"s:53:32:53:Infinity":3,"s:54:36:54:Infinity":4,"s:56:25:60:Infinity":5,"f:56:25:56:26":1,"s:57:32:57:Infinity":6,"s:58:8:58:Infinity":7,"f:58:20:58:29":2,"s:58:29:58:56":8,"s:59:8:59:Infinity":9,"s:62:25:86:Infinity":10,"f:62:25:62:32":3,"s:63:8:63:Infinity":11,"s:64:8:64:Infinity":12,"s:65:8:65:Infinity":13,"s:67:8:85:Infinity":14,"s:68:29:72:Infinity":15,"b:74:12:76:Infinity:undefined:undefined:undefined:undefined":4,"s:74:12:76:Infinity":16,"s:75:16:75:Infinity":17,"s:78:12:78:Infinity":18,"s:79:12:79:Infinity":19,"f:79:23:79:29":4,"s:79:29:79:52":20,"s:81:12:81:Infinity":21,"s:82:12:82:Infinity":22,"s:84:12:84:Infinity":23,"s:88:4:186:Infinity":24,"f:143:35:143:Infinity":5,"s:144:24:144:Infinity":25,"f:160:35:160:Infinity":6,"s:161:24:161:Infinity":26,"b:172:30:172:Infinity:173:30:173:Infinity":5,"b:176:32:176:40:176:40:176:Infinity":6,"b:179:17:179:Infinity:180:20:180:Infinity":7,"b:182:17:182:Infinity:183:20:183:Infinity":8}}}
,"C:\\Users\\Alin\\Desktop\\Academia\\pruebas\\src\\components\\admin\\AssignTeacherButton.tsx": {"path":"C:\\Users\\Alin\\Desktop\\Academia\\pruebas\\src\\components\\admin\\AssignTeacherButton.tsx","statementMap":{"0":{"start":{"line":36,"column":38},"end":{"line":36,"column":null}},"1":{"start":{"line":38,"column":4},"end":{"line":56,"column":null}},"2":{"start":{"line":41,"column":31},"end":{"line":41,"column":null}},"3":{"start":{"line":49,"column":31},"end":{"line":49,"column":null}}},"fnMap":{"0":{"name":"AssignTeacherButton","decl":{"start":{"line":28,"column":24},"end":{"line":28,"column":44}},"loc":{"start":{"line":35,"column":29},"end":{"line":58,"column":null}},"line":35},"1":{"name":"(anonymous_1)","decl":{"start":{"line":41,"column":25},"end":{"line":41,"column":31}},"loc":{"start":{"line":41,"column":31},"end":{"line":41,"column":null}},"line":41},"2":{"name":"(anonymous_2)","decl":{"start":{"line":49,"column":25},"end":{"line":49,"column":31}},"loc":{"start":{"line":49,"column":31},"end":{"line":49,"column":null}},"line":49}},"branchMap":{},"s":{"0":0,"1":0,"2":0,"3":0},"f":{"0":0,"1":0,"2":0},"b":{},"meta":{"lastBranch":0,"lastFunction":3,"lastStatement":4,"seen":{"f:28:24:28:44":0,"s:36:38:36:Infinity":0,"s:38:4:56:Infinity":1,"f:41:25:41:31":1,"s:41:31:41:Infinity":2,"f:49:25:49:31":2,"s:49:31:49:Infinity":3}}}
,"C:\\Users\\Alin\\Desktop\\Academia\\pruebas\\src\\components\\admin\\AssignTeacherModal.tsx": {"path":"C:\\Users\\Alin\\Desktop\\Academia\\pruebas\\src\\components\\admin\\AssignTeacherModal.tsx","statementMap":{"0":{"start":{"line":37,"column":50},"end":{"line":37,"column":null}},"1":{"start":{"line":38,"column":34},"end":{"line":38,"column":null}},"2":{"start":{"line":39,"column":34},"end":{"line":39,"column":null}},"3":{"start":{"line":40,"column":30},"end":{"line":40,"column":null}},"4":{"start":{"line":42,"column":4},"end":{"line":42,"column":null}},"5":{"start":{"line":42,"column":17},"end":{"line":42,"column":null}},"6":{"start":{"line":44,"column":25},"end":{"line":75,"column":null}},"7":{"start":{"line":45,"column":8},"end":{"line":45,"column":null}},"8":{"start":{"line":45,"column":32},"end":{"line":45,"column":null}},"9":{"start":{"line":47,"column":8},"end":{"line":47,"column":null}},"10":{"start":{"line":48,"column":8},"end":{"line":48,"column":null}},"11":{"start":{"line":50,"column":8},"end":{"line":74,"column":null}},"12":{"start":{"line":51,"column":29},"end":{"line":59,"column":null}},"13":{"start":{"line":61,"column":12},"end":{"line":63,"column":null}},"14":{"start":{"line":62,"column":16},"end":{"line":62,"column":null}},"15":{"start":{"line":65,"column":12},"end":{"line":65,"column":null}},"16":{"start":{"line":66,"column":12},"end":{"line":69,"column":null}},"17":{"start":{"line":67,"column":16},"end":{"line":67,"column":null}},"18":{"start":{"line":68,"column":16},"end":{"line":68,"column":null}},"19":{"start":{"line":71,"column":12},"end":{"line":71,"column":null}},"20":{"start":{"line":73,"column":12},"end":{"line":73,"column":null}},"21":{"start":{"line":77,"column":25},"end":{"line":106,"column":null}},"22":{"start":{"line":78,"column":8},"end":{"line":78,"column":null}},"23":{"start":{"line":78,"column":31},"end":{"line":78,"column":null}},"24":{"start":{"line":80,"column":8},"end":{"line":80,"column":null}},"25":{"start":{"line":81,"column":8},"end":{"line":81,"column":null}},"26":{"start":{"line":83,"column":8},"end":{"line":105,"column":null}},"27":{"start":{"line":84,"column":29},"end":{"line":91,"column":null}},"28":{"start":{"line":93,"column":12},"end":{"line":95,"column":null}},"29":{"start":{"line":94,"column":16},"end":{"line":94,"column":null}},"30":{"start":{"line":97,"column":12},"end":{"line":100,"column":null}},"31":{"start":{"line":98,"column":16},"end":{"line":98,"column":null}},"32":{"start":{"line":99,"column":16},"end":{"line":99,"column":null}},"33":{"start":{"line":102,"column":12},"end":{"line":102,"column":null}},"34":{"start":{"line":104,"column":12},"end":{"line":104,"column":null}},"35":{"start":{"line":108,"column":4},"end":{"line":207,"column":null}},"36":{"start":{"line":139,"column":48},"end":{"line":139,"column":73}},"37":{"start":{"line":140,"column":51},"end":{"line":140,"column":76}},"38":{"start":{"line":152,"column":41},"end":{"line":152,"column":null}},"39":{"start":{"line":157,"column":28},"end":{"line":159,"column":null}},"40":{"start":{"line":169,"column":41},"end":{"line":169,"column":null}}},"fnMap":{"0":{"name":"AssignTeacherModal","decl":{"start":{"line":28,"column":24},"end":{"line":28,"column":43}},"loc":{"start":{"line":36,"column":28},"end":{"line":209,"column":null}},"line":36},"1":{"name":"(anonymous_1)","decl":{"start":{"line":44,"column":25},"end":{"line":44,"column":37}},"loc":{"start":{"line":44,"column":37},"end":{"line":75,"column":null}},"line":44},"2":{"name":"(anonymous_2)","decl":{"start":{"line":66,"column":23},"end":{"line":66,"column":29}},"loc":{"start":{"line":66,"column":29},"end":{"line":69,"column":15}},"line":66},"3":{"name":"(anonymous_3)","decl":{"start":{"line":77,"column":25},"end":{"line":77,"column":37}},"loc":{"start":{"line":77,"column":37},"end":{"line":106,"column":null}},"line":77},"4":{"name":"(anonymous_4)","decl":{"start":{"line":97,"column":23},"end":{"line":97,"column":29}},"loc":{"start":{"line":97,"column":29},"end":{"line":100,"column":15}},"line":97},"5":{"name":"(anonymous_5)","decl":{"start":{"line":139,"column":43},"end":{"line":139,"column":48}},"loc":{"start":{"line":139,"column":48},"end":{"line":139,"column":73}},"line":139},"6":{"name":"(anonymous_6)","decl":{"start":{"line":140,"column":46},"end":{"line":140,"column":51}},"loc":{"start":{"line":140,"column":51},"end":{"line":140,"column":76}},"line":140},"7":{"name":"(anonymous_7)","decl":{"start":{"line":152,"column":34},"end":{"line":152,"column":35}},"loc":{"start":{"line":152,"column":41},"end":{"line":152,"column":null}},"line":152},"8":{"name":"(anonymous_8)","decl":{"start":{"line":156,"column":38},"end":{"line":156,"column":null}},"loc":{"start":{"line":157,"column":28},"end":{"line":159,"column":null}},"line":157},"9":{"name":"(anonymous_9)","decl":{"start":{"line":169,"column":34},"end":{"line":169,"column":35}},"loc":{"start":{"line":169,"column":41},"end":{"line":169,"column":null}},"line":169}},"branchMap":{"0":{"loc":{"start":{"line":37,"column":63},"end":{"line":37,"column":85}},"type":"binary-expr","locations":[{"start":{"line":37,"column":63},"end":{"line":37,"column":83}},{"start":{"line":37,"column":83},"end":{"line":37,"column":85}}],"line":37},"1":{"loc":{"start":{"line":42,"column":4},"end":{"line":42,"column":null}},"type":"if","locations":[{"start":{"line":42,"column":4},"end":{"line":42,"column":null}},{"start":{},"end":{}}],"line":42},"2":{"loc":{"start":{"line":45,"column":8},"end":{"line":45,"column":null}},"type":"if","locations":[{"start":{"line":45,"column":8},"end":{"line":45,"column":null}},{"start":{},"end":{}}],"line":45},"3":{"loc":{"start":{"line":61,"column":12},"end":{"line":63,"column":null}},"type":"if","locations":[{"start":{"line":61,"column":12},"end":{"line":63,"column":null}},{"start":{},"end":{}}],"line":61},"4":{"loc":{"start":{"line":78,"column":8},"end":{"line":78,"column":null}},"type":"if","locations":[{"start":{"line":78,"column":8},"end":{"line":78,"column":null}},{"start":{},"end":{}}],"line":78},"5":{"loc":{"start":{"line":93,"column":12},"end":{"line":95,"column":null}},"type":"if","locations":[{"start":{"line":93,"column":12},"end":{"line":95,"column":null}},{"start":{},"end":{}}],"line":93},"6":{"loc":{"start":{"line":135,"column":17},"end":{"line":142,"column":null}},"type":"binary-expr","locations":[{"start":{"line":135,"column":17},"end":{"line":135,"column":null}},{"start":{"line":136,"column":20},"end":{"line":142,"column":null}}],"line":135},"7":{"loc":{"start":{"line":139,"column":29},"end":{"line":140,"column":null}},"type":"binary-expr","locations":[{"start":{"line":139,"column":29},"end":{"line":139,"column":null}},{"start":{"line":140,"column":32},"end":{"line":140,"column":null}}],"line":139},"8":{"loc":{"start":{"line":158,"column":33},"end":{"line":158,"column":null}},"type":"binary-expr","locations":[{"start":{"line":158,"column":33},"end":{"line":158,"column":54}},{"start":{"line":158,"column":54},"end":{"line":158,"column":null}}],"line":158},"9":{"loc":{"start":{"line":176,"column":17},"end":{"line":180,"column":null}},"type":"binary-expr","locations":[{"start":{"line":176,"column":17},"end":{"line":176,"column":null}},{"start":{"line":177,"column":20},"end":{"line":180,"column":null}}],"line":176},"10":{"loc":{"start":{"line":177,"column":66},"end":{"line":177,"column":null}},"type":"cond-expr","locations":[{"start":{"line":177,"column":95},"end":{"line":177,"column":127}},{"start":{"line":177,"column":127},"end":{"line":177,"column":null}}],"line":177},"11":{"loc":{"start":{"line":187,"column":34},"end":{"line":187,"column":null}},"type":"binary-expr","locations":[{"start":{"line":187,"column":34},"end":{"line":187,"column":56}},{"start":{"line":187,"column":56},"end":{"line":187,"column":null}}],"line":187},"12":{"loc":{"start":{"line":188,"column":127},"end":{"line":190,"column":null}},"type":"cond-expr","locations":[{"start":{"line":189,"column":34},"end":{"line":189,"column":null}},{"start":{"line":190,"column":34},"end":{"line":190,"column":null}}],"line":188},"13":{"loc":{"start":{"line":188,"column":127},"end":{"line":188,"column":null}},"type":"binary-expr","locations":[{"start":{"line":188,"column":127},"end":{"line":188,"column":149}},{"start":{"line":188,"column":149},"end":{"line":188,"column":null}}],"line":188},"14":{"loc":{"start":{"line":193,"column":25},"end":{"line":193,"column":null}},"type":"cond-expr","locations":[{"start":{"line":193,"column":37},"end":{"line":193,"column":45}},{"start":{"line":193,"column":45},"end":{"line":193,"column":null}}],"line":193},"15":{"loc":{"start":{"line":196,"column":21},"end":{"line":203,"column":null}},"type":"binary-expr","locations":[{"start":{"line":196,"column":21},"end":{"line":196,"column":null}},{"start":{"line":197,"column":24},"end":{"line":203,"column":null}}],"line":196}},"s":{"0":0,"1":0,"2":0,"3":0,"4":0,"5":0,"6":0,"7":0,"8":0,"9":0,"10":0,"11":0,"12":0,"13":0,"14":0,"15":0,"16":0,"17":0,"18":0,"19":0,"20":0,"21":0,"22":0,"23":0,"24":0,"25":0,"26":0,"27":0,"28":0,"29":0,"30":0,"31":0,"32":0,"33":0,"34":0,"35":0,"36":0,"37":0,"38":0,"39":0,"40":0},"f":{"0":0,"1":0,"2":0,"3":0,"4":0,"5":0,"6":0,"7":0,"8":0,"9":0},"b":{"0":[0,0],"1":[0,0],"2":[0,0],"3":[0,0],"4":[0,0],"5":[0,0],"6":[0,0],"7":[0,0],"8":[0,0],"9":[0,0],"10":[0,0],"11":[0,0],"12":[0,0],"13":[0,0],"14":[0,0],"15":[0,0]},"meta":{"lastBranch":16,"lastFunction":10,"lastStatement":41,"seen":{"f:28:24:28:43":0,"s:37:50:37:Infinity":0,"b:37:63:37:83:37:83:37:85":0,"s:38:34:38:Infinity":1,"s:39:34:39:Infinity":2,"s:40:30:40:Infinity":3,"b:42:4:42:Infinity:undefined:undefined:undefined:undefined":1,"s:42:4:42:Infinity":4,"s:42:17:42:Infinity":5,"s:44:25:75:Infinity":6,"f:44:25:44:37":1,"b:45:8:45:Infinity:undefined:undefined:undefined:undefined":2,"s:45:8:45:Infinity":7,"s:45:32:45:Infinity":8,"s:47:8:47:Infinity":9,"s:48:8:48:Infinity":10,"s:50:8:74:Infinity":11,"s:51:29:59:Infinity":12,"b:61:12:63:Infinity:undefined:undefined:undefined:undefined":3,"s:61:12:63:Infinity":13,"s:62:16:62:Infinity":14,"s:65:12:65:Infinity":15,"s:66:12:69:Infinity":16,"f:66:23:66:29":2,"s:67:16:67:Infinity":17,"s:68:16:68:Infinity":18,"s:71:12:71:Infinity":19,"s:73:12:73:Infinity":20,"s:77:25:106:Infinity":21,"f:77:25:77:37":3,"b:78:8:78:Infinity:undefined:undefined:undefined:undefined":4,"s:78:8:78:Infinity":22,"s:78:31:78:Infinity":23,"s:80:8:80:Infinity":24,"s:81:8:81:Infinity":25,"s:83:8:105:Infinity":26,"s:84:29:91:Infinity":27,"b:93:12:95:Infinity:undefined:undefined:undefined:undefined":5,"s:93:12:95:Infinity":28,"s:94:16:94:Infinity":29,"s:97:12:100:Infinity":30,"f:97:23:97:29":4,"s:98:16:98:Infinity":31,"s:99:16:99:Infinity":32,"s:102:12:102:Infinity":33,"s:104:12:104:Infinity":34,"s:108:4:207:Infinity":35,"b:135:17:135:Infinity:136:20:142:Infinity":6,"b:139:29:139:Infinity:140:32:140:Infinity":7,"f:139:43:139:48":5,"s:139:48:139:73":36,"f:140:46:140:51":6,"s:140:51:140:76":37,"f:152:34:152:35":7,"s:152:41:152:Infinity":38,"f:156:38:156:Infinity":8,"s:157:28:159:Infinity":39,"b:158:33:158:54:158:54:158:Infinity":8,"f:169:34:169:35":9,"s:169:41:169:Infinity":40,"b:176:17:176:Infinity:177:20:180:Infinity":9,"b:177:95:177:127:177:127:177:Infinity":10,"b:187:34:187:56:187:56:187:Infinity":11,"b:189:34:189:Infinity:190:34:190:Infinity":12,"b:188:127:188:149:188:149:188:Infinity":13,"b:193:37:193:45:193:45:193:Infinity":14,"b:196:21:196:Infinity:197:24:203:Infinity":15}}}
,"C:\\Users\\Alin\\Desktop\\Academia\\pruebas\\src\\components\\admin\\StudentFilters.tsx": {"path":"C:\\Users\\Alin\\Desktop\\Academia\\pruebas\\src\\components\\admin\\StudentFilters.tsx","statementMap":{"0":{"start":{"line":36,"column":28},"end":{"line":36,"column":null}},"1":{"start":{"line":37,"column":40},"end":{"line":37,"column":null}},"2":{"start":{"line":38,"column":36},"end":{"line":38,"column":null}},"3":{"start":{"line":40,"column":10},"end":{"line":64,"column":null}},"4":{"start":{"line":41,"column":8},"end":{"line":63,"column":null}},"5":{"start":{"line":43,"column":32},"end":{"line":43,"column":null}},"6":{"start":{"line":44,"column":34},"end":{"line":46,"column":null}},"7":{"start":{"line":49,"column":32},"end":{"line":49,"column":null}},"8":{"start":{"line":50,"column":12},"end":{"line":57,"column":null}},"9":{"start":{"line":51,"column":16},"end":{"line":51,"column":null}},"10":{"start":{"line":52,"column":12},"end":{"line":57,"column":null}},"11":{"start":{"line":53,"column":16},"end":{"line":53,"column":null}},"12":{"start":{"line":54,"column":12},"end":{"line":57,"column":null}},"13":{"start":{"line":55,"column":16},"end":{"line":56,"column":null}},"14":{"start":{"line":60,"column":32},"end":{"line":60,"column":null}},"15":{"start":{"line":62,"column":12},"end":{"line":62,"column":null}},"16":{"start":{"line":66,"column":23},"end":{"line":73,"column":null}},"17":{"start":{"line":67,"column":21},"end":{"line":67,"column":null}},"18":{"start":{"line":68,"column":8},"end":{"line":72,"column":null}},"19":{"start":{"line":75,"column":27},"end":{"line":88,"column":null}},"20":{"start":{"line":76,"column":8},"end":{"line":78,"column":null}},"21":{"start":{"line":77,"column":12},"end":{"line":77,"column":null}},"22":{"start":{"line":79,"column":8},"end":{"line":86,"column":null}},"23":{"start":{"line":80,"column":27},"end":{"line":80,"column":null}},"24":{"start":{"line":81,"column":24},"end":{"line":81,"column":null}},"25":{"start":{"line":82,"column":12},"end":{"line":84,"column":null}},"26":{"start":{"line":83,"column":16},"end":{"line":83,"column":null}},"27":{"start":{"line":85,"column":12},"end":{"line":85,"column":null}},"28":{"start":{"line":87,"column":8},"end":{"line":87,"column":null}},"29":{"start":{"line":90,"column":25},"end":{"line":102,"column":null}},"30":{"start":{"line":91,"column":8},"end":{"line":91,"column":null}},"31":{"start":{"line":91,"column":35},"end":{"line":91,"column":null}},"32":{"start":{"line":92,"column":47},"end":{"line":96,"column":null}},"33":{"start":{"line":97,"column":28},"end":{"line":97,"column":null}},"34":{"start":{"line":98,"column":8},"end":{"line":101,"column":null}},"35":{"start":{"line":104,"column":4},"end":{"line":219,"column":null}},"36":{"start":{"line":111,"column":37},"end":{"line":111,"column":null}},"37":{"start":{"line":118,"column":37},"end":{"line":118,"column":null}},"38":{"start":{"line":129,"column":37},"end":{"line":129,"column":null}},"39":{"start":{"line":134,"column":24},"end":{"line":134,"column":null}},"40":{"start":{"line":160,"column":48},"end":{"line":160,"column":null}},"41":{"start":{"line":161,"column":46},"end":{"line":161,"column":null}},"42":{"start":{"line":163,"column":28},"end":{"line":207,"column":null}}},"fnMap":{"0":{"name":"StudentFilters","decl":{"start":{"line":35,"column":24},"end":{"line":35,"column":39}},"loc":{"start":{"line":35,"column":107},"end":{"line":221,"column":null}},"line":35},"1":{"name":"(anonymous_1)","decl":{"start":{"line":40,"column":37},"end":{"line":40,"column":43}},"loc":{"start":{"line":40,"column":43},"end":{"line":64,"column":7}},"line":40},"2":{"name":"(anonymous_2)","decl":{"start":{"line":41,"column":31},"end":{"line":41,"column":42}},"loc":{"start":{"line":41,"column":42},"end":{"line":63,"column":9}},"line":41},"3":{"name":"(anonymous_3)","decl":{"start":{"line":66,"column":23},"end":{"line":66,"column":24}},"loc":{"start":{"line":66,"column":44},"end":{"line":73,"column":null}},"line":66},"4":{"name":"(anonymous_4)","decl":{"start":{"line":75,"column":27},"end":{"line":75,"column":28}},"loc":{"start":{"line":75,"column":49},"end":{"line":88,"column":null}},"line":75},"5":{"name":"(anonymous_5)","decl":{"start":{"line":90,"column":25},"end":{"line":90,"column":26}},"loc":{"start":{"line":90,"column":47},"end":{"line":102,"column":null}},"line":90},"6":{"name":"(anonymous_6)","decl":{"start":{"line":111,"column":30},"end":{"line":111,"column":31}},"loc":{"start":{"line":111,"column":37},"end":{"line":111,"column":null}},"line":111},"7":{"name":"(anonymous_7)","decl":{"start":{"line":118,"column":30},"end":{"line":118,"column":31}},"loc":{"start":{"line":118,"column":37},"end":{"line":118,"column":null}},"line":118},"8":{"name":"(anonymous_8)","decl":{"start":{"line":129,"column":30},"end":{"line":129,"column":31}},"loc":{"start":{"line":129,"column":37},"end":{"line":129,"column":null}},"line":129},"9":{"name":"(anonymous_9)","decl":{"start":{"line":133,"column":34},"end":{"line":133,"column":null}},"loc":{"start":{"line":134,"column":24},"end":{"line":134,"column":null}},"line":134},"10":{"name":"(anonymous_10)","decl":{"start":{"line":159,"column":46},"end":{"line":159,"column":47}},"loc":{"start":{"line":159,"column":59},"end":{"line":209,"column":25}},"line":159}},"branchMap":{"0":{"loc":{"start":{"line":44,"column":34},"end":{"line":46,"column":null}},"type":"binary-expr","locations":[{"start":{"line":44,"column":34},"end":{"line":44,"column":null}},{"start":{"line":45,"column":17},"end":{"line":45,"column":null}},{"start":{"line":46,"column":16},"end":{"line":46,"column":null}}],"line":44},"1":{"loc":{"start":{"line":50,"column":12},"end":{"line":57,"column":null}},"type":"if","locations":[{"start":{"line":50,"column":12},"end":{"line":57,"column":null}},{"start":{"line":52,"column":12},"end":{"line":57,"column":null}}],"line":50},"2":{"loc":{"start":{"line":52,"column":12},"end":{"line":57,"column":null}},"type":"if","locations":[{"start":{"line":52,"column":12},"end":{"line":57,"column":null}},{"start":{"line":54,"column":12},"end":{"line":57,"column":null}}],"line":52},"3":{"loc":{"start":{"line":54,"column":12},"end":{"line":57,"column":null}},"type":"if","locations":[{"start":{"line":54,"column":12},"end":{"line":57,"column":null}},{"start":{},"end":{}}],"line":54},"4":{"loc":{"start":{"line":55,"column":32},"end":{"line":56,"column":null}},"type":"binary-expr","locations":[{"start":{"line":55,"column":32},"end":{"line":55,"column":null}},{"start":{"line":56,"column":21},"end":{"line":56,"column":50}},{"start":{"line":56,"column":50},"end":{"line":56,"column":null}}],"line":55},"5":{"loc":{"start":{"line":60,"column":32},"end":{"line":60,"column":null}},"type":"binary-expr","locations":[{"start":{"line":60,"column":32},"end":{"line":60,"column":56}},{"start":{"line":60,"column":56},"end":{"line":60,"column":null}}],"line":60},"6":{"loc":{"start":{"line":62,"column":19},"end":{"line":62,"column":null}},"type":"binary-expr","locations":[{"start":{"line":62,"column":19},"end":{"line":62,"column":36}},{"start":{"line":62,"column":36},"end":{"line":62,"column":53}},{"start":{"line":62,"column":53},"end":{"line":62,"column":null}}],"line":62},"7":{"loc":{"start":{"line":68,"column":39},"end":{"line":68,"column":100}},"type":"cond-expr","locations":[{"start":{"line":68,"column":55},"end":{"line":68,"column":65}},{"start":{"line":68,"column":65},"end":{"line":68,"column":100}}],"line":68},"8":{"loc":{"start":{"line":68,"column":65},"end":{"line":68,"column":100}},"type":"cond-expr","locations":[{"start":{"line":68,"column":81},"end":{"line":68,"column":91}},{"start":{"line":68,"column":91},"end":{"line":68,"column":100}}],"line":68},"9":{"loc":{"start":{"line":76,"column":8},"end":{"line":78,"column":null}},"type":"if","locations":[{"start":{"line":76,"column":8},"end":{"line":78,"column":null}},{"start":{},"end":{}}],"line":76},"10":{"loc":{"start":{"line":79,"column":8},"end":{"line":86,"column":null}},"type":"if","locations":[{"start":{"line":79,"column":8},"end":{"line":86,"column":null}},{"start":{},"end":{}}],"line":79},"11":{"loc":{"start":{"line":80,"column":27},"end":{"line":80,"column":null}},"type":"cond-expr","locations":[{"start":{"line":80,"column":55},"end":{"line":80,"column":93}},{"start":{"line":80,"column":93},"end":{"line":80,"column":null}}],"line":80},"12":{"loc":{"start":{"line":82,"column":12},"end":{"line":84,"column":null}},"type":"if","locations":[{"start":{"line":82,"column":12},"end":{"line":84,"column":null}},{"start":{},"end":{}}],"line":82},"13":{"loc":{"start":{"line":82,"column":16},"end":{"line":82,"column":40}},"type":"binary-expr","locations":[{"start":{"line":82,"column":16},"end":{"line":82,"column":26}},{"start":{"line":82,"column":26},"end":{"line":82,"column":40}}],"line":82},"14":{"loc":{"start":{"line":91,"column":8},"end":{"line":91,"column":null}},"type":"if","locations":[{"start":{"line":91,"column":8},"end":{"line":91,"column":null}},{"start":{},"end":{}}],"line":91},"15":{"loc":{"start":{"line":97,"column":28},"end":{"line":97,"column":null}},"type":"binary-expr","locations":[{"start":{"line":97,"column":28},"end":{"line":97,"column":68}},{"start":{"line":97,"column":68},"end":{"line":97,"column":null}}],"line":97},"16":{"loc":{"start":{"line":100,"column":19},"end":{"line":100,"column":null}},"type":"binary-expr","locations":[{"start":{"line":100,"column":19},"end":{"line":100,"column":51}},{"start":{"line":100,"column":51},"end":{"line":100,"column":null}}],"line":100},"17":{"loc":{"start":{"line":170,"column":45},"end":{"line":170,"column":null}},"type":"binary-expr","locations":[{"start":{"line":170,"column":45},"end":{"line":170,"column":66}},{"start":{"line":170,"column":66},"end":{"line":170,"column":null}}],"line":170},"18":{"loc":{"start":{"line":178,"column":41},"end":{"line":183,"column":null}},"type":"cond-expr","locations":[{"start":{"line":179,"column":44},"end":{"line":181,"column":null}},{"start":{"line":183,"column":44},"end":{"line":183,"column":null}}],"line":178},"19":{"loc":{"start":{"line":192,"column":41},"end":{"line":193,"column":null}},"type":"binary-expr","locations":[{"start":{"line":192,"column":41},"end":{"line":192,"column":null}},{"start":{"line":193,"column":44},"end":{"line":193,"column":null}}],"line":192},"20":{"loc":{"start":{"line":214,"column":13},"end":{"line":217,"column":null}},"type":"binary-expr","locations":[{"start":{"line":214,"column":13},"end":{"line":214,"column":null}},{"start":{"line":215,"column":16},"end":{"line":217,"column":null}}],"line":214}},"s":{"0":0,"1":0,"2":0,"3":0,"4":0,"5":0,"6":0,"7":0,"8":0,"9":0,"10":0,"11":0,"12":0,"13":0,"14":0,"15":0,"16":0,"17":0,"18":0,"19":0,"20":0,"21":0,"22":0,"23":0,"24":0,"25":0,"26":0,"27":0,"28":0,"29":0,"30":0,"31":0,"32":0,"33":0,"34":0,"35":0,"36":0,"37":0,"38":0,"39":0,"40":0,"41":0,"42":0},"f":{"0":0,"1":0,"2":0,"3":0,"4":0,"5":0,"6":0,"7":0,"8":0,"9":0,"10":0},"b":{"0":[0,0,0],"1":[0,0],"2":[0,0],"3":[0,0],"4":[0,0,0],"5":[0,0],"6":[0,0,0],"7":[0,0],"8":[0,0],"9":[0,0],"10":[0,0],"11":[0,0],"12":[0,0],"13":[0,0],"14":[0,0],"15":[0,0],"16":[0,0],"17":[0,0],"18":[0,0],"19":[0,0],"20":[0,0]},"meta":{"lastBranch":21,"lastFunction":11,"lastStatement":43,"seen":{"f:35:24:35:39":0,"s:36:28:36:Infinity":0,"s:37:40:37:Infinity":1,"s:38:36:38:Infinity":2,"s:40:10:64:Infinity":3,"f:40:37:40:43":1,"s:41:8:63:Infinity":4,"f:41:31:41:42":2,"s:43:32:43:Infinity":5,"s:44:34:46:Infinity":6,"b:44:34:44:Infinity:45:17:45:Infinity:46:16:46:Infinity":0,"s:49:32:49:Infinity":7,"b:50:12:57:Infinity:52:12:57:Infinity":1,"s:50:12:57:Infinity":8,"s:51:16:51:Infinity":9,"b:52:12:57:Infinity:54:12:57:Infinity":2,"s:52:12:57:Infinity":10,"s:53:16:53:Infinity":11,"b:54:12:57:Infinity:undefined:undefined:undefined:undefined":3,"s:54:12:57:Infinity":12,"s:55:16:56:Infinity":13,"b:55:32:55:Infinity:56:21:56:50:56:50:56:Infinity":4,"s:60:32:60:Infinity":14,"b:60:32:60:56:60:56:60:Infinity":5,"s:62:12:62:Infinity":15,"b:62:19:62:36:62:36:62:53:62:53:62:Infinity":6,"s:66:23:73:Infinity":16,"f:66:23:66:24":3,"s:67:21:67:Infinity":17,"s:68:8:72:Infinity":18,"b:68:55:68:65:68:65:68:100":7,"b:68:81:68:91:68:91:68:100":8,"s:75:27:88:Infinity":19,"f:75:27:75:28":4,"b:76:8:78:Infinity:undefined:undefined:undefined:undefined":9,"s:76:8:78:Infinity":20,"s:77:12:77:Infinity":21,"b:79:8:86:Infinity:undefined:undefined:undefined:undefined":10,"s:79:8:86:Infinity":22,"s:80:27:80:Infinity":23,"b:80:55:80:93:80:93:80:Infinity":11,"s:81:24:81:Infinity":24,"b:82:12:84:Infinity:undefined:undefined:undefined:undefined":12,"s:82:12:84:Infinity":25,"b:82:16:82:26:82:26:82:40":13,"s:83:16:83:Infinity":26,"s:85:12:85:Infinity":27,"s:87:8:87:Infinity":28,"s:90:25:102:Infinity":29,"f:90:25:90:26":5,"b:91:8:91:Infinity:undefined:undefined:undefined:undefined":14,"s:91:8:91:Infinity":30,"s:91:35:91:Infinity":31,"s:92:47:96:Infinity":32,"s:97:28:97:Infinity":33,"b:97:28:97:68:97:68:97:Infinity":15,"s:98:8:101:Infinity":34,"b:100:19:100:51:100:51:100:Infinity":16,"s:104:4:219:Infinity":35,"f:111:30:111:31":6,"s:111:37:111:Infinity":36,"f:118:30:118:31":7,"s:118:37:118:Infinity":37,"f:129:30:129:31":8,"s:129:37:129:Infinity":38,"f:133:34:133:Infinity":9,"s:134:24:134:Infinity":39,"f:159:46:159:47":10,"s:160:48:160:Infinity":40,"s:161:46:161:Infinity":41,"s:163:28:207:Infinity":42,"b:170:45:170:66:170:66:170:Infinity":17,"b:179:44:181:Infinity:183:44:183:Infinity":18,"b:192:41:192:Infinity:193:44:193:Infinity":19,"b:214:13:214:Infinity:215:16:217:Infinity":20}}}
,"C:\\Users\\Alin\\Desktop\\Academia\\pruebas\\src\\components\\calendar\\AdminCalendar.tsx": {"path":"C:\\Users\\Alin\\Desktop\\Academia\\pruebas\\src\\components\\calendar\\AdminCalendar.tsx","statementMap":{"0":{"start":{"line":51,"column":32},"end":{"line":51,"column":null}},"1":{"start":{"line":52,"column":24},"end":{"line":52,"column":null}},"2":{"start":{"line":53,"column":42},"end":{"line":53,"column":null}},"3":{"start":{"line":54,"column":38},"end":{"line":54,"column":null}},"4":{"start":{"line":56,"column":54},"end":{"line":56,"column":null}},"5":{"start":{"line":57,"column":46},"end":{"line":57,"column":null}},"6":{"start":{"line":60,"column":25},"end":{"line":67,"column":null}},"7":{"start":{"line":61,"column":18},"end":{"line":61,"column":null}},"8":{"start":{"line":62,"column":20},"end":{"line":62,"column":null}},"9":{"start":{"line":63,"column":21},"end":{"line":63,"column":null}},"10":{"start":{"line":64,"column":8},"end":{"line":64,"column":null}},"11":{"start":{"line":65,"column":8},"end":{"line":65,"column":null}},"12":{"start":{"line":66,"column":8},"end":{"line":66,"column":null}},"13":{"start":{"line":69,"column":34},"end":{"line":69,"column":null}},"14":{"start":{"line":72,"column":21},"end":{"line":76,"column":null}},"15":{"start":{"line":73,"column":20},"end":{"line":73,"column":null}},"16":{"start":{"line":74,"column":8},"end":{"line":74,"column":null}},"17":{"start":{"line":75,"column":8},"end":{"line":75,"column":null}},"18":{"start":{"line":79,"column":25},"end":{"line":99,"column":null}},"19":{"start":{"line":80,"column":21},"end":{"line":80,"column":null}},"20":{"start":{"line":81,"column":22},"end":{"line":81,"column":null}},"21":{"start":{"line":82,"column":25},"end":{"line":82,"column":null}},"22":{"start":{"line":83,"column":24},"end":{"line":83,"column":null}},"23":{"start":{"line":85,"column":38},"end":{"line":85,"column":null}},"24":{"start":{"line":88,"column":29},"end":{"line":88,"column":null}},"25":{"start":{"line":89,"column":8},"end":{"line":91,"column":null}},"26":{"start":{"line":89,"column":21},"end":{"line":89,"column":24}},"27":{"start":{"line":90,"column":12},"end":{"line":90,"column":null}},"28":{"start":{"line":94,"column":8},"end":{"line":96,"column":null}},"29":{"start":{"line":94,"column":21},"end":{"line":94,"column":24}},"30":{"start":{"line":95,"column":12},"end":{"line":95,"column":null}},"31":{"start":{"line":98,"column":8},"end":{"line":98,"column":null}},"32":{"start":{"line":102,"column":21},"end":{"line":110,"column":null}},"33":{"start":{"line":103,"column":8},"end":{"line":109,"column":null}},"34":{"start":{"line":104,"column":29},"end":{"line":104,"column":null}},"35":{"start":{"line":105,"column":12},"end":{"line":105,"column":null}},"36":{"start":{"line":106,"column":12},"end":{"line":106,"column":null}},"37":{"start":{"line":108,"column":12},"end":{"line":108,"column":null}},"38":{"start":{"line":112,"column":21},"end":{"line":120,"column":null}},"39":{"start":{"line":113,"column":8},"end":{"line":119,"column":null}},"40":{"start":{"line":114,"column":29},"end":{"line":114,"column":null}},"41":{"start":{"line":115,"column":12},"end":{"line":115,"column":null}},"42":{"start":{"line":116,"column":12},"end":{"line":116,"column":null}},"43":{"start":{"line":118,"column":12},"end":{"line":118,"column":null}},"44":{"start":{"line":122,"column":22},"end":{"line":126,"column":null}},"45":{"start":{"line":123,"column":22},"end":{"line":123,"column":null}},"46":{"start":{"line":124,"column":8},"end":{"line":124,"column":null}},"47":{"start":{"line":125,"column":8},"end":{"line":125,"column":null}},"48":{"start":{"line":129,"column":29},"end":{"line":134,"column":null}},"49":{"start":{"line":130,"column":8},"end":{"line":132,"column":null}},"50":{"start":{"line":131,"column":12},"end":{"line":131,"column":null}},"51":{"start":{"line":133,"column":8},"end":{"line":133,"column":null}},"52":{"start":{"line":137,"column":30},"end":{"line":143,"column":null}},"53":{"start":{"line":138,"column":23},"end":{"line":138,"column":null}},"54":{"start":{"line":139,"column":8},"end":{"line":142,"column":null}},"55":{"start":{"line":140,"column":32},"end":{"line":140,"column":null}},"56":{"start":{"line":141,"column":12},"end":{"line":141,"column":null}},"57":{"start":{"line":142,"column":26},"end":{"line":142,"column":97}},"58":{"start":{"line":145,"column":23},"end":{"line":150,"column":null}},"59":{"start":{"line":146,"column":8},"end":{"line":149,"column":null}},"60":{"start":{"line":152,"column":23},"end":{"line":157,"column":null}},"61":{"start":{"line":153,"column":8},"end":{"line":156,"column":null}},"62":{"start":{"line":159,"column":28},"end":{"line":164,"column":null}},"63":{"start":{"line":160,"column":8},"end":{"line":163,"column":null}},"64":{"start":{"line":166,"column":20},"end":{"line":169,"column":null}},"65":{"start":{"line":167,"column":22},"end":{"line":167,"column":null}},"66":{"start":{"line":168,"column":8},"end":{"line":168,"column":null}},"67":{"start":{"line":171,"column":27},"end":{"line":178,"column":null}},"68":{"start":{"line":172,"column":8},"end":{"line":177,"column":null}},"69":{"start":{"line":173,"column":30},"end":{"line":173,"column":null}},"70":{"start":{"line":174,"column":30},"end":{"line":174,"column":null}},"71":{"start":{"line":175,"column":28},"end":{"line":175,"column":null}},"72":{"start":{"line":176,"column":21},"end":{"line":176,"column":null}},"73":{"start":{"line":180,"column":28},"end":{"line":191,"column":null}},"74":{"start":{"line":181,"column":8},"end":{"line":181,"column":null}},"75":{"start":{"line":181,"column":24},"end":{"line":181,"column":null}},"76":{"start":{"line":182,"column":23},"end":{"line":188,"column":null}},"77":{"start":{"line":189,"column":22},"end":{"line":189,"column":null}},"78":{"start":{"line":189,"column":46},"end":{"line":189,"column":64}},"79":{"start":{"line":190,"column":8},"end":{"line":190,"column":null}},"80":{"start":{"line":193,"column":32},"end":{"line":195,"column":null}},"81":{"start":{"line":194,"column":8},"end":{"line":194,"column":null}},"82":{"start":{"line":194,"column":38},"end":{"line":194,"column":85}},"83":{"start":{"line":197,"column":29},"end":{"line":199,"column":null}},"84":{"start":{"line":198,"column":8},"end":{"line":198,"column":null}},"85":{"start":{"line":201,"column":20},"end":{"line":201,"column":null}},"86":{"start":{"line":202,"column":4},"end":{"line":202,"column":null}},"87":{"start":{"line":204,"column":4},"end":{"line":413,"column":null}},"88":{"start":{"line":232,"column":43},"end":{"line":232,"column":null}},"89":{"start":{"line":238,"column":43},"end":{"line":238,"column":null}},"90":{"start":{"line":248,"column":41},"end":{"line":248,"column":null}},"91":{"start":{"line":253,"column":28},"end":{"line":255,"column":null}},"92":{"start":{"line":261,"column":39},"end":{"line":261,"column":null}},"93":{"start":{"line":274,"column":24},"end":{"line":287,"column":null}},"94":{"start":{"line":292,"column":44},"end":{"line":292,"column":null}},"95":{"start":{"line":294,"column":24},"end":{"line":315,"column":null}},"96":{"start":{"line":301,"column":36},"end":{"line":313,"column":null}},"97":{"start":{"line":303,"column":55},"end":{"line":303,"column":null}},"98":{"start":{"line":327,"column":28},"end":{"line":329,"column":null}},"99":{"start":{"line":336,"column":28},"end":{"line":338,"column":null}},"100":{"start":{"line":337,"column":32},"end":{"line":337,"column":null}},"101":{"start":{"line":340,"column":48},"end":{"line":340,"column":null}},"102":{"start":{"line":342,"column":28},"end":{"line":367,"column":null}},"103":{"start":{"line":354,"column":40},"end":{"line":360,"column":null}},"104":{"start":{"line":356,"column":59},"end":{"line":356,"column":null}},"105":{"start":{"line":378,"column":39},"end":{"line":378,"column":null}},"106":{"start":{"line":379,"column":24},"end":{"line":383,"column":null}},"107":{"start":{"line":393,"column":35},"end":{"line":393,"column":null}},"108":{"start":{"line":405,"column":35},"end":{"line":405,"column":null}}},"fnMap":{"0":{"name":"AdminCalendar","decl":{"start":{"line":44,"column":24},"end":{"line":44,"column":38}},"loc":{"start":{"line":50,"column":23},"end":{"line":415,"column":null}},"line":50},"1":{"name":"(anonymous_1)","decl":{"start":{"line":60,"column":25},"end":{"line":60,"column":26}},"loc":{"start":{"line":60,"column":41},"end":{"line":67,"column":null}},"line":60},"2":{"name":"(anonymous_2)","decl":{"start":{"line":72,"column":47},"end":{"line":72,"column":48}},"loc":{"start":{"line":72,"column":57},"end":{"line":76,"column":5}},"line":72},"3":{"name":"(anonymous_3)","decl":{"start":{"line":79,"column":25},"end":{"line":79,"column":31}},"loc":{"start":{"line":79,"column":31},"end":{"line":99,"column":null}},"line":79},"4":{"name":"(anonymous_4)","decl":{"start":{"line":102,"column":21},"end":{"line":102,"column":27}},"loc":{"start":{"line":102,"column":27},"end":{"line":110,"column":null}},"line":102},"5":{"name":"(anonymous_5)","decl":{"start":{"line":112,"column":21},"end":{"line":112,"column":27}},"loc":{"start":{"line":112,"column":27},"end":{"line":120,"column":null}},"line":112},"6":{"name":"(anonymous_6)","decl":{"start":{"line":122,"column":22},"end":{"line":122,"column":28}},"loc":{"start":{"line":122,"column":28},"end":{"line":126,"column":null}},"line":122},"7":{"name":"(anonymous_7)","decl":{"start":{"line":129,"column":45},"end":{"line":129,"column":50}},"loc":{"start":{"line":129,"column":50},"end":{"line":134,"column":5}},"line":129},"8":{"name":"(anonymous_8)","decl":{"start":{"line":137,"column":30},"end":{"line":137,"column":31}},"loc":{"start":{"line":137,"column":46},"end":{"line":143,"column":null}},"line":137},"9":{"name":"(anonymous_9)","decl":{"start":{"line":139,"column":39},"end":{"line":139,"column":44}},"loc":{"start":{"line":139,"column":44},"end":{"line":142,"column":9}},"line":139},"10":{"name":"(anonymous_10)","decl":{"start":{"line":142,"column":16},"end":{"line":142,"column":17}},"loc":{"start":{"line":142,"column":26},"end":{"line":142,"column":97}},"line":142},"11":{"name":"(anonymous_11)","decl":{"start":{"line":145,"column":23},"end":{"line":145,"column":24}},"loc":{"start":{"line":145,"column":44},"end":{"line":150,"column":null}},"line":145},"12":{"name":"(anonymous_12)","decl":{"start":{"line":152,"column":23},"end":{"line":152,"column":24}},"loc":{"start":{"line":152,"column":39},"end":{"line":157,"column":null}},"line":152},"13":{"name":"(anonymous_13)","decl":{"start":{"line":159,"column":28},"end":{"line":159,"column":29}},"loc":{"start":{"line":159,"column":44},"end":{"line":164,"column":null}},"line":159},"14":{"name":"(anonymous_14)","decl":{"start":{"line":166,"column":20},"end":{"line":166,"column":21}},"loc":{"start":{"line":166,"column":36},"end":{"line":169,"column":null}},"line":166},"15":{"name":"(anonymous_15)","decl":{"start":{"line":171,"column":27},"end":{"line":171,"column":28}},"loc":{"start":{"line":171,"column":47},"end":{"line":178,"column":null}},"line":171},"16":{"name":"(anonymous_16)","decl":{"start":{"line":180,"column":28},"end":{"line":180,"column":29}},"loc":{"start":{"line":180,"column":63},"end":{"line":191,"column":null}},"line":180},"17":{"name":"(anonymous_17)","decl":{"start":{"line":189,"column":41},"end":{"line":189,"column":46}},"loc":{"start":{"line":189,"column":46},"end":{"line":189,"column":64}},"line":189},"18":{"name":"(anonymous_18)","decl":{"start":{"line":193,"column":32},"end":{"line":193,"column":33}},"loc":{"start":{"line":193,"column":61},"end":{"line":195,"column":null}},"line":193},"19":{"name":"(anonymous_19)","decl":{"start":{"line":194,"column":33},"end":{"line":194,"column":38}},"loc":{"start":{"line":194,"column":38},"end":{"line":194,"column":85}},"line":194},"20":{"name":"(anonymous_20)","decl":{"start":{"line":197,"column":29},"end":{"line":197,"column":30}},"loc":{"start":{"line":197,"column":54},"end":{"line":199,"column":null}},"line":197},"21":{"name":"(anonymous_21)","decl":{"start":{"line":232,"column":37},"end":{"line":232,"column":43}},"loc":{"start":{"line":232,"column":43},"end":{"line":232,"column":null}},"line":232},"22":{"name":"(anonymous_22)","decl":{"start":{"line":238,"column":37},"end":{"line":238,"column":43}},"loc":{"start":{"line":238,"column":43},"end":{"line":238,"column":null}},"line":238},"23":{"name":"(anonymous_23)","decl":{"start":{"line":248,"column":34},"end":{"line":248,"column":35}},"loc":{"start":{"line":248,"column":41},"end":{"line":248,"column":null}},"line":248},"24":{"name":"(anonymous_24)","decl":{"start":{"line":252,"column":38},"end":{"line":252,"column":null}},"loc":{"start":{"line":253,"column":28},"end":{"line":255,"column":null}},"line":253},"25":{"name":"(anonymous_25)","decl":{"start":{"line":261,"column":33},"end":{"line":261,"column":39}},"loc":{"start":{"line":261,"column":39},"end":{"line":261,"column":null}},"line":261},"26":{"name":"(anonymous_26)","decl":{"start":{"line":273,"column":34},"end":{"line":273,"column":35}},"loc":{"start":{"line":274,"column":24},"end":{"line":287,"column":null}},"line":274},"27":{"name":"(anonymous_27)","decl":{"start":{"line":291,"column":34},"end":{"line":291,"column":35}},"loc":{"start":{"line":291,"column":50},"end":{"line":317,"column":21}},"line":291},"28":{"name":"(anonymous_28)","decl":{"start":{"line":300,"column":49},"end":{"line":300,"column":null}},"loc":{"start":{"line":301,"column":36},"end":{"line":313,"column":null}},"line":301},"29":{"name":"(anonymous_29)","decl":{"start":{"line":303,"column":49},"end":{"line":303,"column":55}},"loc":{"start":{"line":303,"column":55},"end":{"line":303,"column":null}},"line":303},"30":{"name":"(anonymous_30)","decl":{"start":{"line":326,"column":71},"end":{"line":326,"column":72}},"loc":{"start":{"line":327,"column":28},"end":{"line":329,"column":null}},"line":327},"31":{"name":"(anonymous_31)","decl":{"start":{"line":335,"column":44},"end":{"line":335,"column":45}},"loc":{"start":{"line":335,"column":60},"end":{"line":369,"column":25}},"line":335},"32":{"name":"(anonymous_32)","decl":{"start":{"line":353,"column":65},"end":{"line":353,"column":null}},"loc":{"start":{"line":354,"column":40},"end":{"line":360,"column":null}},"line":354},"33":{"name":"(anonymous_33)","decl":{"start":{"line":356,"column":53},"end":{"line":356,"column":59}},"loc":{"start":{"line":356,"column":59},"end":{"line":356,"column":null}},"line":356},"34":{"name":"(anonymous_34)","decl":{"start":{"line":377,"column":34},"end":{"line":377,"column":35}},"loc":{"start":{"line":377,"column":54},"end":{"line":385,"column":21}},"line":377},"35":{"name":"(anonymous_35)","decl":{"start":{"line":393,"column":29},"end":{"line":393,"column":35}},"loc":{"start":{"line":393,"column":35},"end":{"line":393,"col
[...]
30},"end":{"line":132,"column":null}},"1":{"start":{"line":12,"column":10},"end":{"line":12,"column":null}},"2":{"start":{"line":15,"column":31},"end":{"line":15,"column":null}},"3":{"start":{"line":16,"column":4},"end":{"line":21,"column":null}},"4":{"start":{"line":17,"column":8},"end":{"line":20,"column":null}},"5":{"start":{"line":24,"column":30},"end":{"line":28,"column":null}},"6":{"start":{"line":30,"column":4},"end":{"line":35,"column":null}},"7":{"start":{"line":31,"column":8},"end":{"line":34,"column":null}},"8":{"start":{"line":39,"column":4},"end":{"line":46,"column":null}},"9":{"start":{"line":40,"column":8},"end":{"line":40,"column":null}},"10":{"start":{"line":42,"column":8},"end":{"line":45,"column":null}},"11":{"start":{"line":48,"column":26},"end":{"line":48,"column":null}},"12":{"start":{"line":49,"column":4},"end":{"line":54,"column":null}},"13":{"start":{"line":50,"column":8},"end":{"line":53,"column":null}},"14":{"start":{"line":57,"column":51},"end":{"line":72,"column":null}},"15":{"start":{"line":74,"column":4},"end":{"line":79,"column":null}},"16":{"start":{"line":75,"column":8},"end":{"line":78,"column":null}},"17":{"start":{"line":81,"column":21},"end":{"line":81,"column":null}},"18":{"start":{"line":82,"column":4},"end":{"line":90,"column":null}},"19":{"start":{"line":83,"column":8},"end":{"line":89,"column":null}},"20":{"start":{"line":92,"column":20},"end":{"line":92,"column":null}},"21":{"start":{"line":93,"column":4},"end":{"line":101,"column":null}},"22":{"start":{"line":94,"column":8},"end":{"line":100,"column":null}},"23":{"start":{"line":103,"column":24},"end":{"line":103,"column":null}},"24":{"start":{"line":104,"column":18},"end":{"line":104,"column":null}},"25":{"start":{"line":107,"column":19},"end":{"line":113,"column":null}},"26":{"start":{"line":116,"column":4},"end":{"line":118,"column":null}},"27":{"start":{"line":117,"column":8},"end":{"line":117,"column":null}},"28":{"start":{"line":120,"column":4},"end":{"line":131,"column":null}}},"fnMap":{"0":{"name":"(anonymous_0)","decl":{"start":{"line":11,"column":30},"end":{"line":11,"column":37}},"loc":{"start":{"line":11,"column":49},"end":{"line":132,"column":null}},"line":11}},"branchMap":{"0":{"loc":{"start":{"line":16,"column":4},"end":{"line":21,"column":null}},"type":"if","locations":[{"start":{"line":16,"column":4},"end":{"line":21,"column":null}},{"start":{},"end":{}}],"line":16},"1":{"loc":{"start":{"line":30,"column":4},"end":{"line":35,"column":null}},"type":"if","locations":[{"start":{"line":30,"column":4},"end":{"line":35,"column":null}},{"start":{},"end":{}}],"line":30},"2":{"loc":{"start":{"line":30,"column":8},"end":{"line":30,"column":46}},"type":"binary-expr","locations":[{"start":{"line":30,"column":8},"end":{"line":30,"column":20}},{"start":{"line":30,"column":20},"end":{"line":30,"column":46}}],"line":30},"3":{"loc":{"start":{"line":49,"column":4},"end":{"line":54,"column":null}},"type":"if","locations":[{"start":{"line":49,"column":4},"end":{"line":54,"column":null}},{"start":{},"end":{}}],"line":49},"4":{"loc":{"start":{"line":74,"column":4},"end":{"line":79,"column":null}},"type":"if","locations":[{"start":{"line":74,"column":4},"end":{"line":79,"column":null}},{"start":{},"end":{}}],"line":74},"5":{"loc":{"start":{"line":74,"column":8},"end":{"line":74,"column":34}},"type":"binary-expr","locations":[{"start":{"line":74,"column":8},"end":{"line":74,"column":24}},{"start":{"line":74,"column":24},"end":{"line":74,"column":34}}],"line":74},"6":{"loc":{"start":{"line":81,"column":21},"end":{"line":81,"column":null}},"type":"binary-expr","locations":[{"start":{"line":81,"column":21},"end":{"line":81,"column":49}},{"start":{"line":81,"column":49},"end":{"line":81,"column":null}}],"line":81},"7":{"loc":{"start":{"line":82,"column":4},"end":{"line":90,"column":null}},"type":"if","locations":[{"start":{"line":82,"column":4},"end":{"line":90,"column":null}},{"start":{},"end":{}}],"line":82},"8":{"loc":{"start":{"line":93,"column":4},"end":{"line":101,"column":null}},"type":"if","locations":[{"start":{"line":93,"column":4},"end":{"line":101,"column":null}},{"start":{},"end":{}}],"line":93},"9":{"loc":{"start":{"line":103,"column":24},"end":{"line":103,"column":null}},"type":"binary-expr","locations":[{"start":{"line":103,"column":24},"end":{"line":103,"column":45}},{"start":{"line":103,"column":45},"end":{"line":103,"column":77}},{"start":{"line":103,"column":77},"end":{"line":103,"column":null}}],"line":103},"10":{"loc":{"start":{"line":116,"column":4},"end":{"line":118,"column":null}},"type":"if","locations":[{"start":{"line":116,"column":4},"end":{"line":118,"column":null}},{"start":{},"end":{}}],"line":116},"11":{"loc":{"start":{"line":116,"column":8},"end":{"line":116,"column":72}},"type":"binary-expr","locations":[{"start":{"line":116,"column":8},"end":{"line":116,"column":26}},{"start":{"line":116,"column":26},"end":{"line":116,"column":50}},{"start":{"line":116,"column":50},"end":{"line":116,"column":72}}],"line":116},"12":{"loc":{"start":{"line":123,"column":14},"end":{"line":127,"column":null}},"type":"cond-expr","locations":[{"start":{"line":124,"column":14},"end":{"line":124,"column":null}},{"start":{"line":125,"column":14},"end":{"line":127,"column":null}}],"line":123},"13":{"loc":{"start":{"line":125,"column":14},"end":{"line":127,"column":null}},"type":"cond-expr","locations":[{"start":{"line":126,"column":18},"end":{"line":126,"column":null}},{"start":{"line":127,"column":18},"end":{"line":127,"column":null}}],"line":125}},"s":{"0":0,"1":0,"2":0,"3":0,"4":0,"5":0,"6":0,"7":0,"8":0,"9":0,"10":0,"11":0,"12":0,"13":0,"14":0,"15":0,"16":0,"17":0,"18":0,"19":0,"20":0,"21":0,"22":0,"23":0,"24":0,"25":0,"26":0,"27":0,"28":0},"f":{"0":0},"b":{"0":[0,0],"1":[0,0],"2":[0,0],"3":[0,0],"4":[0,0],"5":[0,0],"6":[0,0],"7":[0,0],"8":[0,0],"9":[0,0,0],"10":[0,0],"11":[0,0,0],"12":[0,0],"13":[0,0]},"meta":{"lastBranch":14,"lastFunction":1,"lastStatement":29,"seen":{"s:11:30:132:Infinity":0,"f:11:30:11:37":0,"s:12:10:12:Infinity":1,"s:15:31:15:Infinity":2,"b:16:4:21:Infinity:undefined:undefined:undefined:undefined":0,"s:16:4:21:Infinity":3,"s:17:8:20:Infinity":4,"s:24:30:28:Infinity":5,"b:30:4:35:Infinity:undefined:undefined:undefined:undefined":1,"s:30:4:35:Infinity":6,"b:30:8:30:20:30:20:30:46":2,"s:31:8:34:Infinity":7,"s:39:4:46:Infinity":8,"s:40:8:40:Infinity":9,"s:42:8:45:Infinity":10,"s:48:26:48:Infinity":11,"b:49:4:54:Infinity:undefined:undefined:undefined:undefined":3,"s:49:4:54:Infinity":12,"s:50:8:53:Infinity":13,"s:57:51:72:Infinity":14,"b:74:4:79:Infinity:undefined:undefined:undefined:undefined":4,"s:74:4:79:Infinity":15,"b:74:8:74:24:74:24:74:34":5,"s:75:8:78:Infinity":16,"s:81:21:81:Infinity":17,"b:81:21:81:49:81:49:81:Infinity":6,"b:82:4:90:Infinity:undefined:undefined:undefined:undefined":7,"s:82:4:90:Infinity":18,"s:83:8:89:Infinity":19,"s:92:20:92:Infinity":20,"b:93:4:101:Infinity:undefined:undefined:undefined:undefined":8,"s:93:4:101:Infinity":21,"s:94:8:100:Infinity":22,"s:103:24:103:Infinity":23,"b:103:24:103:45:103:45:103:77:103:77:103:Infinity":9,"s:104:18:104:Infinity":24,"s:107:19:113:Infinity":25,"b:116:4:118:Infinity:undefined:undefined:undefined:undefined":10,"s:116:4:118:Infinity":26,"b:116:8:116:26:116:26:116:50:116:50:116:72":11,"s:117:8:117:Infinity":27,"s:120:4:131:Infinity":28,"b:124:14:124:Infinity:125:14:127:Infinity":12,"b:126:18:126:Infinity:127:18:127:Infinity":13}}}
,"C:\\Users\\Alin\\Desktop\\Academia\\pruebas\\src\\pages\\api\\teacher\\availability.ts": {"path":"C:\\Users\\Alin\\Desktop\\Academia\\pruebas\\src\\pages\\api\\teacher\\availability.ts","statementMap":{"0":{"start":{"line":5,"column":29},"end":{"line":46,"column":null}},"1":{"start":{"line":6,"column":10},"end":{"line":6,"column":null}},"2":{"start":{"line":7,"column":31},"end":{"line":7,"column":null}},"3":{"start":{"line":9,"column":4},"end":{"line":11,"column":null}},"4":{"start":{"line":10,"column":8},"end":{"line":10,"column":null}},"5":{"start":{"line":14,"column":30},"end":{"line":18,"column":null}},"6":{"start":{"line":20,"column":4},"end":{"line":22,"column":null}},"7":{"start":{"line":21,"column":8},"end":{"line":21,"column":null}},"8":{"start":{"line":25,"column":16},"end":{"line":25,"column":null}},"9":{"start":{"line":26,"column":22},"end":{"line":28,"column":null}},"10":{"start":{"line":30,"column":28},"end":{"line":36,"column":null}},"11":{"start":{"line":38,"column":4},"end":{"line":40,"column":null}},"12":{"start":{"line":39,"column":8},"end":{"line":39,"column":null}},"13":{"start":{"line":42,"column":4},"end":{"line":45,"column":null}},"14":{"start":{"line":49,"column":30},"end":{"line":102,"column":null}},"15":{"start":{"line":50,"column":10},"end":{"line":50,"column":null}},"16":{"start":{"line":51,"column":31},"end":{"line":51,"column":null}},"17":{"start":{"line":53,"column":4},"end":{"line":55,"column":null}},"18":{"start":{"line":54,"column":8},"end":{"line":54,"column":null}},"19":{"start":{"line":57,"column":30},"end":{"line":61,"column":null}},"20":{"start":{"line":63,"column":4},"end":{"line":65,"column":null}},"21":{"start":{"line":64,"column":8},"end":{"line":64,"column":null}},"22":{"start":{"line":67,"column":17},"end":{"line":67,"column":null}},"23":{"start":{"line":68,"column":57},"end":{"line":68,"column":null}},"24":{"start":{"line":71,"column":28},"end":{"line":71,"column":null}},"25":{"start":{"line":74,"column":4},"end":{"line":76,"column":null}},"26":{"start":{"line":75,"column":8},"end":{"line":75,"column":null}},"27":{"start":{"line":78,"column":28},"end":{"line":88,"column":null}},"28":{"start":{"line":90,"column":4},"end":{"line":96,"column":null}},"29":{"start":{"line":92,"column":8},"end":{"line":94,"column":null}},"30":{"start":{"line":93,"column":12},"end":{"line":93,"column":null}},"31":{"start":{"line":95,"column":8},"end":{"line":95,"column":null}},"32":{"start":{"line":98,"column":4},"end":{"line":101,"column":null}},"33":{"start":{"line":105,"column":32},"end":{"line":142,"column":null}},"34":{"start":{"line":106,"column":10},"end":{"line":106,"column":null}},"35":{"start":{"line":107,"column":31},"end":{"line":107,"column":null}},"36":{"start":{"line":109,"column":4},"end":{"line":111,"column":null}},"37":{"start":{"line":110,"column":8},"end":{"line":110,"column":null}},"38":{"start":{"line":113,"column":30},"end":{"line":117,"column":null}},"39":{"start":{"line":119,"column":4},"end":{"line":121,"column":null}},"40":{"start":{"line":120,"column":8},"end":{"line":120,"column":null}},"41":{"start":{"line":123,"column":17},"end":{"line":123,"column":null}},"42":{"start":{"line":124,"column":19},"end":{"line":124,"column":null}},"43":{"start":{"line":126,"column":4},"end":{"line":128,"column":null}},"44":{"start":{"line":127,"column":8},"end":{"line":127,"column":null}},"45":{"start":{"line":131,"column":22},"end":{"line":135,"column":null}},"46":{"start":{"line":137,"column":4},"end":{"line":139,"column":null}},"47":{"start":{"line":138,"column":8},"end":{"line":138,"column":null}},"48":{"start":{"line":141,"column":4},"end":{"line":141,"column":null}}},"fnMap":{"0":{"name":"(anonymous_0)","decl":{"start":{"line":5,"column":29},"end":{"line":5,"column":36}},"loc":{"start":{"line":5,"column":48},"end":{"line":46,"column":null}},"line":5},"1":{"name":"(anonymous_1)","decl":{"start":{"line":49,"column":30},"end":{"line":49,"column":37}},"loc":{"start":{"line":49,"column":49},"end":{"line":102,"column":null}},"line":49},"2":{"name":"(anonymous_2)","decl":{"start":{"line":105,"column":32},"end":{"line":105,"column":39}},"loc":{"start":{"line":105,"column":51},"end":{"line":142,"column":null}},"line":105}},"branchMap":{"0":{"loc":{"start":{"line":9,"column":4},"end":{"line":11,"column":null}},"type":"if","locations":[{"start":{"line":9,"column":4},"end":{"line":11,"column":null}},{"start":{},"end":{}}],"line":9},"1":{"loc":{"start":{"line":20,"column":4},"end":{"line":22,"column":null}},"type":"if","locations":[{"start":{"line":20,"column":4},"end":{"line":22,"column":null}},{"start":{},"end":{}}],"line":20},"2":{"loc":{"start":{"line":20,"column":8},"end":{"line":20,"column":78}},"type":"binary-expr","locations":[{"start":{"line":20,"column":8},"end":{"line":20,"column":21}},{"start":{"line":20,"column":21},"end":{"line":20,"column":51}},{"start":{"line":20,"column":51},"end":{"line":20,"column":78}}],"line":20},"3":{"loc":{"start":{"line":26,"column":22},"end":{"line":28,"column":null}},"type":"cond-expr","locations":[{"start":{"line":27,"column":10},"end":{"line":27,"column":null}},{"start":{"line":28,"column":10},"end":{"line":28,"column":null}}],"line":26},"4":{"loc":{"start":{"line":27,"column":10},"end":{"line":27,"column":null}},"type":"binary-expr","locations":[{"start":{"line":27,"column":10},"end":{"line":27,"column":47}},{"start":{"line":27,"column":47},"end":{"line":27,"column":null}}],"line":27},"5":{"loc":{"start":{"line":38,"column":4},"end":{"line":40,"column":null}},"type":"if","locations":[{"start":{"line":38,"column":4},"end":{"line":40,"column":null}},{"start":{},"end":{}}],"line":38},"6":{"loc":{"start":{"line":53,"column":4},"end":{"line":55,"column":null}},"type":"if","locations":[{"start":{"line":53,"column":4},"end":{"line":55,"column":null}},{"start":{},"end":{}}],"line":53},"7":{"loc":{"start":{"line":63,"column":4},"end":{"line":65,"column":null}},"type":"if","locations":[{"start":{"line":63,"column":4},"end":{"line":65,"column":null}},{"start":{},"end":{}}],"line":63},"8":{"loc":{"start":{"line":63,"column":8},"end":{"line":63,"column":78}},"type":"binary-expr","locations":[{"start":{"line":63,"column":8},"end":{"line":63,"column":21}},{"start":{"line":63,"column":21},"end":{"line":63,"column":51}},{"start":{"line":63,"column":51},"end":{"line":63,"column":78}}],"line":63},"9":{"loc":{"start":{"line":71,"column":28},"end":{"line":71,"column":null}},"type":"cond-expr","locations":[{"start":{"line":71,"column":68},"end":{"line":71,"column":80}},{"start":{"line":71,"column":80},"end":{"line":71,"column":null}}],"line":71},"10":{"loc":{"start":{"line":71,"column":28},"end":{"line":71,"column":68}},"type":"binary-expr","locations":[{"start":{"line":71,"column":28},"end":{"line":71,"column":56}},{"start":{"line":71,"column":56},"end":{"line":71,"column":68}}],"line":71},"11":{"loc":{"start":{"line":74,"column":4},"end":{"line":76,"column":null}},"type":"if","locations":[{"start":{"line":74,"column":4},"end":{"line":76,"column":null}},{"start":{},"end":{}}],"line":74},"12":{"loc":{"start":{"line":74,"column":8},"end":{"line":74,"column":59}},"type":"binary-expr","locations":[{"start":{"line":74,"column":8},"end":{"line":74,"column":35}},{"start":{"line":74,"column":35},"end":{"line":74,"column":49}},{"start":{"line":74,"column":49},"end":{"line":74,"column":59}}],"line":74},"13":{"loc":{"start":{"line":90,"column":4},"end":{"line":96,"column":null}},"type":"if","locations":[{"start":{"line":90,"column":4},"end":{"line":96,"column":null}},{"start":{},"end":{}}],"line":90},"14":{"loc":{"start":{"line":92,"column":8},"end":{"line":94,"column":null}},"type":"if","locations":[{"start":{"line":92,"column":8},"end":{"line":94,"column":null}},{"start":{},"end":{}}],"line":92},"15":{"loc":{"start":{"line":109,"column":4},"end":{"line":111,"column":null}},"type":"if","locations":[{"start":{"line":109,"column":4},"end":{"line":111,"column":null}},{"start":{},"end":{}}],"line":109},"16":{"loc":{"start":{"line":119,"column":4},"end":{"line":121,"column":null}},"type":"if","locations":[{"start":{"line":119,"column":4},"end":{"line":121,"column":null}},{"start":{},"end":{}}],"line":119},"17":{"loc":{"start":{"line":119,"column":8},"end":{"line":119,"column":78}},"type":"binary-expr","locations":[{"start":{"line":119,"column":8},"end":{"line":119,"column":21}},{"start":{"line":119,"column":21},"end":{"line":119,"column":51}},{"start":{"line":119,"column":51},"end":{"line":119,"column":78}}],"line":119},"18":{"loc":{"start":{"line":126,"column":4},"end":{"line":128,"column":null}},"type":"if","locations":[{"start":{"line":126,"column":4},"end":{"line":128,"column":null}},{"start":{},"end":{}}],"line":126},"19":{"loc":{"start":{"line":135,"column":12},"end":{"line":135,"column":60}},"type":"cond-expr","locations":[{"start":{"line":135,"column":39},"end":{"line":135,"column":54}},{"start":{"line":135,"column":54},"end":{"line":135,"column":60}}],"line":135},"20":{"loc":{"start":{"line":135,"column":60},"end":{"line":135,"column":99}},"type":"cond-expr","locations":[{"start":{"line":135,"column":87},"end":{"line":135,"column":97}},{"start":{"line":135,"column":97},"end":{"line":135,"column":99}}],"line":135},"21":{"loc":{"start":{"line":137,"column":4},"end":{"line":139,"column":null}},"type":"if","locations":[{"start":{"line":137,"column":4},"end":{"line":139,"column":null}},{"start":{},"end":{}}],"line":137}},"s":{"0":0,"1":0,"2":0,"3":0,"4":0,"5":0,"6":0,"7":0,"8":0,"9":0,"10":0,"11":0,"12":0,"13":0,"14":0,"15":0,"16":0,"17":0,"18":0,"19":0,"20":0,"21":0,"22":0,"23":0,"24":0,"25":0,"26":0,"27":0,"28":0,"29":0,"30":0,"31":0,"32":0,"33":0,"34":0,"35":0,"36":0,"37":0,"38":0,"39":0,"40":0,"41":0,"42":0,"43":0,"44":0,"45":0,"46":0,"47":0,"48":0},"f":{"0":0,"1":0,"2":0},"b":{"0":[0,0],"1":[0,0],"2":[0,0,0],"3":[0,0],"4":[0,0],"5":[0,0],"6":[0,0],"7":[0,0],"8":[0,0,0],"9":[0,0],"10":[0,0],"11":[0,0],"12":[0,0,0],"13":[0,0],"14":[0,0],"15":[0,0],"16":[0,0],"17":[0,0,0],"18":[0,0],"19":[0,0],"20":[0,0],"21":[0,0]},"meta":{"lastBranch":22,"lastFunction":3,"lastStatement":49,"seen":{"s:5:29:46:Infinity":0,"f:5:29:5:36":0,"s:6:10:6:Infinity":1,"s:7:31:7:Infinity":2,"b:9:4:11:Infinity:undefined:undefined:undefined:undefined":0,"s:9:4:11:Infinity":3,"s:10:8:10:Infinity":4,"s:14:30:18:Infinity":5,"b:20:4:22:Infinity:undefined:undefined:undefined:undefined":1,"s:20:4:22:Infinity":6,"b:20:8:20:21:20:21:20:51:20:51:20:78":2,"s:21:8:21:Infinity":7,"s:25:16:25:Infinity":8,"s:26:22:28:Infinity":9,"b:27:10:27:Infinity:28:10:28:Infinity":3,"b:27:10:27:47:27:47:27:Infinity":4,"s:30:28:36:Infinity":10,"b:38:4:40:Infinity:undefined:undefined:undefined:undefined":5,"s:38:4:40:Infinity":11,"s:39:8:39:Infinity":12,"s:42:4:45:Infinity":13,"s:49:30:102:Infinity":14,"f:49:30:49:37":1,"s:50:10:50:Infinity":15,"s:51:31:51:Infinity":16,"b:53:4:55:Infinity:undefined:undefined:undefined:undefined":6,"s:53:4:55:Infinity":17,"s:54:8:54:Infinity":18,"s:57:30:61:Infinity":19,"b:63:4:65:Infinity:undefined:undefined:undefined:undefined":7,"s:63:4:65:Infinity":20,"b:63:8:63:21:63:21:63:51:63:51:63:78":8,"s:64:8:64:Infinity":21,"s:67:17:67:Infinity":22,"s:68:57:68:Infinity":23,"s:71:28:71:Infinity":24,"b:71:68:71:80:71:80:71:Infinity":9,"b:71:28:71:56:71:56:71:68":10,"b:74:4:76:Infinity:undefined:undefined:undefined:undefined":11,"s:74:4:76:Infinity":25,"b:74:8:74:35:74:35:74:49:74:49:74:59":12,"s:75:8:75:Infinity":26,"s:78:28:88:Infinity":27,"b:90:4:96:Infinity:undefined:undefined:undefined:undefined":13,"s:90:4:96:Infinity":28,"b:92:8:94:Infinity:undefined:undefined:undefined:undefined":14,"s:92:8:94:Infinity":29,"s:93:12:93:Infinity":30,"s:95:8:95:Infinity":31,"s:98:4:101:Infinity":32,"s:105:32:142:Infinity":33,"f:105:32:105:39":2,"s:106:10:106:Infinity":34,"s:107:31:107:Infinity":35,"b:109:4:111:Infinity:undefined:undefined:undefined:undefined":15,"s:109:4:111:Infinity":36,"s:110:8:110:Infinity":37,"s:113:30:117:Infinity":38,"b:119:4:121:Infinity:undefined:undefined:undefined:undefined":16,"s:119:4:121:Infinity":39,"b:119:8:119:21:119:21:119:51:119:51:119:78":17,"s:120:8:120:Infinity":40,"s:123:17:123:Infinity":41,"s:124:19:124:Infinity":42,"b:126:4:128:Infinity:undefined:undefined:undefined:undefined":18,"s:126:4:128:Infinity":43,"s:127:8:127:Infinity":44,"s:131:22:135:Infinity":45,"b:135:39:135:54:135:54:135:60":19,"b:135:87:135:97:135:97:135:99":20,"b:137:4:139:Infinity:undefined:undefined:undefined:undefined":21,"s:137:4:139:Infinity":46,"s:138:8:138:Infinity":47,"s:141:4:141:Infinity":48}}}
}
