TN:
SF:src\middleware.ts
FN:4,(anonymous_0)
FN:34,(anonymous_1)
FNF:2
FNH:0
FNDA:0,(anonymous_0)
FNDA:0,(anonymous_1)
DA:4,0
DA:5,0
DA:8,0
DA:10,0
DA:11,0
DA:14,0
DA:15,0
DA:17,0
DA:19,0
DA:23,0
DA:24,0
DA:25,0
DA:30,0
DA:34,0
DA:35,0
DA:37,0
DA:39,0
DA:41,0
DA:46,0
DA:47,0
DA:48,0
DA:52,0
DA:55,0
DA:56,0
DA:57,0
DA:62,0
DA:63,0
DA:64,0
DA:70,0
DA:71,0
DA:72,0
DA:76,0
LF:32
LH:0
BRDA:17,0,0,0
BRDA:17,0,1,0
BRDA:24,1,0,0
BRDA:24,1,1,0
BRDA:30,2,0,0
BRDA:30,2,1,0
BRDA:35,3,0,0
BRDA:35,3,1,0
BRDA:35,3,2,0
BRDA:46,4,0,0
BRDA:46,4,1,0
BRDA:47,5,0,0
BRDA:47,5,1,0
BRDA:55,6,0,0
BRDA:55,6,1,0
BRDA:56,7,0,0
BRDA:56,7,1,0
BRDA:56,8,0,0
BRDA:56,8,1,0
BRDA:62,9,0,0
BRDA:62,9,1,0
BRDA:63,10,0,0
BRDA:63,10,1,0
BRDA:70,11,0,0
BRDA:70,11,1,0
BRDA:71,12,0,0
BRDA:71,12,1,0
BRF:27
BRH:0
end_of_record
TN:
SF:src\components\PricingModal.tsx
FN:34,PricingModal
FN:54,(anonymous_1)
FN:58,(anonymous_2)
FN:64,(anonymous_3)
FN:68,(anonymous_4)
FN:76,(anonymous_5)
FN:130,(anonymous_6)
FN:151,(anonymous_7)
FN:175,(anonymous_8)
FNF:9
FNH:9
FNDA:13,PricingModal
FNDA:96,(anonymous_1)
FNDA:36,(anonymous_2)
FNDA:12,(anonymous_3)
FNDA:1,(anonymous_4)
FNDA:1,(anonymous_5)
FNDA:3,(anonymous_6)
FNDA:36,(anonymous_7)
FNDA:1,(anonymous_8)
DA:42,13
DA:43,13
DA:44,13
DA:46,13
DA:48,12
DA:54,12
DA:55,96
DA:58,12
DA:59,36
DA:60,36
DA:61,36
DA:64,12
DA:65,12
DA:68,12
DA:69,1
DA:70,1
DA:71,0
DA:72,0
DA:76,12
DA:77,1
DA:79,1
DA:80,0
DA:81,0
DA:84,1
DA:86,1
DA:87,1
DA:96,1
DA:98,1
DA:99,0
DA:102,1
DA:103,1
DA:106,0
DA:107,0
DA:109,1
DA:113,12
DA:119,12
DA:130,3
DA:152,36
DA:153,36
DA:154,36
DA:156,36
DA:175,1
LF:42
LH:35
BRDA:46,0,0,1
BRDA:46,0,1,12
BRDA:46,1,0,13
BRDA:46,1,1,12
BRDA:69,2,0,1
BRDA:69,2,1,0
BRDA:69,2,2,0
BRDA:79,3,0,0
BRDA:79,3,1,1
BRDA:98,4,0,0
BRDA:98,4,1,1
BRDA:99,5,0,0
BRDA:99,5,1,0
BRDA:102,6,0,1
BRDA:102,6,1,0
BRDA:162,7,0,12
BRDA:162,7,1,24
BRDA:182,8,0,36
BRDA:182,8,1,24
BRDA:206,9,0,12
BRDA:206,9,1,0
BRDA:222,10,0,1
BRDA:222,10,1,11
BRDA:228,11,0,1
BRDA:228,11,1,11
BRDA:228,12,0,9
BRDA:228,12,1,2
BRF:27
BRH:19
end_of_record
TN:
SF:src\components\PricingSection.tsx
FN:64,PricingSection
FN:68,(anonymous_1)
FN:83,(anonymous_2)
FN:97,(anonymous_3)
FN:105,(anonymous_4)
FN:134,(anonymous_5)
FN:138,(anonymous_6)
FN:176,(anonymous_7)
FN:184,(anonymous_8)
FN:211,(anonymous_9)
FNF:10
FNH:0
FNDA:0,PricingSection
FNDA:0,(anonymous_1)
FNDA:0,(anonymous_2)
FNDA:0,(anonymous_3)
FNDA:0,(anonymous_4)
FNDA:0,(anonymous_5)
FNDA:0,(anonymous_6)
FNDA:0,(anonymous_7)
FNDA:0,(anonymous_8)
FNDA:0,(anonymous_9)
DA:55,0
DA:66,0
DA:68,0
DA:73,0
DA:81,0
DA:83,0
DA:84,0
DA:92,0
DA:96,0
DA:97,0
DA:99,0
DA:100,0
DA:105,0
DA:106,0
DA:107,0
DA:110,0
DA:116,0
DA:135,0
DA:136,0
DA:138,0
DA:139,0
DA:140,0
DA:142,0
DA:177,0
DA:184,0
DA:211,0
LF:26
LH:0
BRDA:86,0,0,0
BRDA:86,0,1,0
BRDA:86,0,2,0
BRDA:99,1,0,0
BRDA:99,1,1,0
BRDA:99,2,0,0
BRDA:99,2,1,0
BRDA:106,3,0,0
BRDA:106,3,1,0
BRDA:135,4,0,0
BRDA:135,4,1,0
BRDA:139,5,0,0
BRDA:139,5,1,0
BRDA:148,6,0,0
BRDA:148,6,1,0
BRDA:149,7,0,0
BRDA:149,7,1,0
BRDA:151,8,0,0
BRDA:151,8,1,0
BRDA:154,9,0,0
BRDA:154,9,1,0
BRDA:162,10,0,0
BRDA:162,10,1,0
BRDA:169,11,0,0
BRDA:169,11,1,0
BRDA:175,12,0,0
BRDA:175,12,1,0
BRDA:184,13,0,0
BRDA:184,13,1,0
BRDA:189,14,0,0
BRDA:189,14,1,0
BRDA:190,15,0,0
BRDA:190,15,1,0
BRF:33
BRH:0
end_of_record
TN:
SF:src\components\TeacherNotes.tsx
FN:13,TeacherNotes
FN:18,(anonymous_1)
FN:34,(anonymous_2)
FN:47,(anonymous_3)
FNF:4
FNH:3
FNDA:16,TeacherNotes
FNDA:4,(anonymous_1)
FNDA:0,(anonymous_2)
FNDA:1,(anonymous_3)
DA:14,16
DA:15,16
DA:16,16
DA:18,16
DA:19,4
DA:20,4
DA:22,4
DA:23,4
DA:29,3
DA:30,1
DA:33,2
DA:34,2
DA:36,1
DA:37,1
DA:39,3
DA:43,16
DA:47,1
LF:17
LH:17
BRDA:14,0,0,16
BRDA:14,0,1,3
BRDA:29,1,0,1
BRDA:29,1,1,2
BRDA:60,2,0,4
BRDA:60,2,1,12
BRDA:66,3,0,4
BRDA:66,3,1,12
BRDA:69,4,0,16
BRDA:69,4,1,2
BRDA:75,5,0,16
BRDA:75,5,1,1
BRF:12
BRH:12
end_of_record
TN:
SF:src\components\account\ProfileForm.tsx
FN:46,ProfileForm
FN:56,(anonymous_1)
FN:58,(anonymous_2)
FN:62,(anonymous_3)
FN:79,(anonymous_4)
FN:143,(anonymous_5)
FN:160,(anonymous_6)
FNF:7
FNH:6
FNDA:22,ProfileForm
FNDA:4,(anonymous_1)
FNDA:4,(anonymous_2)
FNDA:4,(anonymous_3)
FNDA:0,(anonymous_4)
FNDA:66,(anonymous_5)
FNDA:330,(anonymous_6)
DA:22,1
DA:40,1
DA:47,22
DA:53,22
DA:54,22
DA:56,22
DA:57,4
DA:58,4
DA:59,4
DA:62,22
DA:63,4
DA:64,4
DA:65,4
DA:67,4
DA:68,4
DA:74,3
DA:75,1
DA:78,2
DA:79,2
DA:81,1
DA:82,1
DA:84,3
DA:88,22
DA:144,66
DA:161,330
LF:25
LH:25
BRDA:48,0,0,22
BRDA:48,0,1,0
BRDA:49,1,0,22
BRDA:49,1,1,0
BRDA:50,2,0,22
BRDA:50,2,1,0
BRDA:51,3,0,22
BRDA:51,3,1,0
BRDA:74,4,0,1
BRDA:74,4,1,2
BRDA:171,5,0,4
BRDA:171,5,1,18
BRDA:176,6,0,4
BRDA:176,6,1,18
BRDA:179,7,0,22
BRDA:179,7,1,2
BRDA:182,8,0,22
BRDA:182,8,1,1
BRF:18
BRH:14
end_of_record
TN:
SF:src\components\admin\AssignTeacherButton.tsx
FN:28,AssignTeacherButton
FN:41,(anonymous_1)
FN:49,(anonymous_2)
FNF:3
FNH:0
FNDA:0,AssignTeacherButton
FNDA:0,(anonymous_1)
FNDA:0,(anonymous_2)
DA:36,0
DA:38,0
DA:41,0
DA:49,0
LF:4
LH:0
BRF:0
BRH:0
end_of_record
TN:
SF:src\components\admin\AssignTeacherModal.tsx
FN:28,AssignTeacherModal
FN:44,(anonymous_1)
FN:66,(anonymous_2)
FN:77,(anonymous_3)
FN:97,(anonymous_4)
FN:139,(anonymous_5)
FN:140,(anonymous_6)
FN:152,(anonymous_7)
FN:156,(anonymous_8)
FN:169,(anonymous_9)
FNF:10
FNH:6
FNDA:19,AssignTeacherModal
FNDA:2,(anonymous_1)
FNDA:0,(anonymous_2)
FNDA:0,(anonymous_3)
FNDA:0,(anonymous_4)
FNDA:1,(anonymous_5)
FNDA:0,(anonymous_6)
FNDA:3,(anonymous_7)
FNDA:54,(anonymous_8)
FNDA:1,(anonymous_9)
DA:37,19
DA:38,19
DA:39,19
DA:40,19
DA:42,19
DA:44,18
DA:45,2
DA:47,2
DA:48,2
DA:50,2
DA:51,2
DA:61,2
DA:62,0
DA:65,2
DA:66,2
DA:67,0
DA:68,0
DA:71,0
DA:73,2
DA:77,18
DA:78,0
DA:80,0
DA:81,0
DA:83,0
DA:84,0
DA:93,0
DA:94,0
DA:97,0
DA:98,0
DA:99,0
DA:102,0
DA:104,0
DA:108,18
DA:139,1
DA:140,0
DA:152,3
DA:157,54
DA:169,1
LF:38
LH:21
BRDA:37,0,0,19
BRDA:37,0,1,18
BRDA:42,1,0,1
BRDA:42,1,1,18
BRDA:45,2,0,0
BRDA:45,2,1,2
BRDA:61,3,0,0
BRDA:61,3,1,2
BRDA:78,4,0,0
BRDA:78,4,1,0
BRDA:93,5,0,0
BRDA:93,5,1,0
BRDA:135,6,0,18
BRDA:135,6,1,1
BRDA:139,7,0,1
BRDA:139,7,1,0
BRDA:158,8,0,54
BRDA:158,8,1,18
BRDA:176,9,0,19
BRDA:176,9,1,2
BRDA:177,10,0,2
BRDA:177,10,1,0
BRDA:187,11,0,19
BRDA:187,11,1,8
BRDA:188,12,0,12
BRDA:188,12,1,6
BRDA:188,13,0,19
BRDA:188,13,1,8
BRDA:193,14,0,2
BRDA:193,14,1,16
BRDA:196,15,0,19
BRDA:196,15,1,1
BRF:32
BRH:24
end_of_record
TN:
SF:src\components\admin\StudentFilters.tsx
FN:35,StudentFilters
FN:40,(anonymous_1)
FN:41,(anonymous_2)
FN:66,(anonymous_3)
FN:75,(anonymous_4)
FN:90,(anonymous_5)
FN:111,(anonymous_6)
FN:118,(anonymous_7)
FN:129,(anonymous_8)
FN:133,(anonymous_9)
FN:159,(anonymous_10)
FNF:11
FNH:9
FNDA:12,StudentFilters
FNDA:12,(anonymous_1)
FNDA:36,(anonymous_2)
FNDA:29,(anonymous_3)
FNDA:29,(anonymous_4)
FNDA:29,(anonymous_5)
FNDA:3,(anonymous_6)
FNDA:0,(anonymous_7)
FNDA:0,(anonymous_8)
FNDA:24,(anonymous_9)
FNDA:29,(anonymous_10)
DA:36,12
DA:37,12
DA:38,12
DA:40,12
DA:41,12
DA:43,36
DA:44,36
DA:49,36
DA:50,36
DA:51,0
DA:52,36
DA:53,0
DA:54,36
DA:55,0
DA:60,36
DA:62,36
DA:66,12
DA:67,29
DA:68,29
DA:75,12
DA:76,29
DA:77,10
DA:79,19
DA:80,10
DA:81,10
DA:82,10
DA:83,10
DA:85,0
DA:87,9
DA:90,12
DA:91,29
DA:92,19
DA:97,19
DA:98,29
DA:104,12
DA:111,3
DA:118,0
DA:129,0
DA:134,24
DA:160,29
DA:161,29
DA:163,29
LF:42
LH:36
BRDA:44,0,0,36
BRDA:44,0,1,9
BRDA:44,0,2,8
BRDA:50,1,0,0
BRDA:50,1,1,36
BRDA:52,2,0,0
BRDA:52,2,1,36
BRDA:54,3,0,0
BRDA:54,3,1,36
BRDA:55,4,0,0
BRDA:55,4,1,0
BRDA:55,4,2,0
BRDA:60,5,0,36
BRDA:60,5,1,0
BRDA:62,6,0,36
BRDA:62,6,1,29
BRDA:62,6,2,29
BRDA:68,7,0,29
BRDA:68,7,1,0
BRDA:68,8,0,0
BRDA:68,8,1,0
BRDA:76,9,0,10
BRDA:76,9,1,19
BRDA:79,10,0,10
BRDA:79,10,1,9
BRDA:80,11,0,10
BRDA:80,11,1,0
BRDA:82,12,0,10
BRDA:82,12,1,0
BRDA:82,13,0,10
BRDA:82,13,1,10
BRDA:91,14,0,10
BRDA:91,14,1,19
BRDA:97,15,0,19
BRDA:97,15,1,0
BRDA:100,16,0,29
BRDA:100,16,1,10
BRDA:170,17,0,29
BRDA:170,17,1,0
BRDA:178,18,0,19
BRDA:178,18,1,10
BRDA:192,19,0,29
BRDA:192,19,1,10
BRDA:214,20,0,12
BRDA:214,20,1,1
BRF:45
BRH:31
end_of_record
TN:
SF:src\components\calendar\AdminCalendar.tsx
FN:45,AdminCalendar
FN:61,(anonymous_1)
FN:73,(anonymous_2)
FN:80,(anonymous_3)
FN:103,(anonymous_4)
FN:113,(anonymous_5)
FN:123,(anonymous_6)
FN:130,(anonymous_7)
FN:138,(anonymous_8)
FN:140,(anonymous_9)
FN:143,(anonymous_10)
FN:146,(anonymous_11)
FN:153,(anonymous_12)
FN:160,(anonymous_13)
FN:167,(anonymous_14)
FN:172,(anonymous_15)
FN:181,(anonymous_16)
FN:190,(anonymous_17)
FN:194,(anonymous_18)
FN:195,(anonymous_19)
FN:198,(anonymous_20)
FN:233,(anonymous_21)
FN:239,(anonymous_22)
FN:249,(anonymous_23)
FN:253,(anonymous_24)
FN:262,(anonymous_25)
FN:274,(anonymous_26)
FN:292,(anonymous_27)
FN:301,(anonymous_28)
FN:304,(anonymous_29)
FN:327,(anonymous_30)
FN:336,(anonymous_31)
FN:354,(anonymous_32)
FN:357,(anonymous_33)
FN:378,(anonymous_34)
FN:394,(anonymous_35)
FN:406,(anonymous_36)
FNF:37
FNH:0
FNDA:0,AdminCalendar
FNDA:0,(anonymous_1)
FNDA:0,(anonymous_2)
FNDA:0,(anonymous_3)
FNDA:0,(anonymous_4)
FNDA:0,(anonymous_5)
FNDA:0,(anonymous_6)
FNDA:0,(anonymous_7)
FNDA:0,(anonymous_8)
FNDA:0,(anonymous_9)
FNDA:0,(anonymous_10)
FNDA:0,(anonymous_11)
FNDA:0,(anonymous_12)
FNDA:0,(anonymous_13)
FNDA:0,(anonymous_14)
FNDA:0,(anonymous_15)
FNDA:0,(anonymous_16)
FNDA:0,(anonymous_17)
FNDA:0,(anonymous_18)
FNDA:0,(anonymous_19)
FNDA:0,(anonymous_20)
FNDA:0,(anonymous_21)
FNDA:0,(anonymous_22)
FNDA:0,(anonymous_23)
FNDA:0,(anonymous_24)
FNDA:0,(anonymous_25)
FNDA:0,(anonymous_26)
FNDA:0,(anonymous_27)
FNDA:0,(anonymous_28)
FNDA:0,(anonymous_29)
FNDA:0,(anonymous_30)
FNDA:0,(anonymous_31)
FNDA:0,(anonymous_32)
FNDA:0,(anonymous_33)
FNDA:0,(anonymous_34)
FNDA:0,(anonymous_35)
FNDA:0,(anonymous_36)
DA:52,0
DA:53,0
DA:54,0
DA:55,0
DA:57,0
DA:58,0
DA:61,0
DA:62,0
DA:63,0
DA:64,0
DA:65,0
DA:66,0
DA:67,0
DA:70,0
DA:73,0
DA:74,0
DA:75,0
DA:76,0
DA:80,0
DA:81,0
DA:82,0
DA:83,0
DA:84,0
DA:86,0
DA:89,0
DA:90,0
DA:91,0
DA:95,0
DA:96,0
DA:99,0
DA:103,0
DA:104,0
DA:105,0
DA:106,0
DA:107,0
DA:109,0
DA:113,0
DA:114,0
DA:115,0
DA:116,0
DA:117,0
DA:119,0
DA:123,0
DA:124,0
DA:125,0
DA:126,0
DA:130,0
DA:131,0
DA:132,0
DA:134,0
DA:138,0
DA:139,0
DA:140,0
DA:141,0
DA:142,0
DA:143,0
DA:146,0
DA:147,0
DA:153,0
DA:154,0
DA:160,0
DA:161,0
DA:167,0
DA:168,0
DA:169,0
DA:172,0
DA:173,0
DA:174,0
DA:175,0
DA:176,0
DA:177,0
DA:181,0
DA:182,0
DA:183,0
DA:190,0
DA:191,0
DA:194,0
DA:195,0
DA:198,0
DA:199,0
DA:202,0
DA:203,0
DA:205,0
DA:233,0
DA:239,0
DA:249,0
DA:254,0
DA:262,0
DA:275,0
DA:293,0
DA:295,0
DA:302,0
DA:304,0
DA:328,0
DA:337,0
DA:338,0
DA:341,0
DA:343,0
DA:355,0
DA:357,0
DA:379,0
DA:380,0
DA:394,0
DA:406,0
LF:104
LH:0
BRDA:64,0,0,0
BRDA:64,0,1,0
BRDA:89,1,0,0
BRDA:89,1,1,0
BRDA:104,2,0,0
BRDA:104,2,1,0
BRDA:114,3,0,0
BRDA:114,3,1,0
BRDA:131,4,0,0
BRDA:131,4,1,0
BRDA:131,5,0,0
BRDA:131,5,1,0
BRDA:147,6,0,0
BRDA:147,6,1,0
BRDA:154,7,0,0
BRDA:154,7,1,0
BRDA:161,8,0,0
BRDA:161,8,1,0
BRDA:173,9,0,0
BRDA:173,9,1,0
BRDA:173,9,2,0
BRDA:173,9,3,0
BRDA:182,10,0,0
BRDA:182,10,1,0
BRDA:195,11,0,0
BRDA:195,11,1,0
BRDA:221,12,0,0
BRDA:221,12,1,0
BRDA:234,13,0,0
BRDA:234,13,1,0
BRDA:240,14,0,0
BRDA:240,14,1,0
BRDA:255,15,0,0
BRDA:255,15,1,0
BRDA:271,16,0,0
BRDA:271,16,1,0
BRDA:277,17,0,0
BRDA:277,17,1,0
BRDA:285,18,0,0
BRDA:285,18,1,0
BRDA:298,19,0,0
BRDA:298,19,1,0
BRDA:309,20,0,0
BRDA:309,20,1,0
BRDA:312,21,0,0
BRDA:312,21,1,0
BRDA:323,22,0,0
BRDA:323,22,1,0
BRDA:337,23,0,0
BRDA:337,23,1,0
BRDA:346,24,0,0
BRDA:346,24,1,0
BRDA:351,25,0,0
BRDA:351,25,1,0
BRDA:360,26,0,0
BRDA:360,26,1,0
BRDA:363,27,0,0
BRDA:363,27,1,0
BRDA:376,28,0,0
BRDA:376,28,1,0
BRDA:376,28,2,0
BRDA:383,29,0,0
BRDA:383,29,1,0
BRDA:391,30,0,0
BRDA:391,30,1,0
BRDA:403,31,0,0
BRDA:403,31,1,0
BRF:67
BRH:0
end_of_record
TN:
SF:src\components\calendar\AdminScheduleModal.tsx
FN:33,AdminScheduleModal
FN:55,(anonymous_1)
FN:71,(anonymous_2)
FN:72,(anonymous_3)
FN:97,(anonymous_4)
FN:142,(anonymous_5)
FN:178,(anonymous_6)
FN:182,(anonymous_7)
FN:196,(anonymous_8)
FN:200,(anonymous_9)
FN:209,(anonymous_10)
FN:221,(anonymous_11)
FN:232,(anonymous_12)
FN:239,(anonymous_13)
FN:251,(anonymous_14)
FN:261,(anonymous_15)
FN:279,(anonymous_16)
FN:296,(anonymous_17)
FN:304,(anonymous_18)
FN:307,(anonymous_19)
FN:323,(anonymous_20)
FN:335,(anonymous_21)
FN:342,(anonymous_22)
FN:342,(anonymous_23)
FN:343,(anonymous_24)
FN:343,(anonymous_25)
FN:357,(anonymous_26)
FNF:27
FNH:0
FNDA:0,AdminScheduleModal
FNDA:0,(anonymous_1)
FNDA:0,(anonymous_2)
FNDA:0,(anonymous_3)
FNDA:0,(anonymous_4)
FNDA:0,(anonymous_5)
FNDA:0,(anonymous_6)
FNDA:0,(anonymous_7)
FNDA:0,(anonymous_8)
FNDA:0,(anonymous_9)
FNDA:0,(anonymous_10)
FNDA:0,(anonymous_11)
FNDA:0,(anonymous_12)
FNDA:0,(anonymous_13)
FNDA:0,(anonymous_14)
FNDA:0,(anonymous_15)
FNDA:0,(anonymous_16)
FNDA:0,(anonymous_17)
FNDA:0,(anonymous_18)
FNDA:0,(anonymous_19)
FNDA:0,(anonymous_20)
FNDA:0,(anonymous_21)
FNDA:0,(anonymous_22)
FNDA:0,(anonymous_23)
FNDA:0,(anonymous_24)
FNDA:0,(anonymous_25)
FNDA:0,(anonymous_26)
DA:42,0
DA:43,0
DA:44,0
DA:45,0
DA:46,0
DA:47,0
DA:48,0
DA:49,0
DA:50,0
DA:51,0
DA:52,0
DA:53,0
DA:55,0
DA:56,0
DA:57,0
DA:58,0
DA:59,0
DA:60,0
DA:61,0
DA:62,0
DA:63,0
DA:64,0
DA:65,0
DA:66,0
DA:67,0
DA:71,0
DA:72,0
DA:73,0
DA:74,0
DA:76,0
DA:77,0
DA:81,0
DA:83,0
DA:84,0
DA:86,0
DA:88,0
DA:92,0
DA:93,0
DA:97,0
DA:98,0
DA:102,0
DA:103,0
DA:104,0
DA:105,0
DA:107,0
DA:110,0
DA:111,0
DA:113,0
DA:114,0
DA:126,0
DA:127,0
DA:128,0
DA:131,0
DA:132,0
DA:133,0
DA:134,0
DA:136,0
DA:138,0
DA:142,0
DA:143,0
DA:149,0
DA:151,0
DA:153,0
DA:178,0
DA:183,0
DA:196,0
DA:201,0
DA:209,0
DA:221,0
DA:232,0
DA:239,0
DA:251,0
DA:262,0
DA:263,0
DA:279,0
DA:296,0
DA:305,0
DA:307,0
DA:323,0
DA:335,0
DA:342,0
DA:343,0
DA:357,0
LF:83
LH:0
BRDA:56,0,0,0
BRDA:56,0,1,0
BRDA:81,1,0,0
BRDA:81,1,1,0
BRDA:84,2,0,0
BRDA:84,2,1,0
BRDA:92,3,0,0
BRDA:92,3,1,0
BRDA:92,4,0,0
BRDA:92,4,1,0
BRDA:92,4,2,0
BRDA:98,5,0,0
BRDA:98,5,1,0
BRDA:98,6,0,0
BRDA:98,6,1,0
BRDA:102,7,0,0
BRDA:102,7,1,0
BRDA:104,8,0,0
BRDA:104,8,1,0
BRDA:122,9,0,0
BRDA:122,9,1,0
BRDA:126,10,0,0
BRDA:126,10,1,0
BRDA:128,11,0,0
BRDA:128,11,1,0
BRDA:136,12,0,0
BRDA:136,12,1,0
BRDA:143,13,0,0
BRDA:143,13,1,0
BRDA:151,14,0,0
BRDA:151,14,1,0
BRDA:163,15,0,0
BRDA:163,15,1,0
BRDA:170,16,0,0
BRDA:170,16,1,0
BRDA:184,17,0,0
BRDA:184,17,1,0
BRDA:202,18,0,0
BRDA:202,18,1,0
BRDA:210,19,0,0
BRDA:210,19,1,0
BRDA:219,20,0,0
BRDA:219,20,1,0
BRDA:249,21,0,0
BRDA:249,21,1,0
BRDA:271,22,0,0
BRDA:271,22,1,0
BRDA:289,23,0,0
BRDA:289,23,1,0
BRDA:291,24,0,0
BRDA:291,24,1,0
BRDA:308,25,0,0
BRDA:308,25,1,0
BRDA:318,26,0,0
BRDA:318,26,1,0
BRDA:318,26,2,0
BRDA:333,27,0,0
BRDA:333,27,1,0
BRDA:342,28,0,0
BRDA:342,28,1,0
BRDA:343,29,0,0
BRDA:343,29,1,0
BRDA:344,30,0,0
BRDA:344,30,1,0
BRDA:345,31,0,0
BRDA:345,31,1,0
BRDA:345,32,0,0
BRDA:345,32,1,0
BRDA:368,33,0,0
BRDA:368,33,1,0
BRF:70
BRH:0
end_of_record
TN:
SF:src\components\calendar\AvailabilityManager.tsx
FN:27,AvailabilityManager
FN:40,(anonymous_1)
FN:48,(anonymous_2)
FN:78,(anonymous_3)
FN:86,(anonymous_4)
FN:101,(anonymous_5)
FN:104,(anonymous_6)
FN:112,(anonymous_7)
FN:131,(anonymous_8)
FN:143,(anonymous_9)
FN:144,(anonymous_10)
FN:153,(anonymous_11)
FN:173,(anonymous_12)
FN:190,(anonymous_13)
FN:193,(anonymous_14)
FN:208,(anonymous_15)
FN:219,(anonymous_16)
FN:235,(anonymous_17)
FNF:18
FNH:0
FNDA:0,AvailabilityManager
FNDA:0,(anonymous_1)
FNDA:0,(anonymous_2)
FNDA:0,(anonymous_3)
FNDA:0,(anonymous_4)
FNDA:0,(anonymous_5)
FNDA:0,(anonymous_6)
FNDA:0,(anonymous_7)
FNDA:0,(anonymous_8)
FNDA:0,(anonymous_9)
FNDA:0,(anonymous_10)
FNDA:0,(anonymous_11)
FNDA:0,(anonymous_12)
FNDA:0,(anonymous_13)
FNDA:0,(anonymous_14)
FNDA:0,(anonymous_15)
FNDA:0,(anonymous_16)
FNDA:0,(anonymous_17)
DA:33,0
DA:34,0
DA:35,0
DA:36,0
DA:37,0
DA:40,0
DA:41,0
DA:42,0
DA:44,0
DA:45,0
DA:48,0
DA:49,0
DA:50,0
DA:52,0
DA:53,0
DA:64,0
DA:65,0
DA:68,0
DA:70,0
DA:71,0
DA:74,0
DA:75,0
DA:76,0
DA:78,0
DA:80,0
DA:82,0
DA:86,0
DA:87,0
DA:88,0
DA:90,0
DA:91,0
DA:97,0
DA:98,0
DA:101,0
DA:102,0
DA:104,0
DA:106,0
DA:108,0
DA:112,0
DA:113,0
DA:117,0
DA:119,0
DA:132,0
DA:143,0
DA:145,0
DA:153,0
DA:173,0
DA:190,0
DA:194,0
DA:208,0
DA:219,0
DA:235,0
LF:52
LH:0
BRDA:41,0,0,0
BRDA:41,0,1,0
BRDA:64,1,0,0
BRDA:64,1,1,0
BRDA:70,2,0,0
BRDA:70,2,1,0
BRDA:97,3,0,0
BRDA:97,3,1,0
BRDA:122,4,0,0
BRDA:122,4,1,0
BRDA:123,5,0,0
BRDA:123,5,1,0
BRDA:140,6,0,0
BRDA:140,6,1,0
BRDA:171,7,0,0
BRDA:171,7,1,0
BRDA:232,8,0,0
BRDA:232,8,1,0
BRF:18
BRH:0
end_of_record
TN:
SF:src\components\calendar\NextClassCard.tsx
FN:28,NextClassCard
FN:50,(anonymous_1)
FN:58,(anonymous_2)
FN:65,(anonymous_3)
FN:79,(anonymous_4)
FNF:5
FNH:5
FNDA:14,NextClassCard
FNDA:12,(anonymous_1)
FNDA:12,(anonymous_2)
FNDA:12,(anonymous_3)
FNDA:12,(anonymous_4)
DA:29,14
DA:30,2
DA:44,12
DA:45,12
DA:46,12
DA:47,12
DA:48,12
DA:50,12
DA:51,12
DA:58,12
DA:59,12
DA:65,12
DA:66,12
DA:67,4
DA:68,8
DA:69,6
DA:71,2
DA:72,2
DA:73,2
DA:75,0
DA:79,12
DA:80,12
DA:81,6
DA:82,6
DA:85,12
DA:87,14
LF:26
LH:25
BRDA:29,0,0,2
BRDA:29,0,1,12
BRDA:51,1,0,10
BRDA:51,1,1,2
BRDA:51,2,0,1
BRDA:51,2,1,1
BRDA:59,3,0,10
BRDA:59,3,1,2
BRDA:59,4,0,1
BRDA:59,4,1,1
BRDA:66,5,0,4
BRDA:66,5,1,8
BRDA:67,6,0,1
BRDA:67,6,1,3
BRDA:68,7,0,6
BRDA:68,7,1,2
BRDA:69,8,0,5
BRDA:69,8,1,1
BRDA:72,9,0,2
BRDA:72,9,1,0
BRDA:80,10,0,6
BRDA:80,10,1,6
BRDA:82,11,0,6
BRDA:82,11,1,1
BRDA:85,12,0,12
BRDA:85,12,1,3
BRDA:88,13,0,3
BRDA:88,13,1,9
BRDA:96,14,0,14
BRDA:96,14,1,3
BRDA:109,15,0,14
BRDA:109,15,1,1
BRDA:109,15,2,0
BRDA:112,16,0,14
BRDA:112,16,1,9
BRDA:120,17,0,1
BRDA:120,17,1,11
BRDA:120,18,0,14
BRDA:120,18,1,1
BRF:39
BRH:37
end_of_record
TN:
SF:src\components\calendar\ScheduleSessionModal.tsx
FN:26,ScheduleSessionModal
FN:46,(anonymous_1)
FN:61,(anonymous_2)
FN:62,(anonymous_3)
FN:89,(anonymous_4)
FN:126,(anonymous_5)
FN:164,(anonymous_6)
FN:168,(anonymous_7)
FN:176,(anonymous_8)
FN:189,(anonymous_9)
FN:201,(anonymous_10)
FN:207,(anonymous_11)
FN:220,(anonymous_12)
FN:240,(anonymous_13)
FN:243,(anonymous_14)
FN:257,(anonymous_15)
FN:270,(anonymous_16)
FN:280,(anonymous_17)
FN:280,(anonymous_18)
FN:295,(anonymous_19)
FNF:20
FNH:8
FNDA:9,ScheduleSessionModal
FNDA:2,(anonymous_1)
FNDA:3,(anonymous_2)
FNDA:1,(anonymous_3)
FNDA:0,(anonymous_4)
FNDA:0,(anonymous_5)
FNDA:1,(anonymous_6)
FNDA:5,(anonymous_7)
FNDA:1,(anonymous_8)
FNDA:0,(anonymous_9)
FNDA:1,(anonymous_10)
FNDA:0,(anonymous_11)
FNDA:0,(anonymous_12)
FNDA:0,(anonymous_13)
FNDA:0,(anonymous_14)
FNDA:0,(anonymous_15)
FNDA:0,(anonymous_16)
FNDA:0,(anonymous_17)
FNDA:0,(anonymous_18)
FNDA:0,(anonymous_19)
DA:35,9
DA:36,9
DA:37,9
DA:38,9
DA:39,9
DA:40,9
DA:41,9
DA:42,9
DA:43,9
DA:46,9
DA:47,2
DA:48,2
DA:49,2
DA:50,2
DA:51,2
DA:52,2
DA:53,2
DA:54,2
DA:55,2
DA:61,9
DA:62,3
DA:63,1
DA:64,1
DA:66,1
DA:67,1
DA:71,1
DA:72,0
DA:75,1
DA:76,1
DA:78,0
DA:80,1
DA:84,3
DA:85,1
DA:89,9
DA:90,0
DA:92,0
DA:93,0
DA:95,0
DA:96,0
DA:108,0
DA:109,0
DA:110,0
DA:113,0
DA:114,0
DA:115,0
DA:118,0
DA:120,0
DA:122,0
DA:126,9
DA:127,0
DA:134,9
DA:136,9
DA:138,9
DA:164,1
DA:169,5
DA:176,1
DA:189,0
DA:201,1
DA:207,0
DA:220,0
DA:241,0
DA:243,0
DA:257,0
DA:270,0
DA:280,0
DA:295,0
LF:66
LH:40
BRDA:47,0,0,2
BRDA:47,0,1,0
BRDA:71,1,0,0
BRDA:71,1,1,1
BRDA:76,2,0,1
BRDA:76,2,1,0
BRDA:84,3,0,1
BRDA:84,3,1,2
BRDA:90,4,0,0
BRDA:90,4,1,0
BRDA:90,5,0,0
BRDA:90,5,1,0
BRDA:104,6,0,0
BRDA:104,6,1,0
BRDA:108,7,0,0
BRDA:108,7,1,0
BRDA:110,8,0,0
BRDA:110,8,1,0
BRDA:120,9,0,0
BRDA:120,9,1,0
BRDA:127,10,0,0
BRDA:127,10,1,0
BRDA:136,11,0,0
BRDA:136,11,1,9
BRDA:150,12,0,9
BRDA:150,12,1,0
BRDA:157,13,0,9
BRDA:157,13,1,5
BRDA:170,14,0,5
BRDA:170,14,1,0
BRDA:186,15,0,9
BRDA:186,15,1,4
BRDA:217,16,0,9
BRDA:217,16,1,0
BRDA:230,17,0,0
BRDA:230,17,1,0
BRDA:232,18,0,0
BRDA:232,18,1,0
BRDA:244,19,0,0
BRDA:244,19,1,0
BRDA:255,20,0,0
BRDA:255,20,1,0
BRDA:267,21,0,9
BRDA:267,21,1,0
BRDA:280,22,0,0
BRDA:280,22,1,0
BRDA:281,23,0,0
BRDA:281,23,1,0
BRDA:282,24,0,0
BRDA:282,24,1,0
BRDA:306,25,0,0
BRDA:306,25,1,0
BRF:52
BRH:14
end_of_record
TN:
SF:src\components\calendar\SessionDetailModal.tsx
FN:32,SessionDetailModal
FN:46,(anonymous_1)
FN:56,(anonymous_2)
FN:87,(anonymous_3)
FN:99,(anonymous_4)
FN:176,(anonymous_5)
FN:181,(anonymous_6)
FN:204,(anonymous_7)
FN:211,(anonymous_8)
FN:220,(anonymous_9)
FNF:10
FNH:5
FNDA:6,SessionDetailModal
FNDA:6,(anonymous_1)
FNDA:1,(anonymous_2)
FNDA:0,(anonymous_3)
FNDA:6,(anonymous_4)
FNDA:0,(anonymous_5)
FNDA:0,(anonymous_6)
FNDA:0,(anonymous_7)
FNDA:0,(anonymous_8)
FNDA:1,(anonymous_9)
DA:41,6
DA:42,6
DA:43,6
DA:44,6
DA:46,6
DA:47,6
DA:56,6
DA:57,1
DA:58,1
DA:60,1
DA:61,1
DA:71,1
DA:72,0
DA:73,0
DA:77,1
DA:83,1
DA:84,1
DA:86,1
DA:87,1
DA:88,0
DA:89,0
DA:93,0
DA:95,1
DA:99,6
DA:100,6
DA:102,0
DA:104,0
DA:106,0
DA:108,6
DA:112,6
DA:113,6
DA:114,6
DA:116,6
DA:118,6
DA:176,0
DA:181,0
DA:204,0
DA:211,0
DA:220,1
LF:39
LH:27
BRDA:42,0,0,6
BRDA:42,0,1,0
BRDA:47,1,0,6
BRDA:47,1,1,0
BRDA:67,2,0,0
BRDA:67,2,1,1
BRDA:67,3,0,1
BRDA:67,3,1,1
BRDA:71,4,0,0
BRDA:71,4,1,1
BRDA:73,5,0,0
BRDA:73,5,1,0
BRDA:79,6,0,0
BRDA:79,6,1,1
BRDA:79,7,0,1
BRDA:79,7,1,0
BRDA:79,8,0,0
BRDA:79,8,1,0
BRDA:86,9,0,1
BRDA:86,9,1,0
BRDA:93,10,0,0
BRDA:93,10,1,0
BRDA:100,11,0,0
BRDA:100,11,1,0
BRDA:100,11,2,0
BRDA:100,11,3,6
BRDA:114,12,0,6
BRDA:114,12,1,5
BRDA:116,13,0,0
BRDA:116,13,1,6
BRDA:127,14,0,6
BRDA:127,14,1,0
BRDA:153,15,0,6
BRDA:153,15,1,6
BRDA:169,16,0,6
BRDA:169,16,1,5
BRDA:191,17,0,6
BRDA:191,17,1,1
BRDA:192,18,0,1
BRDA:192,18,1,0
BRDA:199,19,0,6
BRDA:199,19,1,5
BRDA:201,20,0,0
BRDA:201,20,1,5
BRF:44
BRH:24
end_of_record
TN:
SF:src\components\calendar\StudentCancelModal.tsx
FN:21,StudentCancelModal
FN:34,(anonymous_1)
FN:44,(anonymous_2)
FN:106,(anonymous_3)
FNF:4
FNH:3
FNDA:4,StudentCancelModal
FNDA:4,(anonymous_1)
FNDA:1,(anonymous_2)
FNDA:0,(anonymous_3)
DA:29,4
DA:30,4
DA:31,4
DA:32,4
DA:34,4
DA:35,4
DA:44,4
DA:45,1
DA:46,1
DA:48,1
DA:49,1
DA:59,1
DA:60,0
DA:61,0
DA:64,1
DA:66,0
DA:68,1
DA:72,4
DA:74,4
DA:106,0
LF:20
LH:16
BRDA:35,0,0,4
BRDA:35,0,1,0
BRDA:55,1,0,1
BRDA:55,1,1,1
BRDA:59,2,0,0
BRDA:59,2,1,1
BRDA:61,3,0,0
BRDA:61,3,1,0
BRDA:66,4,0,0
BRDA:66,4,1,0
BRDA:72,5,0,0
BRDA:72,5,1,4
BRDA:95,6,0,4
BRDA:95,6,1,0
BRDA:113,7,0,4
BRDA:113,7,1,0
BRDA:133,8,0,1
BRDA:133,8,1,3
BRF:18
BRH:9
end_of_record
TN:
SF:src\components\calendar\StudentClassList.tsx
FN:25,StudentClassList
FN:37,(anonymous_1)
FN:45,(anonymous_2)
FN:52,(anonymous_3)
FN:65,(anonymous_4)
FN:72,(anonymous_5)
FN:81,(anonymous_6)
FN:88,(anonymous_7)
FN:89,(anonymous_8)
FN:90,(anonymous_9)
FN:97,(anonymous_10)
FN:175,(anonymous_11)
FN:199,(anonymous_12)
FN:208,(anonymous_13)
FN:226,(anonymous_14)
FN:238,(anonymous_15)
FN:247,(anonymous_16)
FNF:17
FNH:11
FNDA:20,StudentClassList
FNDA:17,(anonymous_1)
FNDA:17,(anonymous_2)
FNDA:17,(anonymous_3)
FNDA:14,(anonymous_4)
FNDA:14,(anonymous_5)
FNDA:14,(anonymous_6)
FNDA:0,(anonymous_7)
FNDA:0,(anonymous_8)
FNDA:0,(anonymous_9)
FNDA:17,(anonymous_10)
FNDA:0,(anonymous_11)
FNDA:0,(anonymous_12)
FNDA:4,(anonymous_13)
FNDA:14,(anonymous_14)
FNDA:3,(anonymous_15)
FNDA:0,(anonymous_16)
DA:31,20
DA:32,20
DA:33,20
DA:34,20
DA:35,20
DA:37,20
DA:38,17
DA:45,20
DA:46,17
DA:52,20
DA:53,17
DA:55,2
DA:57,1
DA:59,0
DA:61,14
DA:65,20
DA:66,14
DA:67,14
DA:68,14
DA:69,14
DA:72,20
DA:73,14
DA:74,14
DA:75,14
DA:76,14
DA:78,14
DA:81,20
DA:82,14
DA:83,14
DA:84,14
DA:85,14
DA:88,20
DA:89,0
DA:90,0
DA:91,0
DA:92,0
DA:94,0
DA:97,20
DA:98,17
DA:99,17
DA:100,17
DA:101,17
DA:103,17
DA:175,0
DA:194,20
DA:199,0
DA:208,4
DA:226,14
DA:238,3
DA:247,0
LF:50
LH:41
BRDA:38,0,0,17
BRDA:38,0,1,0
BRDA:38,1,0,0
BRDA:38,1,1,0
BRDA:46,2,0,17
BRDA:46,2,1,0
BRDA:46,3,0,0
BRDA:46,3,1,0
BRDA:53,4,0,2
BRDA:53,4,1,1
BRDA:53,4,2,0
BRDA:53,4,3,14
BRDA:69,5,0,14
BRDA:69,5,1,10
BRDA:73,6,0,0
BRDA:73,6,1,14
BRDA:73,7,0,14
BRDA:73,7,1,14
BRDA:78,8,0,14
BRDA:78,8,1,2
BRDA:85,9,0,14
BRDA:85,9,1,12
BRDA:91,10,0,0
BRDA:91,10,1,0
BRDA:99,11,0,17
BRDA:99,11,1,14
BRDA:100,12,0,17
BRDA:100,12,1,14
BRDA:101,13,0,17
BRDA:101,13,1,14
BRDA:106,14,0,12
BRDA:106,14,1,5
BRDA:109,15,0,17
BRDA:109,15,1,12
BRDA:134,16,0,17
BRDA:134,16,1,0
BRDA:134,16,2,0
BRDA:143,17,0,17
BRDA:143,17,1,3
BRDA:143,17,2,0
BRDA:154,18,0,17
BRDA:154,18,1,14
BRDA:154,18,2,14
BRDA:156,19,0,14
BRDA:156,19,1,2
BRDA:156,19,2,2
BRDA:167,20,0,14
BRDA:167,20,1,12
BRDA:167,20,2,12
BRDA:173,21,0,14
BRDA:173,21,1,10
BRDA:182,22,0,14
BRDA:182,22,1,4
BRDA:182,22,2,4
BRDA:200,23,0,16
BRDA:200,23,1,4
BRDA:209,24,0,4
BRDA:209,24,1,16
BRDA:219,25,0,20
BRDA:219,25,1,16
BRDA:221,26,0,5
BRDA:221,26,1,11
BRDA:231,27,0,20
BRDA:231,27,1,4
BRDA:233,28,0,1
BRDA:233,28,1,3
BRDA:244,29,0,20
BRDA:244,29,1,0
BRF:68
BRH:54
end_of_record
TN:
SF:src\components\calendar\TeacherCalendar.tsx
FN:33,TeacherCalendar
FN:42,(anonymous_1)
FN:56,(anonymous_2)
FN:63,(anonymous_3)
FN:69,(anonymous_4)
FN:75,(anonymous_5)
FN:90,(anonymous_6)
FN:96,(anonymous_7)
FN:107,(anonymous_8)
FN:114,(anonymous_9)
FN:122,(anonymous_10)
FN:127,(anonymous_11)
FN:140,(anonymous_12)
FN:144,(anonymous_13)
FN:145,(anonymous_14)
FN:148,(anonymous_15)
FN:181,(anonymous_16)
FN:191,(anonymous_17)
FN:209,(anonymous_18)
FN:220,(anonymous_19)
FN:221,(anonymous_20)
FN:224,(anonymous_21)
FN:262,(anonymous_22)
FN:274,(anonymous_23)
FNF:24
FNH:0
FNDA:0,TeacherCalendar
FNDA:0,(anonymous_1)
FNDA:0,(anonymous_2)
FNDA:0,(anonymous_3)
FNDA:0,(anonymous_4)
FNDA:0,(anonymous_5)
FNDA:0,(anonymous_6)
FNDA:0,(anonymous_7)
FNDA:0,(anonymous_8)
FNDA:0,(anonymous_9)
FNDA:0,(anonymous_10)
FNDA:0,(anonymous_11)
FNDA:0,(anonymous_12)
FNDA:0,(anonymous_13)
FNDA:0,(anonymous_14)
FNDA:0,(anonymous_15)
FNDA:0,(anonymous_16)
FNDA:0,(anonymous_17)
FNDA:0,(anonymous_18)
FNDA:0,(anonymous_19)
FNDA:0,(anonymous_20)
FNDA:0,(anonymous_21)
FNDA:0,(anonymous_22)
FNDA:0,(anonymous_23)
DA:40,0
DA:41,0
DA:42,0
DA:43,0
DA:44,0
DA:45,0
DA:46,0
DA:47,0
DA:48,0
DA:49,0
DA:52,0
DA:53,0
DA:56,0
DA:57,0
DA:58,0
DA:59,0
DA:63,0
DA:64,0
DA:65,0
DA:66,0
DA:69,0
DA:70,0
DA:71,0
DA:72,0
DA:75,0
DA:76,0
DA:77,0
DA:78,0
DA:79,0
DA:80,0
DA:81,0
DA:82,0
DA:86,0
DA:87,0
DA:88,0
DA:90,0
DA:91,0
DA:92,0
DA:96,0
DA:97,0
DA:98,0
DA:99,0
DA:100,0
DA:102,0
DA:103,0
DA:107,0
DA:108,0
DA:114,0
DA:115,0
DA:116,0
DA:122,0
DA:123,0
DA:124,0
DA:127,0
DA:128,0
DA:130,0
DA:132,0
DA:134,0
DA:136,0
DA:140,0
DA:141,0
DA:144,0
DA:145,0
DA:148,0
DA:149,0
DA:152,0
DA:181,0
DA:192,0
DA:210,0
DA:211,0
DA:213,0
DA:220,0
DA:222,0
DA:224,0
DA:262,0
DA:274,0
LF:76
LH:0
BRDA:45,0,0,0
BRDA:45,0,1,0
BRDA:78,1,0,0
BRDA:78,1,1,0
BRDA:92,2,0,0
BRDA:92,2,1,0
BRDA:99,3,0,0
BRDA:99,3,1,0
BRDA:108,4,0,0
BRDA:108,4,1,0
BRDA:108,5,0,0
BRDA:108,5,1,0
BRDA:116,6,0,0
BRDA:116,6,1,0
BRDA:116,7,0,0
BRDA:116,7,1,0
BRDA:128,8,0,0
BRDA:128,8,1,0
BRDA:128,8,2,0
BRDA:128,8,3,0
BRDA:145,9,0,0
BRDA:145,9,1,0
BRDA:194,10,0,0
BRDA:194,10,1,0
BRDA:202,11,0,0
BRDA:202,11,1,0
BRDA:211,12,0,0
BRDA:211,12,1,0
BRDA:216,13,0,0
BRDA:216,13,1,0
BRDA:229,14,0,0
BRDA:229,14,1,0
BRDA:259,15,0,0
BRDA:259,15,1,0
BRDA:271,16,0,0
BRDA:271,16,1,0
BRF:36
BRH:0
end_of_record
TN:
SF:src\i18n\translations.ts
FNF:0
FNH:0
DA:1,0
DA:7,0
DA:9,0
LF:3
LH:0
BRF:0
BRH:0
end_of_record
TN:
SF:src\i18n\utils.ts
FN:5,getLangFromUrl
FN:11,useTranslations
FN:12,t
FN:26,getLocalizedPath
FNF:4
FNH:0
FNDA:0,getLangFromUrl
FNDA:0,useTranslations
FNDA:0,t
FNDA:0,getLocalizedPath
DA:6,0
DA:7,0
DA:8,0
DA:12,0
DA:13,0
DA:14,0
DA:15,0
DA:16,0
DA:17,0
DA:19,0
DA:22,0
DA:28,0
DA:30,0
LF:13
LH:0
BRDA:7,0,0,0
BRDA:7,0,1,0
BRDA:16,1,0,0
BRDA:16,1,1,0
BRDA:16,2,0,0
BRDA:16,2,1,0
BRDA:16,2,2,0
BRDA:28,3,0,0
BRDA:28,3,1,0
BRF:9
BRH:0
end_of_record
TN:
SF:src\lib\stripe.ts
FNF:0
FNH:0
DA:3,0
DA:5,0
DA:6,0
DA:9,0
LF:4
LH:0
BRDA:5,0,0,0
BRDA:5,0,1,0
BRF:2
BRH:0
end_of_record
TN:
SF:src\lib\supabase-server.ts
FN:4,(anonymous_0)
FN:14,(anonymous_1)
FN:16,(anonymous_2)
FN:18,(anonymous_3)
FN:19,(anonymous_4)
FNF:5
FNH:0
FNDA:0,(anonymous_0)
FNDA:0,(anonymous_1)
FNDA:0,(anonymous_2)
FNDA:0,(anonymous_3)
FNDA:0,(anonymous_4)
DA:4,0
DA:5,0
DA:6,0
DA:8,0
DA:9,0
DA:12,0
DA:15,0
DA:16,0
DA:19,0
DA:20,0
LF:10
LH:0
BRDA:8,0,0,0
BRDA:8,0,1,0
BRDA:8,1,0,0
BRDA:8,1,1,0
BRDA:15,2,0,0
BRDA:15,2,1,0
BRDA:16,3,0,0
BRDA:16,3,1,0
BRF:8
BRH:0
end_of_record
TN:
SF:src\lib\supabase.ts
FNF:0
FNH:0
DA:3,0
DA:4,0
DA:6,0
DA:7,0
DA:12,0
LF:5
LH:0
BRDA:6,0,0,0
BRDA:6,0,1,0
BRDA:6,1,0,0
BRDA:6,1,1,0
BRF:4
BRH:0
end_of_record
TN:
SF:src\lib\email\client.ts
FNF:0
FNH:0
DA:7,10
DA:9,10
DA:10,10
DA:13,10
DA:15,10
LF:5
LH:5
BRDA:7,0,0,10
BRDA:7,0,1,10
BRDA:9,1,0,10
BRDA:9,1,1,0
BRDA:13,2,0,10
BRDA:13,2,1,10
BRDA:15,3,0,10
BRDA:15,3,1,10
BRDA:15,3,2,10
BRF:9
BRH:8
end_of_record
TN:
SF:src\lib\email\index.ts
FNF:0
FNH:0
LF:0
LH:0
BRF:0
BRH:0
end_of_record
TN:
SF:src\lib\email\send.ts
FN:21,sendWelcomeEmail
FN:51,sendClassConfirmation
FN:85,sendClassReminder
FN:115,sendClassCancelled
FN:145,sendClassConfirmationToBoth
FN:175,sendClassCancelledToBoth
FNF:6
FNH:0
FNDA:0,sendWelcomeEmail
FNDA:0,sendClassConfirmation
FNDA:0,sendClassReminder
FNDA:0,sendClassCancelled
FNDA:0,sendClassConfirmationToBoth
FNDA:0,sendClassCancelledToBoth
DA:25,0
DA:26,0
DA:33,0
DA:34,0
DA:35,0
DA:38,0
DA:39,0
DA:41,0
DA:43,0
DA:55,0
DA:56,0
DA:60,0
DA:67,0
DA:68,0
DA:69,0
DA:72,0
DA:73,0
DA:75,0
DA:77,0
DA:89,0
DA:90,0
DA:97,0
DA:98,0
DA:99,0
DA:102,0
DA:103,0
DA:105,0
DA:107,0
DA:119,0
DA:120,0
DA:127,0
DA:128,0
DA:129,0
DA:132,0
DA:133,0
DA:135,0
DA:137,0
DA:159,0
DA:167,0
DA:183,0
DA:189,0
LF:41
LH:0
BRDA:33,0,0,0
BRDA:33,0,1,0
BRDA:42,1,0,0
BRDA:42,1,1,0
BRDA:56,2,0,0
BRDA:56,2,1,0
BRDA:67,3,0,0
BRDA:67,3,1,0
BRDA:76,4,0,0
BRDA:76,4,1,0
BRDA:97,5,0,0
BRDA:97,5,1,0
BRDA:106,6,0,0
BRDA:106,6,1,0
BRDA:127,7,0,0
BRDA:127,7,1,0
BRDA:136,8,0,0
BRDA:136,8,1,0
BRF:18
BRH:0
end_of_record
TN:
SF:src\lib\email\templates.ts
FN:10,baseTemplate
FN:73,welcomeEmailTemplate
FN:131,classConfirmationTemplate
FN:208,classReminderTemplate
FN:268,classCancelledTemplate
FNF:5
FNH:0
FNDA:0,baseTemplate
FNDA:0,welcomeEmailTemplate
FNDA:0,classConfirmationTemplate
FNDA:0,classReminderTemplate
FNDA:0,classCancelledTemplate
DA:11,0
DA:13,0
DA:74,0
DA:113,0
DA:133,0
DA:135,0
DA:191,0
DA:209,0
DA:253,0
DA:269,0
DA:275,0
DA:309,0
LF:12
LH:0
BRDA:101,0,0,0
BRDA:101,0,1,0
BRDA:133,1,0,0
BRDA:133,1,1,0
BRDA:143,2,0,0
BRDA:143,2,1,0
BRDA:161,3,0,0
BRDA:161,3,1,0
BRDA:167,4,0,0
BRDA:167,4,1,0
BRDA:179,5,0,0
BRDA:179,5,1,0
BRDA:225,6,0,0
BRDA:225,6,1,0
BRDA:229,7,0,0
BRDA:229,7,1,0
BRDA:241,8,0,0
BRDA:241,8,1,0
BRDA:292,9,0,0
BRDA:292,9,1,0
BRF:20
BRH:0
end_of_record
TN:
SF:src\lib\google\auth.ts
FN:15,getAuthClient
FN:43,clearAuthCache
FN:50,testAuth
FNF:3
FNH:0
FNDA:0,getAuthClient
FNDA:0,clearAuthCache
FNDA:0,testAuth
DA:9,20
DA:16,0
DA:17,0
DA:20,0
DA:21,0
DA:22,0
DA:25,0
DA:26,0
DA:33,0
DA:35,0
DA:36,0
DA:44,0
DA:51,0
DA:52,0
DA:53,0
DA:54,0
DA:55,0
DA:57,0
DA:58,0
LF:19
LH:1
BRDA:16,0,0,0
BRDA:16,0,1,0
BRDA:21,1,0,0
BRDA:21,1,1,0
BRDA:35,2,0,0
BRDA:35,2,1,0
BRDA:57,3,0,0
BRDA:57,3,1,0
BRF:8
BRH:0
end_of_record
TN:
SF:src\lib\google\calendar.ts
FN:13,getCalendarClient
FN:42,createEventWithMeet
FN:65,(anonymous_2)
FN:86,(anonymous_3)
FN:109,getEvent
FN:128,updateEvent
FN:153,deleteEvent
FN:174,listUpcomingEvents
FN:219,buildClassDescription
FN:238,createClassEvent
FN:301,cancelClassEvent
FN:308,updateCalendarEvent
FNF:12
FNH:0
FNDA:0,getCalendarClient
FNDA:0,createEventWithMeet
FNDA:0,(anonymous_2)
FNDA:0,(anonymous_3)
FNDA:0,getEvent
FNDA:0,updateEvent
FNDA:0,deleteEvent
FNDA:0,listUpcomingEvents
FNDA:0,buildClassDescription
FNDA:0,createClassEvent
FNDA:0,cancelClassEvent
FNDA:0,updateCalendarEvent
DA:8,19
DA:14,0
DA:15,0
DA:18,0
DA:19,0
DA:20,0
DA:43,0
DA:44,0
DA:46,0
DA:47,0
DA:65,0
DA:84,0
DA:85,0
DA:86,0
DA:89,0
DA:90,0
DA:91,0
DA:94,0
DA:101,0
DA:102,0
DA:110,0
DA:112,0
DA:113,0
DA:118,0
DA:120,0
DA:121,0
DA:133,0
DA:135,0
DA:136,0
DA:142,0
DA:143,0
DA:145,0
DA:146,0
DA:154,0
DA:156,0
DA:157,0
DA:163,0
DA:164,0
DA:166,0
DA:167,0
DA:178,0
DA:180,0
DA:181,0
DA:189,0
DA:191,0
DA:192,0
DA:220,0
DA:222,0
DA:223,0
DA:226,0
DA:227,0
DA:230,0
DA:232,0
DA:239,0
DA:241,0
DA:242,0
DA:279,0
DA:280,0
DA:284,0
DA:285,0
DA:287,0
DA:293,0
DA:294,0
DA:302,0
DA:317,0
DA:319,0
DA:320,0
DA:322,0
DA:323,0
DA:329,0
DA:330,0
DA:336,0
DA:337,0
DA:340,0
DA:341,0
DA:344,0
DA:351,0
DA:352,0
DA:354,0
DA:356,0
LF:80
LH:1
BRDA:14,0,0,0
BRDA:14,0,1,0
BRDA:44,1,0,0
BRDA:44,1,1,0
BRDA:54,2,0,0
BRDA:54,2,1,0
BRDA:60,3,0,0
BRDA:60,3,1,0
BRDA:85,4,0,0
BRDA:85,4,1,0
BRDA:90,5,0,0
BRDA:90,5,1,0
BRDA:95,6,0,0
BRDA:95,6,1,0
BRDA:96,7,0,0
BRDA:96,7,1,0
BRDA:98,8,0,0
BRDA:98,8,1,0
BRDA:101,9,0,0
BRDA:101,9,1,0
BRDA:109,10,0,0
BRDA:120,11,0,0
BRDA:120,11,1,0
BRDA:131,12,0,0
BRDA:145,13,0,0
BRDA:145,13,1,0
BRDA:153,14,0,0
BRDA:166,15,0,0
BRDA:166,15,1,0
BRDA:175,16,0,0
BRDA:176,17,0,0
BRDA:189,18,0,0
BRDA:189,18,1,0
BRDA:191,19,0,0
BRDA:191,19,1,0
BRDA:222,20,0,0
BRDA:222,20,1,0
BRDA:226,21,0,0
BRDA:226,21,1,0
BRDA:280,22,0,0
BRDA:280,22,1,0
BRDA:280,22,2,0
BRDA:288,23,0,0
BRDA:288,23,1,0
BRDA:290,24,0,0
BRDA:290,24,1,0
BRDA:293,25,0,0
BRDA:293,25,1,0
BRDA:322,26,0,0
BRDA:322,26,1,0
BRDA:329,27,0,0
BRDA:329,27,1,0
BRDA:336,28,0,0
BRDA:336,28,1,0
BRDA:340,29,0,0
BRDA:340,29,1,0
BRDA:355,30,0,0
BRDA:355,30,1,0
BRF:58
BRH:0
end_of_record
TN:
SF:src\lib\google\class-document.ts
FN:28,formatDateSpanish
FN:38,createClassDocument
FN:88,addEntryToIndexDocument
FN:158,createClassDocumentsBatch
FN:180,linkRecordingToDocument
FNF:5
FNH:0
FNDA:0,formatDateSpanish
FNDA:0,createClassDocument
FNDA:0,addEntryToIndexDocument
FNDA:0,createClassDocumentsBatch
FNDA:0,linkRecordingToDocument
DA:29,0
DA:30,0
DA:31,0
DA:32,0
DA:41,0
DA:42,0
DA:45,0
DA:46,0
DA:48,0
DA:51,0
DA:52,0
DA:55,0
DA:61,0
DA:62,0
DA:65,0
DA:68,0
DA:71,0
DA:72,0
DA:75,0
DA:79,0
DA:93,0
DA:95,0
DA:97,0
DA:98,0
DA:101,0
DA:102,0
DA:105,0
DA:120,0
DA:121,0
DA:124,0
DA:125,0
DA:128,0
DA:148,0
DA:150,0
DA:151,0
DA:161,0
DA:163,0
DA:164,0
DA:165,0
DA:166,0
DA:168,0
DA:172,0
DA:184,0
DA:185,0
DA:188,0
DA:189,0
DA:192,0
DA:195,0
DA:209,0
DA:212,0
LF:50
LH:0
BRDA:51,0,0,0
BRDA:51,0,1,0
BRDA:61,1,0,0
BRDA:61,1,1,0
BRDA:76,2,0,0
BRDA:76,2,1,0
BRDA:98,3,0,0
BRDA:98,3,1,0
BRDA:121,4,0,0
BRDA:121,4,1,0
BRDA:189,5,0,0
BRDA:189,5,1,0
BRDA:213,6,0,0
BRDA:213,6,1,0
BRF:14
BRH:0
end_of_record
TN:
SF:src\lib\google\config.ts
FN:29,validateGoogleConfig
FNF:1
FNH:0
FNDA:0,validateGoogleConfig
DA:6,20
DA:30,0
DA:36,0
DA:38,0
DA:39,0
DA:40,0
DA:44,0
LF:7
LH:1
BRDA:8,0,0,20
BRDA:8,0,1,20
BRDA:9,1,0,20
BRDA:9,1,1,20
BRDA:12,2,0,20
BRDA:12,2,1,20
BRDA:15,3,0,20
BRDA:15,3,1,20
BRDA:16,4,0,20
BRDA:16,4,1,20
BRDA:39,5,0,0
BRDA:39,5,1,0
BRF:12
BRH:10
end_of_record
TN:
SF:src\lib\google\drive.ts
FN:14,getDriveClient
FN:27,findFolder
FN:50,createFolder
FN:75,findOrCreateFolder
FN:87,shareWithUser
FN:111,copyFile
FN:135,moveFile
FN:166,appendToDocument
FN:199,getFileLink
FN:218,listFilesInFolder
FNF:10
FNH:0
FNDA:0,getDriveClient
FNDA:0,findFolder
FNDA:0,createFolder
FNDA:0,findOrCreateFolder
FNDA:0,shareWithUser
FNDA:0,copyFile
FNDA:0,moveFile
FNDA:0,appendToDocument
FNDA:0,getFileLink
FNDA:0,listFilesInFolder
DA:9,10
DA:15,0
DA:16,0
DA:19,0
DA:20,0
DA:21,0
DA:28,0
DA:29,0
DA:31,0
DA:32,0
DA:34,0
DA:40,0
DA:42,0
DA:43,0
DA:51,0
DA:52,0
DA:54,0
DA:55,0
DA:64,0
DA:65,0
DA:67,0
DA:68,0
DA:76,0
DA:77,0
DA:78,0
DA:79,0
DA:81,0
DA:88,0
DA:90,0
DA:91,0
DA:101,0
DA:103,0
DA:104,0
DA:112,0
DA:114,0
DA:115,0
DA:124,0
DA:125,0
DA:127,0
DA:128,0
DA:136,0
DA:138,0
DA:140,0
DA:145,0
DA:148,0
DA:155,0
DA:156,0
DA:158,0
DA:159,0
DA:167,0
DA:169,0
DA:171,0
DA:172,0
DA:175,0
DA:189,0
DA:191,0
DA:192,0
DA:200,0
DA:202,0
DA:203,0
DA:208,0
DA:210,0
DA:211,0
DA:219,0
DA:221,0
DA:222,0
DA:228,0
DA:230,0
DA:231,0
LF:69
LH:1
BRDA:15,0,0,0
BRDA:15,0,1,0
BRDA:29,1,0,0
BRDA:29,1,1,0
BRDA:40,2,0,0
BRDA:40,2,1,0
BRDA:42,3,0,0
BRDA:42,3,1,0
BRDA:52,4,0,0
BRDA:52,4,1,0
BRDA:67,5,0,0
BRDA:67,5,1,0
BRDA:77,6,0,0
BRDA:77,6,1,0
BRDA:87,7,0,0
BRDA:103,8,0,0
BRDA:103,8,1,0
BRDA:127,9,0,0
BRDA:127,9,1,0
BRDA:145,10,0,0
BRDA:145,10,1,0
BRDA:158,11,0,0
BRDA:158,11,1,0
BRDA:172,12,0,0
BRDA:172,12,1,0
BRDA:191,13,0,0
BRDA:191,13,1,0
BRDA:208,14,0,0
BRDA:208,14,1,0
BRDA:210,15,0,0
BRDA:210,15,1,0
BRDA:228,16,0,0
BRDA:228,16,1,0
BRDA:230,17,0,0
BRDA:230,17,1,0
BRF:35
BRH:0
end_of_record
TN:
SF:src\lib\google\index.ts
FNF:0
FNH:0
LF:0
LH:0
BRF:0
BRH:0
end_of_record
TN:
SF:src\lib\google\recordings.ts
FN:28,formatDateSpanish
FN:39,findMeetRecordingsFolder
FN:62,findRecordingByMeetLink
FN:86,(anonymous_3)
FN:105,findLevelFolder
FN:127,renameFile
FN:149,processClassRecording
FN:223,checkRecordingsAvailable
FNF:8
FNH:0
FNDA:0,formatDateSpanish
FNDA:0,findMeetRecordingsFolder
FNDA:0,findRecordingByMeetLink
FNDA:0,(anonymous_3)
FNDA:0,findLevelFolder
FNDA:0,renameFile
FNDA:0,processClassRecording
FNDA:0,checkRecordingsAvailable
DA:29,0
DA:30,0
DA:31,0
DA:32,0
DA:40,0
DA:42,0
DA:43,0
DA:49,0
DA:50,0
DA:52,0
DA:54,0
DA:66,0
DA:68,0
DA:70,0
DA:71,0
DA:72,0
DA:73,0
DA:75,0
DA:78,0
DA:86,0
DA:87,0
DA:90,0
DA:91,0
DA:94,0
DA:96,0
DA:98,0
DA:106,0
DA:108,0
DA:109,0
DA:110,0
DA:116,0
DA:118,0
DA:120,0
DA:128,0
DA:130,0
DA:131,0
DA:135,0
DA:137,0
DA:152,0
DA:153,0
DA:156,0
DA:158,0
DA:159,0
DA:160,0
DA:164,0
DA:166,0
DA:167,0
DA:168,0
DA:172,0
DA:178,0
DA:179,0
DA:180,0
DA:184,0
DA:186,0
DA:187,0
DA:188,0
DA:192,0
DA:195,0
DA:196,0
DA:199,0
DA:201,0
DA:203,0
DA:211,0
DA:213,0
DA:224,0
DA:225,0
LF:66
LH:0
BRDA:50,0,0,0
BRDA:50,0,1,0
BRDA:53,1,0,0
BRDA:53,1,1,0
BRDA:71,2,0,0
BRDA:71,2,1,0
BRDA:90,3,0,0
BRDA:90,3,1,0
BRDA:91,4,0,0
BRDA:91,4,1,0
BRDA:97,5,0,0
BRDA:97,5,1,0
BRDA:116,6,0,0
BRDA:116,6,1,0
BRDA:119,7,0,0
BRDA:119,7,1,0
BRDA:138,8,0,0
BRDA:138,8,1,0
BRDA:158,9,0,0
BRDA:158,9,1,0
BRDA:166,10,0,0
BRDA:166,10,1,0
BRDA:178,11,0,0
BRDA:178,11,1,0
BRDA:186,12,0,0
BRDA:186,12,1,0
BRDA:212,13,0,0
BRDA:212,13,1,0
BRDA:215,14,0,0
BRDA:215,14,1,0
BRF:30
BRH:0
end_of_record
TN:
SF:src\lib\google\student-folder.ts
FN:36,createStudentFolderStructure
FN:117,createIndexDocument
FN:176,addLevelToStudent
FN:232,getStudentFolderStructure
FNF:4
FNH:0
FNDA:0,createStudentFolderStructure
FNDA:0,createIndexDocument
FNDA:0,addLevelToStudent
FNDA:0,getStudentFolderStructure
DA:39,0
DA:40,0
DA:42,0
DA:45,0
DA:46,0
DA:48,0
DA:49,0
DA:53,0
DA:54,0
DA:56,0
DA:57,0
DA:61,0
DA:63,0
DA:64,0
DA:68,0
DA:70,0
DA:71,0
DA:75,0
DA:83,0
DA:84,0
DA:85,0
DA:88,0
DA:93,0
DA:95,0
DA:97,0
DA:118,0
DA:119,0
DA:120,0
DA:123,0
DA:126,0
DA:132,0
DA:133,0
DA:134,0
DA:138,0
DA:146,0
DA:153,0
DA:167,0
DA:169,0
DA:187,0
DA:189,0
DA:192,0
DA:193,0
DA:195,0
DA:196,0
DA:200,0
DA:203,0
DA:206,0
DA:213,0
DA:237,0
DA:239,0
DA:241,0
DA:242,0
DA:244,0
DA:250,0
DA:251,0
DA:252,0
DA:253,0
DA:257,0
DA:259,0
DA:265,0
DA:266,0
DA:267,0
DA:268,0
DA:272,0
DA:274,0
DA:280,0
DA:283,0
DA:285,0
DA:291,0
DA:293,0
DA:295,0
DA:303,0
DA:305,0
LF:73
LH:0
BRDA:39,0,0,0
BRDA:40,1,0,0
BRDA:40,1,1,0
BRDA:48,2,0,0
BRDA:48,2,1,0
BRDA:56,3,0,0
BRDA:56,3,1,0
BRDA:63,4,0,0
BRDA:63,4,1,0
BRDA:70,5,0,0
BRDA:70,5,1,0
BRDA:89,6,0,0
BRDA:89,6,1,0
BRDA:133,7,0,0
BRDA:133,7,1,0
BRDA:187,8,0,0
BRDA:187,8,1,0
BRDA:195,9,0,0
BRDA:195,9,1,0
BRDA:251,10,0,0
BRDA:251,10,1,0
BRDA:266,11,0,0
BRDA:266,11,1,0
BRDA:298,12,0,0
BRDA:298,12,1,0
BRDA:299,13,0,0
BRDA:299,13,1,0
BRDA:304,14,0,0
BRDA:304,14,1,0
BRF:29
BRH:0
end_of_record
TN:
SF:src\pages\[lang]\blog\rss.xml.ts
FN:5,getStaticPaths
FN:13,GET
FN:18,(anonymous_2)
FN:24,(anonymous_3)
FNF:4
FNH:0
FNDA:0,getStaticPaths
FNDA:0,GET
FNDA:0,(anonymous_2)
FNDA:0,(anonymous_3)
DA:6,0
DA:14,0
DA:15,0
DA:18,0
DA:20,0
DA:25,0
DA:26,0
DA:27,0
LF:8
LH:0
BRDA:32,0,0,0
BRDA:32,0,1,0
BRF:2
BRH:0
end_of_record
TN:
SF:src\pages\api\create-checkout.ts
FN:5,(anonymous_0)
FNF:1
FNH:1
FNDA:4,(anonymous_0)
DA:5,2
DA:6,4
DA:8,4
DA:9,4
DA:11,4
DA:12,1
DA:19,3
DA:20,3
DA:22,3
DA:23,1
DA:30,2
DA:36,2
DA:37,0
DA:43,2
DA:46,2
DA:47,1
DA:54,1
DA:57,1
DA:64,2
DA:67,4
DA:86,2
DA:91,0
DA:92,0
LF:23
LH:20
BRDA:9,0,0,4
BRDA:11,1,0,1
BRDA:11,1,1,3
BRDA:22,2,0,1
BRDA:22,2,1,2
BRDA:36,3,0,0
BRDA:36,3,1,2
BRDA:36,4,0,2
BRDA:36,4,1,2
BRDA:46,5,0,1
BRDA:46,5,1,1
BRDA:48,6,0,1
BRDA:48,6,1,0
BRDA:64,7,0,2
BRDA:64,7,1,2
BRF:15
BRH:13
end_of_record
TN:
SF:src\pages\api\stripe-webhook.ts
FN:13,(anonymous_0)
FN:56,handleCheckoutCompleted
FN:140,createDriveFolderForStudent
FN:171,(anonymous_3)
FNF:4
FNH:3
FNDA:4,(anonymous_0)
FNDA:1,handleCheckoutCompleted
FNDA:1,createDriveFolderForStudent
FNDA:0,(anonymous_3)
DA:8,1
DA:9,1
DA:11,1
DA:13,1
DA:14,4
DA:16,4
DA:17,0
DA:18,0
DA:22,4
DA:23,4
DA:25,4
DA:26,1
DA:31,3
DA:32,3
DA:34,1
DA:35,1
DA:39,2
DA:40,1
DA:42,1
DA:43,1
DA:45,0
DA:50,2
DA:57,1
DA:59,1
DA:60,0
DA:61,0
DA:65,1
DA:71,1
DA:72,0
DA:73,0
DA:77,1
DA:78,1
DA:79,0
DA:80,1
DA:81,0
DA:85,1
DA:86,1
DA:87,1
DA:89,1
DA:92,1
DA:108,1
DA:109,0
DA:110,0
DA:114,1
DA:126,1
DA:127,0
DA:130,1
DA:133,1
DA:141,1
DA:142,1
DA:144,1
DA:159,0
DA:160,0
DA:161,0
DA:165,0
DA:166,0
DA:167,0
DA:171,0
DA:172,1
DA:174,1
DA:177,1
DA:185,0
DA:190,0
DA:191,0
DA:193,0
DA:194,0
DA:199,1
DA:204,1
DA:205,1
DA:211,0
DA:212,0
DA:213,0
DA:221,1
LF:73
LH:46
BRDA:16,0,0,0
BRDA:16,0,1,4
BRDA:25,1,0,1
BRDA:25,1,1,3
BRDA:39,2,0,1
BRDA:39,2,1,1
BRDA:57,3,0,1
BRDA:57,3,1,0
BRDA:59,4,0,0
BRDA:59,4,1,1
BRDA:59,5,0,1
BRDA:59,5,1,1
BRDA:71,6,0,0
BRDA:71,6,1,1
BRDA:71,7,0,1
BRDA:71,7,1,1
BRDA:78,8,0,0
BRDA:78,8,1,1
BRDA:80,9,0,0
BRDA:80,9,1,1
BRDA:108,10,0,0
BRDA:108,10,1,1
BRDA:126,11,0,0
BRDA:126,11,1,1
BRDA:159,12,0,0
BRDA:159,12,1,0
BRDA:159,13,0,0
BRDA:159,13,1,0
BRDA:165,14,0,0
BRDA:165,14,1,0
BRDA:172,15,0,1
BRDA:172,15,1,0
BRDA:174,16,0,1
BRDA:174,16,1,0
BRDA:178,17,0,1
BRDA:178,17,1,0
BRDA:178,17,2,0
BRDA:190,18,0,0
BRDA:190,18,1,0
BRDA:200,19,0,1
BRDA:200,19,1,0
BRDA:211,20,0,0
BRDA:211,20,1,0
BRDA:212,21,0,0
BRDA:212,21,1,0
BRDA:214,22,0,0
BRDA:214,22,1,0
BRDA:215,23,0,0
BRDA:215,23,1,0
BRDA:215,23,2,0
BRDA:217,24,0,0
BRDA:217,24,1,0
BRDA:222,25,0,1
BRDA:222,25,1,0
BRF:54
BRH:21
end_of_record
TN:
SF:src\pages\api\update-student-notes.ts
FN:4,(anonymous_0)
FNF:1
FNH:1
FNDA:7,(anonymous_0)
DA:4,2
DA:5,7
DA:6,7
DA:7,7
DA:9,7
DA:10,1
DA:17,6
DA:18,6
DA:20,6
DA:21,1
DA:28,5
DA:34,5
DA:35,1
DA:42,4
DA:43,3
DA:50,3
DA:51,2
DA:59,2
DA:64,2
DA:65,0
DA:66,0
DA:72,2
DA:77,0
DA:78,0
LF:24
LH:20
BRDA:9,0,0,1
BRDA:9,0,1,6
BRDA:20,1,0,1
BRDA:20,1,1,5
BRDA:34,2,0,1
BRDA:34,2,1,4
BRDA:34,3,0,5
BRDA:34,3,1,5
BRDA:34,3,2,2
BRDA:42,4,0,3
BRDA:42,4,1,1
BRDA:50,5,0,2
BRDA:50,5,1,1
BRDA:61,6,0,2
BRDA:61,6,1,0
BRDA:64,7,0,0
BRDA:64,7,1,2
BRF:17
BRH:15
end_of_record
TN:
SF:src\pages\api\account\create-portal-session.ts
FN:5,(anonymous_0)
FNF:1
FNH:1
FNDA:3,(anonymous_0)
DA:5,1
DA:6,3
DA:8,3
DA:9,3
DA:11,3
DA:12,1
DA:19,2
DA:25,2
DA:26,1
DA:33,1
DA:36,3
DA:41,1
DA:46,0
DA:47,0
LF:14
LH:12
BRDA:11,0,0,1
BRDA:11,0,1,2
BRDA:25,1,0,1
BRDA:25,1,1,1
BRDA:33,2,0,1
BRDA:33,2,1,0
BRF:6
BRH:5
end_of_record
TN:
SF:src\pages\api\account\update-profile.ts
FN:4,(anonymous_0)
FNF:1
FNH:1
FNDA:2,(anonymous_0)
DA:4,1
DA:5,2
DA:6,2
DA:7,2
DA:10,2
DA:11,2
DA:13,2
DA:14,1
DA:21,1
DA:32,1
DA:33,0
DA:34,0
DA:40,1
DA:45,0
DA:46,0
LF:15
LH:11
BRDA:13,0,0,1
BRDA:13,0,1,1
BRDA:24,1,0,1
BRDA:24,1,1,0
BRDA:25,2,0,2
BRDA:25,2,1,0
BRDA:26,3,0,2
BRDA:26,3,1,0
BRDA:27,4,0,2
BRDA:27,4,1,0
BRDA:32,5,0,0
BRDA:32,5,1,1
BRF:12
BRH:7
end_of_record
TN:
SF:src\pages\api\admin\assign-teacher.ts
FN:4,(anonymous_0)
FNF:1
FNH:1
FNDA:4,(anonymous_0)
DA:4,2
DA:5,4
DA:6,4
DA:7,4
DA:9,4
DA:10,1
DA:17,3
DA:18,3
DA:20,3
DA:21,1
DA:28,2
DA:34,2
DA:35,1
DA:42,1
DA:43,1
DA:51,1
DA:58,1
DA:60,0
DA:65,0
DA:66,0
DA:67,0
DA:74,1
DA:82,1
DA:83,0
DA:84,0
DA:91,1
DA:96,0
DA:97,0
LF:28
LH:20
BRDA:9,0,0,1
BRDA:9,0,1,3
BRDA:9,1,0,4
BRDA:9,1,1,4
BRDA:20,2,0,1
BRDA:20,2,1,2
BRDA:34,3,0,1
BRDA:34,3,1,1
BRDA:34,4,0,2
BRDA:34,4,1,2
BRDA:42,5,0,1
BRDA:42,5,1,0
BRDA:58,6,0,0
BRDA:58,6,1,1
BRDA:62,7,0,0
BRDA:62,7,1,0
BRDA:65,8,0,0
BRDA:65,8,1,0
BRDA:79,9,0,1
BRDA:79,9,1,0
BRDA:82,10,0,0
BRDA:82,10,1,1
BRF:22
BRH:14
end_of_record
TN:
SF:src\pages\api\admin\remove-teacher.ts
FN:4,(anonymous_0)
FNF:1
FNH:1
FNDA:5,(anonymous_0)
DA:4,2
DA:5,5
DA:6,5
DA:7,5
DA:9,5
DA:10,1
DA:17,4
DA:18,4
DA:20,4
DA:21,1
DA:28,3
DA:34,3
DA:35,1
DA:42,2
DA:48,2
DA:49,0
DA:50,0
DA:56,2
DA:61,0
DA:62,0
LF:20
LH:16
BRDA:9,0,0,1
BRDA:9,0,1,4
BRDA:9,1,0,5
BRDA:9,1,1,5
BRDA:20,2,0,1
BRDA:20,2,1,3
BRDA:34,3,0,1
BRDA:34,3,1,2
BRDA:34,4,0,3
BRDA:34,4,1,3
BRDA:48,5,0,0
BRDA:48,5,1,2
BRF:12
BRH:11
end_of_record
TN:
SF:src\pages\api\calendar\available-slots.ts
FN:4,(anonymous_0)
FNF:1
FNH:0
FNDA:0,(anonymous_0)
DA:4,0
DA:5,0
DA:6,0
DA:8,0
DA:9,0
DA:12,0
DA:13,0
DA:14,0
DA:15,0
DA:17,0
DA:18,0
DA:22,0
DA:28,0
DA:29,0
DA:30,0
DA:33,0
LF:16
LH:0
BRDA:8,0,0,0
BRDA:8,0,1,0
BRDA:15,1,0,0
BRDA:15,1,1,0
BRDA:17,2,0,0
BRDA:17,2,1,0
BRDA:17,3,0,0
BRDA:17,3,1,0
BRDA:28,4,0,0
BRDA:28,4,1,0
BRDA:33,5,0,0
BRDA:33,5,1,0
BRF:12
BRH:0
end_of_record
TN:
SF:src\pages\api\calendar\session-action.ts
FN:5,(anonymous_0)
FNF:1
FNH:1
FNDA:10,(anonymous_0)
DA:5,10
DA:6,10
DA:7,10
DA:9,10
DA:10,1
DA:13,9
DA:19,9
DA:20,9
DA:22,9
DA:23,2
DA:27,7
DA:33,7
DA:34,1
DA:39,6
DA:43,10
DA:44,2
DA:55,4
DA:56,4
DA:57,4
DA:59,4
DA:61,2
DA:62,0
DA:64,2
DA:65,2
DA:66,2
DA:67,2
DA:68,2
DA:72,1
DA:73,1
DA:74,1
DA:75,1
DA:77,1
DA:78,1
DA:83,0
DA:84,0
DA:85,0
DA:86,0
DA:87,0
DA:88,0
DA:91,0
DA:92,0
DA:94,0
DA:95,0
DA:96,0
DA:97,0
DA:100,0
DA:101,0
DA:103,0
DA:104,0
DA:107,1
DA:111,2
DA:116,2
DA:117,0
DA:121,2
DA:122,2
DA:131,2
DA:132,0
DA:133,0
DA:134,0
DA:135,0
DA:137,0
DA:140,0
DA:145,2
LF:63
LH:39
BRDA:9,0,0,1
BRDA:9,0,1,9
BRDA:22,1,0,2
BRDA:22,1,1,7
BRDA:22,2,0,9
BRDA:22,2,1,8
BRDA:33,3,0,1
BRDA:33,3,1,6
BRDA:39,4,0,6
BRDA:39,4,1,5
BRDA:39,4,2,2
BRDA:39,4,3,3
BRDA:39,4,4,3
BRDA:39,4,5,3
BRDA:43,5,0,2
BRDA:43,5,1,8
BRDA:59,6,0,4
BRDA:59,6,1,1
BRDA:59,6,2,0
BRDA:59,6,3,0
BRDA:59,6,4,1
BRDA:61,7,0,0
BRDA:61,7,1,2
BRDA:66,8,0,1
BRDA:66,8,1,1
BRDA:72,9,0,1
BRDA:72,9,1,0
BRDA:77,10,0,1
BRDA:77,10,1,0
BRDA:86,11,0,0
BRDA:86,11,1,0
BRDA:91,12,0,0
BRDA:91,12,1,0
BRDA:100,13,0,0
BRDA:100,13,1,0
BRDA:103,14,0,0
BRDA:103,14,1,0
BRDA:116,15,0,0
BRDA:116,15,1,2
BRDA:121,16,0,2
BRDA:121,16,1,0
BRDA:121,17,0,2
BRDA:121,17,1,2
BRDA:125,18,0,2
BRDA:125,18,1,2
BRDA:131,19,0,0
BRDA:131,19,1,2
BRDA:131,20,0,2
BRDA:131,20,1,0
BRDA:134,21,0,0
BRDA:134,21,1,0
BRDA:141,22,0,0
BRDA:141,22,1,0
BRF:53
BRH:32
end_of_record
TN:
SF:src\pages\api\calendar\sessions.ts
FN:10,(anonymous_0)
FN:82,(anonymous_1)
FN:178,createClassDocumentForSession
FNF:3
FNH:2
FNDA:4,(anonymous_0)
FNDA:5,(anonymous_1)
FNDA:0,createClassDocumentForSession
DA:10,9
DA:11,4
DA:12,4
DA:14,4
DA:15,1
DA:18,3
DA:24,3
DA:25,3
DA:26,3
DA:27,3
DA:28,3
DA:29,3
DA:31,3
DA:45,3
DA:46,1
DA:47,2
DA:48,1
DA:53,3
DA:54,0
DA:56,3
DA:57,0
DA:59,3
DA:60,0
DA:62,3
DA:63,0
DA:65,3
DA:66,0
DA:69,3
DA:71,3
DA:72,0
DA:75,3
DA:82,9
DA:83,5
DA:84,5
DA:86,5
DA:87,1
DA:90,4
DA:97,4
DA:98,1
DA:101,3
DA:102,3
DA:104,3
DA:105,2
DA:109,1
DA:112,5
DA:122,1
DA:123,1
DA:126,0
DA:127,0
DA:131,0
DA:132,0
DA:134,0
DA:142,0
DA:143,0
DA:147,0
DA:161,0
DA:162,0
DA:166,0
DA:168,0
DA:184,0
DA:185,0
DA:186,0
DA:188,0
DA:190,0
DA:197,0
DA:203,0
DA:204,0
DA:205,0
DA:206,0
DA:207,0
DA:210,0
DA:211,0
DA:213,0
DA:219,0
DA:221,0
DA:230,0
DA:234,0
DA:236,0
DA:240,0
DA:244,0
DA:245,0
DA:246,0
DA:247,0
DA:249,0
DA:258,0
DA:260,0
DA:264,0
DA:268,0
DA:270,0
DA:271,0
DA:272,0
DA:275,0
DA:276,0
DA:277,0
DA:278,0
DA:281,0
DA:282,0
DA:287,0
DA:288,0
DA:290,0
DA:295,0
DA:296,0
DA:297,0
DA:303,0
DA:308,0
DA:321,0
DA:323,0
DA:329,0
LF:108
LH:41
BRDA:14,0,0,1
BRDA:14,0,1,3
BRDA:45,1,0,1
BRDA:45,1,1,2
BRDA:47,2,0,1
BRDA:47,2,1,1
BRDA:53,3,0,0
BRDA:53,3,1,3
BRDA:53,4,0,3
BRDA:53,4,1,0
BRDA:56,5,0,0
BRDA:56,5,1,3
BRDA:59,6,0,0
BRDA:59,6,1,3
BRDA:62,7,0,0
BRDA:62,7,1,3
BRDA:65,8,0,0
BRDA:65,8,1,3
BRDA:71,9,0,0
BRDA:71,9,1,3
BRDA:86,10,0,1
BRDA:86,10,1,4
BRDA:97,11,0,1
BRDA:97,11,1,3
BRDA:97,12,0,4
BRDA:97,12,1,4
BRDA:97,12,2,1
BRDA:102,13,0,3
BRDA:104,14,0,2
BRDA:104,14,1,1
BRDA:104,15,0,3
BRDA:104,15,1,2
BRDA:109,16,0,0
BRDA:109,16,1,1
BRDA:109,17,0,1
BRDA:109,17,1,0
BRDA:122,18,0,1
BRDA:122,18,1,0
BRDA:126,19,0,0
BRDA:126,19,1,0
BRDA:142,20,0,0
BRDA:142,20,1,0
BRDA:142,21,0,0
BRDA:142,21,1,0
BRDA:155,22,0,0
BRDA:155,22,1,0
BRDA:161,23,0,0
BRDA:161,23,1,0
BRDA:203,24,0,0
BRDA:203,24,1,0
BRDA:203,24,2,0
BRDA:204,25,0,0
BRDA:204,25,1,0
BRDA:205,26,0,0
BRDA:205,26,1,0
BRDA:206,27,0,0
BRDA:206,27,1,0
BRDA:210,28,0,0
BRDA:210,28,1,0
BRDA:219,29,0,0
BRDA:219,29,1,0
BRDA:228,30,0,0
BRDA:228,30,1,0
BRDA:237,31,0,0
BRDA:237,31,1,0
BRDA:244,32,0,0
BRDA:244,32,1,0
BRDA:244,33,0,0
BRDA:244,33,1,0
BRDA:247,34,0,0
BRDA:247,34,1,0
BRDA:256,35,0,0
BRDA:256,35,1,0
BRDA:261,36,0,0
BRDA:261,36,1,0
BRDA:270,37,0,0
BRDA:270,37,1,0
BRDA:275,38,0,0
BRDA:275,38,1,0
BRDA:281,39,0,0
BRDA:281,39,1,0
BRDA:287,40,0,0
BRDA:287,40,1,0
BRDA:316,41,0,0
BRDA:316,41,1,0
BRDA:324,42,0,0
BRDA:324,42,1,0
BRDA:330,43,0,0
BRDA:330,43,1,0
BRF:89
BRH:28
end_of_record
TN:
SF:src\pages\api\email\send-test.ts
FN:14,(anonymous_0)
FNF:1
FNH:0
FNDA:0,(anonymous_0)
DA:14,0
DA:15,0
DA:18,0
DA:19,0
DA:20,0
DA:27,0
DA:33,0
DA:34,0
DA:42,0
DA:43,0
DA:45,0
DA:51,0
DA:53,0
DA:54,0
DA:60,0
DA:61,0
DA:62,0
DA:70,0
DA:72,0
DA:73,0
DA:75,0
DA:81,0
DA:84,0
DA:94,0
DA:97,0
DA:106,0
DA:109,0
DA:116,0
DA:119,0
DA:128,0
DA:129,0
LF:31
LH:0
BRDA:19,0,0,0
BRDA:19,0,1,0
BRDA:33,1,0,0
BRDA:33,1,1,0
BRDA:33,2,0,0
BRDA:33,2,1,0
BRDA:53,3,0,0
BRDA:53,3,1,0
BRDA:53,4,0,0
BRDA:53,4,1,0
BRDA:61,5,0,0
BRDA:61,5,1,0
BRDA:73,6,0,0
BRDA:73,6,1,0
BRDA:73,6,2,0
BRDA:73,6,3,0
BRDA:121,7,0,0
BRDA:121,7,1,0
BRDA:123,8,0,0
BRDA:123,8,1,0
BRDA:131,9,0,0
BRDA:131,9,1,0
BRF:22
BRH:0
end_of_record
TN:
SF:src\pages\api\google\create-student-folder.ts
FN:10,(anonymous_0)
FN:90,(anonymous_1)
FNF:2
FNH:0
FNDA:0,(anonymous_0)
FNDA:0,(anonymous_1)
DA:10,0
DA:11,0
DA:14,0
DA:15,0
DA:16,0
DA:23,0
DA:29,0
DA:30,0
DA:38,0
DA:39,0
DA:41,0
DA:47,0
DA:48,0
DA:49,0
DA:56,0
DA:71,0
DA:72,0
DA:79,0
DA:80,0
DA:90,0
DA:91,0
DA:93,0
DA:95,0
DA:103,0
DA:108,0
DA:109,0
DA:112,0
DA:121,0
DA:122,0
LF:29
LH:0
BRDA:15,0,0,0
BRDA:15,0,1,0
BRDA:29,1,0,0
BRDA:29,1,1,0
BRDA:29,2,0,0
BRDA:29,2,1,0
BRDA:48,3,0,0
BRDA:48,3,1,0
BRDA:71,4,0,0
BRDA:71,4,1,0
BRDA:71,5,0,0
BRDA:71,5,1,0
BRDA:79,6,0,0
BRDA:79,6,1,0
BRDA:91,7,0,0
BRDA:91,7,1,0
BRDA:96,8,0,0
BRDA:96,8,1,0
BRDA:96,8,2,0
BRDA:108,9,0,0
BRDA:108,9,1,0
BRDA:124,10,0,0
BRDA:124,10,1,0
BRF:23
BRH:0
end_of_record
TN:
SF:src\pages\api\google\process-recording.ts
FN:11,(anonymous_0)
FNF:1
FNH:0
FNDA:0,(anonymous_0)
DA:11,0
DA:12,0
DA:15,0
DA:16,0
DA:17,0
DA:24,0
DA:30,0
DA:31,0
DA:39,0
DA:40,0
DA:42,0
DA:48,0
DA:49,0
DA:50,0
DA:57,0
DA:74,0
DA:75,0
DA:81,0
DA:82,0
DA:83,0
DA:92,0
DA:93,0
DA:94,0
DA:103,0
DA:104,0
DA:107,0
DA:116,0
DA:117,0
DA:120,0
LF:29
LH:0
BRDA:16,0,0,0
BRDA:16,0,1,0
BRDA:30,1,0,0
BRDA:30,1,1,0
BRDA:30,2,0,0
BRDA:30,2,1,0
BRDA:49,3,0,0
BRDA:49,3,1,0
BRDA:74,4,0,0
BRDA:74,4,1,0
BRDA:74,5,0,0
BRDA:74,5,1,0
BRDA:81,6,0,0
BRDA:81,6,1,0
BRDA:82,7,0,0
BRDA:82,7,1,0
BRDA:93,8,0,0
BRDA:93,8,1,0
BRDA:103,9,0,0
BRDA:103,9,1,0
BRDA:103,9,2,0
BRDA:116,10,0,0
BRDA:116,10,1,0
BRDA:116,11,0,0
BRDA:116,11,1,0
BRDA:116,11,2,0
BRDA:123,12,0,0
BRDA:123,12,1,0
BRDA:125,13,0,0
BRDA:125,13,1,0
BRF:30
BRH:0
end_of_record
TN:
SF:src\pages\api\teacher\availability.ts
FN:5,(anonymous_0)
FN:49,(anonymous_1)
FN:105,(anonymous_2)
FNF:3
FNH:0
FNDA:0,(anonymous_0)
FNDA:0,(anonymous_1)
FNDA:0,(anonymous_2)
DA:5,0
DA:6,0
DA:7,0
DA:9,0
DA:10,0
DA:14,0
DA:20,0
DA:21,0
DA:25,0
DA:26,0
DA:30,0
DA:38,0
DA:39,0
DA:42,0
DA:49,0
DA:50,0
DA:51,0
DA:53,0
DA:54,0
DA:57,0
DA:63,0
DA:64,0
DA:67,0
DA:68,0
DA:71,0
DA:74,0
DA:75,0
DA:78,0
DA:90,0
DA:92,0
DA:93,0
DA:95,0
DA:98,0
DA:105,0
DA:106,0
DA:107,0
DA:109,0
DA:110,0
DA:113,0
DA:119,0
DA:120,0
DA:123,0
DA:124,0
DA:126,0
DA:127,0
DA:131,0
DA:137,0
DA:138,0
DA:141,0
LF:49
LH:0
BRDA:9,0,0,0
BRDA:9,0,1,0
BRDA:20,1,0,0
BRDA:20,1,1,0
BRDA:20,2,0,0
BRDA:20,2,1,0
BRDA:20,2,2,0
BRDA:26,3,0,0
BRDA:26,3,1,0
BRDA:27,4,0,0
BRDA:27,4,1,0
BRDA:38,5,0,0
BRDA:38,5,1,0
BRDA:53,6,0,0
BRDA:53,6,1,0
BRDA:63,7,0,0
BRDA:63,7,1,0
BRDA:63,8,0,0
BRDA:63,8,1,0
BRDA:63,8,2,0
BRDA:71,9,0,0
BRDA:71,9,1,0
BRDA:71,10,0,0
BRDA:71,10,1,0
BRDA:74,11,0,0
BRDA:74,11,1,0
BRDA:74,12,0,0
BRDA:74,12,1,0
BRDA:74,12,2,0
BRDA:90,13,0,0
BRDA:90,13,1,0
BRDA:92,14,0,0
BRDA:92,14,1,0
BRDA:109,15,0,0
BRDA:109,15,1,0
BRDA:119,16,0,0
BRDA:119,16,1,0
BRDA:119,17,0,0
BRDA:119,17,1,0
BRDA:119,17,2,0
BRDA:126,18,0,0
BRDA:126,18,1,0
BRDA:135,19,0,0
BRDA:135,19,1,0
BRDA:135,20,0,0
BRDA:135,20,1,0
BRDA:137,21,0,0
BRDA:137,21,1,0
BRF:48
BRH:0
end_of_record
